#
# There is insufficient memory for the Java Runtime Environment to continue.
# Native memory allocation (malloc) failed to allocate 1048576 bytes for AllocateHeap
# Possible reasons:
#   The system is out of physical RAM or swap space
#   The process is running with CompressedOops enabled, and the Java Heap may be blocking the growth of the native heap
# Possible solutions:
#   Reduce memory load on the system
#   Increase physical memory or swap space
#   Check if swap backing store is full
#   Decrease Java heap size (-Xmx/-Xms)
#   Decrease number of Java threads
#   Decrease Java thread stack sizes (-Xss)
#   Set larger code cache with -XX:ReservedCodeCacheSize=
#   JVM is running with Unscaled Compressed Oops mode in which the Java heap is
#     placed in the first 4GB address space. The Java Heap base address is the
#     maximum limit for the native heap growth. Please use -XX:HeapBaseMinAddress
#     to set the Java Heap base and to place the Java Heap above 4GB virtual address.
# This output file may be truncated or incomplete.
#
#  Out of Memory Error (./src/hotspot/share/memory/allocation.cpp:46), pid=22104, tid=22232
#
# JRE version: OpenJDK Runtime Environment (11.0.12+7) (build 11.0.12+7-b1504.28-7817840)
# Java VM: OpenJDK 64-Bit Server VM (11.0.12+7-b1504.28-7817840, mixed mode, tiered, compressed oops, g1 gc, windows-amd64)
# No core dump will be written. Minidumps are not enabled by default on client versions of Windows
#

---------------  S U M M A R Y ------------

Command Line: --add-opens=java.base/java.util=ALL-UNNAMED --add-opens=java.base/java.lang=ALL-UNNAMED --add-opens=java.base/java.lang.invoke=ALL-UNNAMED --add-opens=java.base/java.util=ALL-UNNAMED --add-opens=java.prefs/java.util.prefs=ALL-UNNAMED --add-opens=java.prefs/java.util.prefs=ALL-UNNAMED --add-opens=java.base/java.nio.charset=ALL-UNNAMED --add-opens=java.base/java.net=ALL-UNNAMED --add-opens=java.base/java.util.concurrent.atomic=ALL-UNNAMED -Xmx2048m -Dfile.encoding=UTF-8 -Duser.country=KR -Duser.language=ko -Duser.variant org.gradle.launcher.daemon.bootstrap.GradleDaemon 7.3.3

Host: Intel(R) Core(TM) i3-6100U CPU @ 2.30GHz, 4 cores, 11G,  Windows 10 , 64 bit Build 18362 (10.0.18362.1316)
Time: Wed Jul 13 08:45:09 2022 ¢¥eCN©öI¡¾©ö C¡ÍA¨ª¨öA elapsed time: 70.007985 seconds (0d 0h 1m 10s)

---------------  T H R E A D  ---------------

Current thread (0x0000023175954000):  VMThread "VM Thread" [stack: 0x000000b955600000,0x000000b955700000] [id=22232]

Stack: [0x000000b955600000,0x000000b955700000]
[error occurred during error reporting (printing stack bounds), id 0xc0000005, EXCEPTION_ACCESS_VIOLATION (0xc0000005) at pc=0x000002315f02112d]

Native frames: (J=compiled Java code, j=interpreted, Vv=VM code, C=native code)
V  [jvm.dll+0x5fbcea]
V  [jvm.dll+0x731905]
V  [jvm.dll+0x732f1d]
V  [jvm.dll+0x733535]
V  [jvm.dll+0x7334eb]
V  [jvm.dll+0x5fb080]
V  [jvm.dll+0x5fb818]
C  [ntdll.dll+0xa184f]
C  [ntdll.dll+0x6a889]
C  [ntdll.dll+0xa04be]
C  0x000002315f02112d

VM_Operation (0x000000b954dfa3f0): CollectForMetadataAllocation, mode: safepoint, requested by thread 0x000002317c804000


---------------  P R O C E S S  ---------------

Threads class SMR info:
_java_thread_list=0x0000023179acb640, length=90, elements={
0x000002315b51f000, 0x000002317514b000, 0x000002317514d000, 0x00000231759c2800,
0x00000231759c4800, 0x00000231759c7800, 0x00000231759ca800, 0x00000231759df000,
0x0000023175a31000, 0x0000023175b54800, 0x0000023175e64800, 0x00000231779b9800,
0x00000231781a1000, 0x0000023175b7b000, 0x000002317703a000, 0x0000023176ce7000,
0x00000231774aa000, 0x00000231774e7000, 0x0000023175d3d800, 0x00000231761dd800,
0x00000231761de800, 0x00000231761d9800, 0x00000231761dc000, 0x00000231761dd000,
0x00000231761d8800, 0x00000231761df800, 0x00000231761da800, 0x00000231761db000,
0x0000023176022800, 0x0000023176026000, 0x0000023176021800, 0x0000023176023800,
0x000002317602b800, 0x000002317602c800, 0x0000023176029000, 0x0000023176027800,
0x000002317602a000, 0x000002317602a800, 0x0000023176026800, 0x000002317602f000,
0x000002317602d000, 0x000002317602e000, 0x000002317adbe000, 0x000002317adb8000,
0x000002317adbb800, 0x000002317adbc800, 0x000002317adbd000, 0x000002317adba000,
0x000002317adbe800, 0x000002317adb9000, 0x000002317adbf800, 0x000002317adc0800,
0x000002317adba800, 0x000002317adc5800, 0x000002317adc7000, 0x000002317adc3000,
0x000002317adc2000, 0x000002317adc6000, 0x000002317adc1000, 0x000002317adc3800,
0x000002317adc4800, 0x000002317aefc800, 0x000002317aefa000, 0x000002317aefb800,
0x000002317aefb000, 0x000002317aeff000, 0x000002317aefd800, 0x000002317aefe000,
0x000002317aef9800, 0x000002317af03000, 0x000002317af05800, 0x000002317af04800,
0x000002317af02800, 0x000002317af01800, 0x000002317af00000, 0x000002317af06800,
0x000002317af04000, 0x000002317af07000, 0x000002317c7ff800, 0x000002317c800000,
0x000002317c802800, 0x000002317c806800, 0x000002317c801000, 0x000002317c80a800,
0x000002317c80b800, 0x000002317c80a000, 0x000002317c80c800, 0x000002317c807800,
0x000002317c80e000, 0x000002317c804000
}

Java Threads: ( => current thread )
  0x000002315b51f000 JavaThread "main" [_thread_blocked, id=24404, stack(0x000000b955000000,0x000000b955100000)]
  0x000002317514b000 JavaThread "Reference Handler" daemon [_thread_blocked, id=25100, stack(0x000000b955700000,0x000000b955800000)]
  0x000002317514d000 JavaThread "Finalizer" daemon [_thread_blocked, id=23588, stack(0x000000b955800000,0x000000b955900000)]
  0x00000231759c2800 JavaThread "Signal Dispatcher" daemon [_thread_blocked, id=24208, stack(0x000000b955900000,0x000000b955a00000)]
  0x00000231759c4800 JavaThread "Attach Listener" daemon [_thread_blocked, id=21996, stack(0x000000b955a00000,0x000000b955b00000)]
  0x00000231759c7800 JavaThread "Service Thread" daemon [_thread_blocked, id=15524, stack(0x000000b955b00000,0x000000b955c00000)]
  0x00000231759ca800 JavaThread "C2 CompilerThread0" daemon [_thread_blocked, id=27860, stack(0x000000b955c00000,0x000000b955d00000)]
  0x00000231759df000 JavaThread "C1 CompilerThread0" daemon [_thread_blocked, id=9052, stack(0x000000b955d00000,0x000000b955e00000)]
  0x0000023175a31000 JavaThread "Sweeper thread" daemon [_thread_blocked, id=22600, stack(0x000000b955e00000,0x000000b955f00000)]
  0x0000023175b54800 JavaThread "Common-Cleaner" daemon [_thread_blocked, id=27732, stack(0x000000b955f00000,0x000000b956000000)]
  0x0000023175e64800 JavaThread "Daemon health stats" [_thread_blocked, id=18336, stack(0x000000b956500000,0x000000b956600000)]
  0x00000231779b9800 JavaThread "Incoming local TCP Connector on port 64999" [_thread_in_native, id=26072, stack(0x000000b956100000,0x000000b956200000)]
  0x00000231781a1000 JavaThread "Daemon periodic checks" [_thread_blocked, id=25320, stack(0x000000b956600000,0x000000b956700000)]
  0x0000023175b7b000 JavaThread "Daemon" [_thread_blocked, id=13664, stack(0x000000b956700000,0x000000b956800000)]
  0x000002317703a000 JavaThread "Handler for socket connection from /127.0.0.1:64999 to /127.0.0.1:65000" [_thread_in_native, id=27320, stack(0x000000b956800000,0x000000b956900000)]
  0x0000023176ce7000 JavaThread "Cancel handler" [_thread_blocked, id=10764, stack(0x000000b956900000,0x000000b956a00000)]
  0x00000231774aa000 JavaThread "Daemon worker" [_thread_blocked, id=8772, stack(0x000000b956a00000,0x000000b956b00000)]
  0x00000231774e7000 JavaThread "Asynchronous log dispatcher for DefaultDaemonConnection: socket connection from /127.0.0.1:64999 to /127.0.0.1:65000" [_thread_blocked, id=18268, stack(0x000000b956b00000,0x000000b956c00000)]
  0x0000023175d3d800 JavaThread "Stdin handler" [_thread_blocked, id=5248, stack(0x000000b956c00000,0x000000b956d00000)]
  0x00000231761dd800 JavaThread "Daemon client event forwarder" [_thread_blocked, id=20512, stack(0x000000b956d00000,0x000000b956e00000)]
  0x00000231761de800 JavaThread "Cache worker for journal cache (C:\Users\admin\.gradle\caches\journal-1)" [_thread_blocked, id=24536, stack(0x000000b956f00000,0x000000b957000000)]
  0x00000231761d9800 JavaThread "File lock request listener" [_thread_in_native, id=21208, stack(0x000000b957000000,0x000000b957100000)]
  0x00000231761dc000 JavaThread "Cache worker for file hash cache (C:\Users\admin\.gradle\caches\7.3.3\fileHashes)" [_thread_blocked, id=15548, stack(0x000000b957100000,0x000000b957200000)]
  0x00000231761dd000 JavaThread "Cache worker for file hash cache (C:\Users\admin\Desktop\project_closet\.gradle\7.3.3\fileHashes)" [_thread_blocked, id=28044, stack(0x000000b957200000,0x000000b957300000)]
  0x00000231761d8800 JavaThread "File watcher server" daemon [_thread_blocked, id=17108, stack(0x000000b957300000,0x000000b957400000)]
  0x00000231761df800 JavaThread "File watcher consumer" daemon [_thread_blocked, id=21716, stack(0x000000b957400000,0x000000b957500000)]
  0x00000231761da800 JavaThread "Cache worker for checksums cache (C:\Users\admin\Desktop\project_closet\.gradle\7.3.3\checksums)" [_thread_blocked, id=4652, stack(0x000000b957500000,0x000000b957600000)]
  0x00000231761db000 JavaThread "Cache worker for cache directory md-supplier (C:\Users\admin\.gradle\caches\7.3.3\md-supplier)" [_thread_blocked, id=15248, stack(0x000000b957600000,0x000000b957700000)]
  0x0000023176022800 JavaThread "Cache worker for cache directory md-rule (C:\Users\admin\.gradle\caches\7.3.3\md-rule)" [_thread_blocked, id=2072, stack(0x000000b957700000,0x000000b957800000)]
  0x0000023176026000 JavaThread "Cache worker for execution history cache (C:\Users\admin\.gradle\caches\7.3.3\executionHistory)" [_thread_blocked, id=22168, stack(0x000000b957800000,0x000000b957900000)]
  0x0000023176021800 JavaThread "jar transforms" [_thread_blocked, id=15596, stack(0x000000b957900000,0x000000b957a00000)]
  0x0000023176023800 JavaThread "Cache worker for file content cache (C:\Users\admin\.gradle\caches\7.3.3\fileContent)" [_thread_blocked, id=19648, stack(0x000000b957a00000,0x000000b957b00000)]
  0x000002317602b800 JavaThread "jar transforms Thread 2" [_thread_blocked, id=26976, stack(0x000000b957b00000,0x000000b957c00000)]
  0x000002317602c800 JavaThread "Cache worker for dependencies-accessors (C:\Users\admin\Desktop\project_closet\.gradle\7.3.3\dependencies-accessors)" [_thread_blocked, id=13300, stack(0x000000b957c00000,0x000000b957d00000)]
  0x0000023176029000 JavaThread "jar transforms Thread 3" [_thread_blocked, id=19256, stack(0x000000b957d00000,0x000000b957e00000)]
  0x0000023176027800 JavaThread "Cache worker for Build Output Cleanup Cache (C:\Users\admin\Desktop\project_closet\.gradle\buildOutputCleanup)" [_thread_blocked, id=27064, stack(0x000000b956e00000,0x000000b956f00000)]
  0x000002317602a000 JavaThread "Unconstrained build operations" [_thread_blocked, id=19572, stack(0x000000b957f00000,0x000000b958000000)]
  0x000002317602a800 JavaThread "Unconstrained build operations Thread 2" [_thread_blocked, id=23972, stack(0x000000b958000000,0x000000b958100000)]
  0x0000023176026800 JavaThread "Unconstrained build operations Thread 3" [_thread_blocked, id=5792, stack(0x000000b958100000,0x000000b958200000)]
  0x000002317602f000 JavaThread "Unconstrained build operations Thread 4" [_thread_blocked, id=5488, stack(0x000000b958200000,0x000000b958300000)]
  0x000002317602d000 JavaThread "Unconstrained build operations Thread 5" [_thread_blocked, id=22656, stack(0x000000b958300000,0x000000b958400000)]
  0x000002317602e000 JavaThread "Unconstrained build operations Thread 6" [_thread_blocked, id=10004, stack(0x000000b958400000,0x000000b958500000)]
  0x000002317adbe000 JavaThread "Unconstrained build operations Thread 7" [_thread_blocked, id=15500, stack(0x000000b958500000,0x000000b958600000)]
  0x000002317adb8000 JavaThread "Unconstrained build operations Thread 8" [_thread_blocked, id=22328, stack(0x000000b958600000,0x000000b958700000)]
  0x000002317adbb800 JavaThread "Unconstrained build operations Thread 9" [_thread_blocked, id=20192, stack(0x000000b958700000,0x000000b958800000)]
  0x000002317adbc800 JavaThread "Unconstrained build operations Thread 10" [_thread_blocked, id=6232, stack(0x000000b958800000,0x000000b958900000)]
  0x000002317adbd000 JavaThread "Unconstrained build operations Thread 11" [_thread_blocked, id=3276, stack(0x000000b958900000,0x000000b958a00000)]
  0x000002317adba000 JavaThread "Unconstrained build operations Thread 12" [_thread_blocked, id=5944, stack(0x000000b958a00000,0x000000b958b00000)]
  0x000002317adbe800 JavaThread "Unconstrained build operations Thread 13" [_thread_blocked, id=17516, stack(0x000000b958b00000,0x000000b958c00000)]
  0x000002317adb9000 JavaThread "Unconstrained build operations Thread 14" [_thread_blocked, id=1000, stack(0x000000b958c00000,0x000000b958d00000)]
  0x000002317adbf800 JavaThread "Unconstrained build operations Thread 15" [_thread_blocked, id=25268, stack(0x000000b958d00000,0x000000b958e00000)]
  0x000002317adc0800 JavaThread "Unconstrained build operations Thread 16" [_thread_blocked, id=25124, stack(0x000000b958e00000,0x000000b958f00000)]
  0x000002317adba800 JavaThread "Unconstrained build operations Thread 17" [_thread_blocked, id=26864, stack(0x000000b958f00000,0x000000b959000000)]
  0x000002317adc5800 JavaThread "Unconstrained build operations Thread 18" [_thread_blocked, id=6196, stack(0x000000b959000000,0x000000b959100000)]
  0x000002317adc7000 JavaThread "Unconstrained build operations Thread 19" [_thread_blocked, id=20092, stack(0x000000b959100000,0x000000b959200000)]
  0x000002317adc3000 JavaThread "Unconstrained build operations Thread 20" [_thread_blocked, id=4244, stack(0x000000b959200000,0x000000b959300000)]
  0x000002317adc2000 JavaThread "Unconstrained build operations Thread 21" [_thread_blocked, id=22924, stack(0x000000b959300000,0x000000b959400000)]
  0x000002317adc6000 JavaThread "Unconstrained build operations Thread 22" [_thread_blocked, id=16568, stack(0x000000b959400000,0x000000b959500000)]
  0x000002317adc1000 JavaThread "Unconstrained build operations Thread 23" [_thread_blocked, id=8760, stack(0x000000b959500000,0x000000b959600000)]
  0x000002317adc3800 JavaThread "Unconstrained build operations Thread 24" [_thread_blocked, id=15516, stack(0x000000b959600000,0x000000b959700000)]
  0x000002317adc4800 JavaThread "Unconstrained build operations Thread 25" [_thread_blocked, id=13148, stack(0x000000b959700000,0x000000b959800000)]
  0x000002317aefc800 JavaThread "Unconstrained build operations Thread 26" [_thread_blocked, id=5864, stack(0x000000b959800000,0x000000b959900000)]
  0x000002317aefa000 JavaThread "Unconstrained build operations Thread 27" [_thread_blocked, id=27836, stack(0x000000b959900000,0x000000b959a00000)]
  0x000002317aefb800 JavaThread "Unconstrained build operations Thread 28" [_thread_blocked, id=20572, stack(0x000000b959a00000,0x000000b959b00000)]
  0x000002317aefb000 JavaThread "Unconstrained build operations Thread 29" [_thread_blocked, id=25352, stack(0x000000b959b00000,0x000000b959c00000)]
  0x000002317aeff000 JavaThread "Unconstrained build operations Thread 30" [_thread_blocked, id=16224, stack(0x000000b959c00000,0x000000b959d00000)]
  0x000002317aefd800 JavaThread "Unconstrained build operations Thread 31" [_thread_blocked, id=19340, stack(0x000000b959d00000,0x000000b959e00000)]
  0x000002317aefe000 JavaThread "Unconstrained build operations Thread 32" [_thread_blocked, id=16836, stack(0x000000b959e00000,0x000000b959f00000)]
  0x000002317aef9800 JavaThread "Unconstrained build operations Thread 33" [_thread_blocked, id=18292, stack(0x000000b959f00000,0x000000b95a000000)]
  0x000002317af03000 JavaThread "Unconstrained build operations Thread 34" [_thread_blocked, id=10892, stack(0x000000b95a000000,0x000000b95a100000)]
  0x000002317af05800 JavaThread "Unconstrained build operations Thread 35" [_thread_blocked, id=28216, stack(0x000000b95a100000,0x000000b95a200000)]
  0x000002317af04800 JavaThread "Unconstrained build operations Thread 36" [_thread_blocked, id=512, stack(0x000000b95a200000,0x000000b95a300000)]
  0x000002317af02800 JavaThread "Unconstrained build operations Thread 37" [_thread_blocked, id=22744, stack(0x000000b95a300000,0x000000b95a400000)]
  0x000002317af01800 JavaThread "Unconstrained build operations Thread 38" [_thread_blocked, id=22068, stack(0x000000b95a400000,0x000000b95a500000)]
  0x000002317af00000 JavaThread "Unconstrained build operations Thread 39" [_thread_blocked, id=4576, stack(0x000000b95a500000,0x000000b95a600000)]
  0x000002317af06800 JavaThread "Unconstrained build operations Thread 40" [_thread_blocked, id=6764, stack(0x000000b95a600000,0x000000b95a700000)]
  0x000002317af04000 JavaThread "jar transforms Thread 4" [_thread_blocked, id=19756, stack(0x000000b95a700000,0x000000b95a800000)]
  0x000002317af07000 JavaThread "Memory manager" [_thread_blocked, id=5636, stack(0x000000b95a800000,0x000000b95a900000)]
  0x000002317c7ff800 JavaThread "pool-3-thread-1" [_thread_blocked, id=17732, stack(0x000000b95a900000,0x000000b95aa00000)]
  0x000002317c800000 JavaThread "Cache worker for execution history cache (C:\Users\admin\Desktop\project_closet\.gradle\7.3.3\executionHistory)" [_thread_blocked, id=6184, stack(0x000000b95ae00000,0x000000b95af00000)]
  0x000002317c802800 JavaThread "Cache worker for Java compile cache (C:\Users\admin\.gradle\caches\7.3.3\javaCompile)" [_thread_blocked, id=6400, stack(0x000000b954e00000,0x000000b954f00000)]
  0x000002317c806800 JavaThread "Build operations" [_thread_blocked, id=18468, stack(0x000000b95b100000,0x000000b95b200000)]
  0x000002317c801000 JavaThread "Build operations Thread 2" [_thread_blocked, id=16472, stack(0x000000b95b200000,0x000000b95b300000)]
  0x000002317c80a800 JavaThread "Build operations Thread 3" [_thread_blocked, id=24444, stack(0x000000b95b300000,0x000000b95b400000)]
  0x000002317c80b800 JavaThread "Build operations Thread 4" [_thread_blocked, id=6984, stack(0x000000b95b400000,0x000000b95b500000)]
  0x000002317c80a000 JavaThread "WorkerExecutor Queue" [_thread_blocked, id=16684, stack(0x000000b95b600000,0x000000b95b700000)]
  0x000002317c80c800 JavaThread "WorkerExecutor Queue Thread 2" [_thread_blocked, id=21168, stack(0x000000b95b700000,0x000000b95b800000)]
  0x000002317c807800 JavaThread "WorkerExecutor Queue Thread 4" [_thread_blocked, id=26780, stack(0x000000b95b900000,0x000000b95ba00000)]
  0x000002317c80e000 JavaThread "WorkerExecutor Queue Thread 5" [_thread_blocked, id=22976, stack(0x000000b95ba00000,0x000000b95bb00000)]
  0x000002317c804000 JavaThread "pool-2-thread-1" [_thread_blocked, id=26040, stack(0x000000b954d00000,0x000000b954e00000)]

Other Threads:
=>0x0000023175954000 VMThread "VM Thread" [stack: 0x000000b955600000,0x000000b955700000] [id=22232]
  0x0000023175b76000 WatcherThread [stack: 0x000000b956000000,0x000000b956100000] [id=6076]
  0x000002315b537800 GCTaskThread "GC Thread#0" [stack: 0x000000b955100000,0x000000b955200000] [id=16676]
  0x000002317628f800 GCTaskThread "GC Thread#1" [stack: 0x000000b956200000,0x000000b956300000] [id=20796]
  0x0000023175b7d000 GCTaskThread "GC Thread#2" [stack: 0x000000b956300000,0x000000b956400000] [id=25080]
  0x000002317621d000 GCTaskThread "GC Thread#3" [stack: 0x000000b956400000,0x000000b956500000] [id=21396]
  0x000002315b568000 ConcurrentGCThread "G1 Main Marker" [stack: 0x000000b955200000,0x000000b955300000] [id=22408]
  0x000002315b569800 ConcurrentGCThread "G1 Conc#0" [stack: 0x000000b955300000,0x000000b955400000] [id=16340]
  0x0000023174f8f800 ConcurrentGCThread "G1 Refine#0" [stack: 0x000000b955400000,0x000000b955500000] [id=25028]
  0x0000023174f90800 ConcurrentGCThread "G1 Young RemSet Sampling" [stack: 0x000000b955500000,0x000000b955600000] [id=8732]

Threads with active compile tasks:
C2 CompilerThread0  70080 17728       4       java.lang.String$CaseInsensitiveComparator::compare (13 bytes)

VM state:at safepoint (normal execution)

VM Mutex/Monitor currently owned by a thread:  ([mutex/lock_event])
[0x000002315b51b3d0] Threads_lock - owner thread: 0x0000023175954000
[0x000002315b51b7c0] Heap_lock - owner thread: 0x000002317c804000

OutOfMemory and StackOverflow Exception counts:
OutOfMemoryError java_heap_errors=3
LinkageErrors=157

Heap address: 0x0000000080000000, size: 2048 MB, Compressed Oops mode: 32-bit
Narrow klass base: 0x0000000000000000, Narrow klass shift: 3
Compressed class space size: 1073741824 Address: 0x0000000100000000

Heap:
 garbage-first heap   total 284672K, used 115248K [0x0000000080000000, 0x0000000100000000)
  region size 1024K, 3 young (3072K), 3 survivors (3072K)
 Metaspace       used 116396K, capacity 119762K, committed 119864K, reserved 1171456K
  class space    used 14846K, capacity 16134K, committed 16228K, reserved 1048576K
Heap Regions: E=young(eden), S=young(survivor), O=old, HS=humongous(starts), HC=humongous(continues), CS=collection set, F=free, A=archive, TAMS=top-at-mark-start (previous, next)
|   0|0x0000000080000000, 0x0000000080100000, 0x0000000080100000|100%|HS|  |TAMS 0x0000000080100000, 0x0000000080100000| Complete 
|   1|0x0000000080100000, 0x0000000080200000, 0x0000000080200000|100%|HC|  |TAMS 0x0000000080200000, 0x0000000080200000| Complete 
|   2|0x0000000080200000, 0x0000000080300000, 0x0000000080300000|100%|HC|  |TAMS 0x0000000080300000, 0x0000000080300000| Complete 
|   3|0x0000000080300000, 0x0000000080400000, 0x0000000080400000|100%| O|  |TAMS 0x0000000080400000, 0x0000000080400000| Untracked 
|   4|0x0000000080400000, 0x0000000080500000, 0x0000000080500000|100%| O|  |TAMS 0x0000000080500000, 0x0000000080500000| Untracked 
|   5|0x0000000080500000, 0x0000000080600000, 0x0000000080600000|100%| O|  |TAMS 0x0000000080600000, 0x0000000080600000| Untracked 
|   6|0x0000000080600000, 0x0000000080700000, 0x0000000080700000|100%| O|  |TAMS 0x0000000080700000, 0x0000000080700000| Untracked 
|   7|0x0000000080700000, 0x0000000080800000, 0x0000000080800000|100%| O|  |TAMS 0x0000000080800000, 0x0000000080800000| Untracked 
|   8|0x0000000080800000, 0x0000000080900000, 0x0000000080900000|100%|HS|  |TAMS 0x0000000080900000, 0x0000000080900000| Complete 
|   9|0x0000000080900000, 0x0000000080a00000, 0x0000000080a00000|100%| O|  |TAMS 0x0000000080a00000, 0x0000000080a00000| Untracked 
|  10|0x0000000080a00000, 0x0000000080b00000, 0x0000000080b00000|100%| O|  |TAMS 0x0000000080b00000, 0x0000000080b00000| Untracked 
|  11|0x0000000080b00000, 0x0000000080c00000, 0x0000000080c00000|100%| O|  |TAMS 0x0000000080c00000, 0x0000000080c00000| Untracked 
|  12|0x0000000080c00000, 0x0000000080d00000, 0x0000000080d00000|100%| O|  |TAMS 0x0000000080d00000, 0x0000000080d00000| Untracked 
|  13|0x0000000080d00000, 0x0000000080e00000, 0x0000000080e00000|100%| O|  |TAMS 0x0000000080e00000, 0x0000000080e00000| Untracked 
|  14|0x0000000080e00000, 0x0000000080f00000, 0x0000000080f00000|100%| O|  |TAMS 0x0000000080f00000, 0x0000000080f00000| Untracked 
|  15|0x0000000080f00000, 0x0000000081000000, 0x0000000081000000|100%| O|  |TAMS 0x0000000081000000, 0x0000000081000000| Untracked 
|  16|0x0000000081000000, 0x0000000081100000, 0x0000000081100000|100%| O|  |TAMS 0x0000000081100000, 0x0000000081100000| Untracked 
|  17|0x0000000081100000, 0x0000000081200000, 0x0000000081200000|100%| O|  |TAMS 0x0000000081200000, 0x0000000081200000| Untracked 
|  18|0x0000000081200000, 0x0000000081300000, 0x0000000081300000|100%| O|  |TAMS 0x0000000081300000, 0x0000000081300000| Untracked 
|  19|0x0000000081300000, 0x0000000081400000, 0x0000000081400000|100%| O|  |TAMS 0x0000000081400000, 0x0000000081400000| Untracked 
|  20|0x0000000081400000, 0x0000000081500000, 0x0000000081500000|100%| O|  |TAMS 0x0000000081500000, 0x0000000081500000| Untracked 
|  21|0x0000000081500000, 0x0000000081600000, 0x0000000081600000|100%| O|  |TAMS 0x0000000081600000, 0x0000000081600000| Untracked 
|  22|0x0000000081600000, 0x0000000081700000, 0x0000000081700000|100%| O|  |TAMS 0x0000000081700000, 0x0000000081700000| Untracked 
|  23|0x0000000081700000, 0x0000000081800000, 0x0000000081800000|100%| O|  |TAMS 0x0000000081800000, 0x0000000081800000| Untracked 
|  24|0x0000000081800000, 0x0000000081900000, 0x0000000081900000|100%|HS|  |TAMS 0x0000000081900000, 0x0000000081900000| Complete 
|  25|0x0000000081900000, 0x0000000081a00000, 0x0000000081a00000|100%|HS|  |TAMS 0x0000000081a00000, 0x0000000081a00000| Complete 
|  26|0x0000000081a00000, 0x0000000081b00000, 0x0000000081b00000|100%|HC|  |TAMS 0x0000000081b00000, 0x0000000081b00000| Complete 
|  27|0x0000000081b00000, 0x0000000081c00000, 0x0000000081c00000|100%| O|  |TAMS 0x0000000081c00000, 0x0000000081c00000| Untracked 
|  28|0x0000000081c00000, 0x0000000081d00000, 0x0000000081d00000|100%| O|  |TAMS 0x0000000081d00000, 0x0000000081d00000| Untracked 
|  29|0x0000000081d00000, 0x0000000081e00000, 0x0000000081e00000|100%| O|  |TAMS 0x0000000081e00000, 0x0000000081e00000| Untracked 
|  30|0x0000000081e00000, 0x0000000081f00000, 0x0000000081f00000|100%| O|  |TAMS 0x0000000081f00000, 0x0000000081f00000| Untracked 
|  31|0x0000000081f00000, 0x0000000082000000, 0x0000000082000000|100%| O|  |TAMS 0x0000000082000000, 0x0000000082000000| Untracked 
|  32|0x0000000082000000, 0x0000000082100000, 0x0000000082100000|100%| O|  |TAMS 0x0000000082100000, 0x0000000082100000| Untracked 
|  33|0x0000000082100000, 0x0000000082200000, 0x0000000082200000|100%| O|  |TAMS 0x0000000082200000, 0x0000000082200000| Untracked 
|  34|0x0000000082200000, 0x0000000082300000, 0x0000000082300000|100%| O|  |TAMS 0x0000000082300000, 0x0000000082300000| Untracked 
|  35|0x0000000082300000, 0x0000000082400000, 0x0000000082400000|100%| O|  |TAMS 0x0000000082400000, 0x0000000082400000| Untracked 
|  36|0x0000000082400000, 0x0000000082500000, 0x0000000082500000|100%| O|  |TAMS 0x0000000082500000, 0x0000000082500000| Untracked 
|  37|0x0000000082500000, 0x0000000082600000, 0x0000000082600000|100%| O|  |TAMS 0x0000000082600000, 0x0000000082600000| Untracked 
|  38|0x0000000082600000, 0x0000000082700000, 0x0000000082700000|100%| O|  |TAMS 0x0000000082700000, 0x0000000082700000| Untracked 
|  39|0x0000000082700000, 0x0000000082800000, 0x0000000082800000|100%| O|  |TAMS 0x0000000082800000, 0x0000000082800000| Untracked 
|  40|0x0000000082800000, 0x0000000082900000, 0x0000000082900000|100%| O|  |TAMS 0x0000000082900000, 0x0000000082900000| Untracked 
|  41|0x0000000082900000, 0x0000000082a00000, 0x0000000082a00000|100%| O|  |TAMS 0x0000000082a00000, 0x0000000082a00000| Untracked 
|  42|0x0000000082a00000, 0x0000000082b00000, 0x0000000082b00000|100%| O|  |TAMS 0x0000000082b00000, 0x0000000082b00000| Untracked 
|  43|0x0000000082b00000, 0x0000000082c00000, 0x0000000082c00000|100%| O|  |TAMS 0x0000000082c00000, 0x0000000082c00000| Untracked 
|  44|0x0000000082c00000, 0x0000000082d00000, 0x0000000082d00000|100%| O|  |TAMS 0x0000000082d00000, 0x0000000082d00000| Untracked 
|  45|0x0000000082d00000, 0x0000000082e00000, 0x0000000082e00000|100%| O|  |TAMS 0x0000000082e00000, 0x0000000082e00000| Untracked 
|  46|0x0000000082e00000, 0x0000000082f00000, 0x0000000082f00000|100%| O|  |TAMS 0x0000000082f00000, 0x0000000082f00000| Untracked 
|  47|0x0000000082f00000, 0x0000000083000000, 0x0000000083000000|100%| O|  |TAMS 0x0000000083000000, 0x0000000083000000| Untracked 
|  48|0x0000000083000000, 0x0000000083100000, 0x0000000083100000|100%| O|  |TAMS 0x0000000083100000, 0x0000000083100000| Untracked 
|  49|0x0000000083100000, 0x0000000083200000, 0x0000000083200000|100%| O|  |TAMS 0x0000000083200000, 0x0000000083200000| Untracked 
|  50|0x0000000083200000, 0x0000000083300000, 0x0000000083300000|100%| O|  |TAMS 0x0000000083300000, 0x0000000083300000| Untracked 
|  51|0x0000000083300000, 0x0000000083400000, 0x0000000083400000|100%| O|  |TAMS 0x0000000083400000, 0x0000000083400000| Untracked 
|  52|0x0000000083400000, 0x0000000083500000, 0x0000000083500000|100%| O|  |TAMS 0x0000000083500000, 0x0000000083500000| Untracked 
|  53|0x0000000083500000, 0x0000000083600000, 0x0000000083600000|100%| O|  |TAMS 0x0000000083600000, 0x0000000083600000| Untracked 
|  54|0x0000000083600000, 0x0000000083700000, 0x0000000083700000|100%| O|  |TAMS 0x0000000083700000, 0x0000000083700000| Untracked 
|  55|0x0000000083700000, 0x0000000083800000, 0x0000000083800000|100%| O|  |TAMS 0x0000000083800000, 0x0000000083800000| Untracked 
|  56|0x0000000083800000, 0x0000000083900000, 0x0000000083900000|100%| O|  |TAMS 0x0000000083900000, 0x0000000083900000| Untracked 
|  57|0x0000000083900000, 0x0000000083a00000, 0x0000000083a00000|100%| O|  |TAMS 0x0000000083a00000, 0x0000000083a00000| Untracked 
|  58|0x0000000083a00000, 0x0000000083b00000, 0x0000000083b00000|100%| O|  |TAMS 0x0000000083b00000, 0x0000000083b00000| Untracked 
|  59|0x0000000083b00000, 0x0000000083c00000, 0x0000000083c00000|100%| O|  |TAMS 0x0000000083c00000, 0x0000000083c00000| Untracked 
|  60|0x0000000083c00000, 0x0000000083d00000, 0x0000000083d00000|100%| O|  |TAMS 0x0000000083d00000, 0x0000000083d00000| Untracked 
|  61|0x0000000083d00000, 0x0000000083e00000, 0x0000000083e00000|100%| O|  |TAMS 0x0000000083e00000, 0x0000000083e00000| Untracked 
|  62|0x0000000083e00000, 0x0000000083f00000, 0x0000000083f00000|100%| O|  |TAMS 0x0000000083f00000, 0x0000000083f00000| Untracked 
|  63|0x0000000083f00000, 0x0000000084000000, 0x0000000084000000|100%| O|  |TAMS 0x0000000084000000, 0x0000000084000000| Untracked 
|  64|0x0000000084000000, 0x0000000084100000, 0x0000000084100000|100%| O|  |TAMS 0x0000000084100000, 0x0000000084100000| Untracked 
|  65|0x0000000084100000, 0x0000000084200000, 0x0000000084200000|100%| O|  |TAMS 0x0000000084200000, 0x0000000084200000| Untracked 
|  66|0x0000000084200000, 0x0000000084300000, 0x0000000084300000|100%| O|  |TAMS 0x0000000084300000, 0x0000000084300000| Untracked 
|  67|0x0000000084300000, 0x0000000084400000, 0x0000000084400000|100%| O|  |TAMS 0x0000000084400000, 0x0000000084400000| Untracked 
|  68|0x0000000084400000, 0x0000000084500000, 0x0000000084500000|100%| O|  |TAMS 0x0000000084500000, 0x0000000084500000| Untracked 
|  69|0x0000000084500000, 0x0000000084600000, 0x0000000084600000|100%| O|  |TAMS 0x0000000084600000, 0x0000000084600000| Untracked 
|  70|0x0000000084600000, 0x0000000084700000, 0x0000000084700000|100%| O|  |TAMS 0x0000000084700000, 0x0000000084700000| Untracked 
|  71|0x0000000084700000, 0x0000000084800000, 0x0000000084800000|100%| O|  |TAMS 0x0000000084800000, 0x0000000084800000| Untracked 
|  72|0x0000000084800000, 0x0000000084900000, 0x0000000084900000|100%| O|  |TAMS 0x0000000084900000, 0x0000000084900000| Untracked 
|  73|0x0000000084900000, 0x0000000084a00000, 0x0000000084a00000|100%|HS|  |TAMS 0x0000000084a00000, 0x0000000084a00000| Complete 
|  74|0x0000000084a00000, 0x0000000084b00000, 0x0000000084b00000|100%|HC|  |TAMS 0x0000000084b00000, 0x0000000084b00000| Complete 
|  75|0x0000000084b00000, 0x0000000084c00000, 0x0000000084c00000|100%| O|  |TAMS 0x0000000084c00000, 0x0000000084c00000| Untracked 
|  76|0x0000000084c00000, 0x0000000084d00000, 0x0000000084d00000|100%| O|  |TAMS 0x0000000084d00000, 0x0000000084d00000| Untracked 
|  77|0x0000000084d00000, 0x0000000084e00000, 0x0000000084e00000|100%| O|  |TAMS 0x0000000084e00000, 0x0000000084e00000| Untracked 
|  78|0x0000000084e00000, 0x0000000084f00000, 0x0000000084f00000|100%| O|  |TAMS 0x0000000084f00000, 0x0000000084f00000| Untracked 
|  79|0x0000000084f00000, 0x0000000085000000, 0x0000000085000000|100%| O|  |TAMS 0x0000000085000000, 0x0000000085000000| Untracked 
|  80|0x0000000085000000, 0x0000000085100000, 0x0000000085100000|100%| O|  |TAMS 0x0000000085100000, 0x0000000085100000| Untracked 
|  81|0x0000000085100000, 0x0000000085200000, 0x0000000085200000|100%| O|  |TAMS 0x0000000085200000, 0x0000000085200000| Untracked 
|  82|0x0000000085200000, 0x0000000085300000, 0x0000000085300000|100%| O|  |TAMS 0x0000000085300000, 0x0000000085300000| Untracked 
|  83|0x0000000085300000, 0x0000000085400000, 0x0000000085400000|100%| O|  |TAMS 0x0000000085400000, 0x0000000085400000| Untracked 
|  84|0x0000000085400000, 0x0000000085500000, 0x0000000085500000|100%| O|  |TAMS 0x0000000085500000, 0x0000000085500000| Untracked 
|  85|0x0000000085500000, 0x0000000085600000, 0x0000000085600000|100%| O|  |TAMS 0x0000000085600000, 0x0000000085600000| Untracked 
|  86|0x0000000085600000, 0x0000000085600000, 0x0000000085700000|  0%| F|  |TAMS 0x0000000085600000, 0x0000000085600000| Untracked 
|  87|0x0000000085700000, 0x0000000085800000, 0x0000000085800000|100%| O|  |TAMS 0x0000000085700000, 0x0000000085800000| Untracked 
|  88|0x0000000085800000, 0x0000000085900000, 0x0000000085900000|100%| O|  |TAMS 0x0000000085900000, 0x0000000085900000| Untracked 
|  89|0x0000000085900000, 0x0000000085a00000, 0x0000000085a00000|100%| O|  |TAMS 0x0000000085a00000, 0x0000000085a00000| Untracked 
|  90|0x0000000085a00000, 0x0000000085b00000, 0x0000000085b00000|100%| O|  |TAMS 0x0000000085b00000, 0x0000000085b00000| Untracked 
|  91|0x0000000085b00000, 0x0000000085c00000, 0x0000000085c00000|100%| O|  |TAMS 0x0000000085c00000, 0x0000000085c00000| Untracked 
|  92|0x0000000085c00000, 0x0000000085d00000, 0x0000000085d00000|100%| O|  |TAMS 0x0000000085d00000, 0x0000000085d00000| Untracked 
|  93|0x0000000085d00000, 0x0000000085e00000, 0x0000000085e00000|100%| O|  |TAMS 0x0000000085e00000, 0x0000000085e00000| Untracked 
|  94|0x0000000085e00000, 0x0000000085f00000, 0x0000000085f00000|100%| O|  |TAMS 0x0000000085f00000, 0x0000000085f00000| Untracked 
|  95|0x0000000085f00000, 0x0000000086000000, 0x0000000086000000|100%| O|  |TAMS 0x0000000086000000, 0x0000000086000000| Untracked 
|  96|0x0000000086000000, 0x0000000086100000, 0x0000000086100000|100%| O|  |TAMS 0x0000000086100000, 0x0000000086100000| Untracked 
|  97|0x0000000086100000, 0x0000000086200000, 0x0000000086200000|100%| O|  |TAMS 0x0000000086200000, 0x0000000086200000| Untracked 
|  98|0x0000000086200000, 0x0000000086300000, 0x0000000086300000|100%| O|  |TAMS 0x0000000086200000, 0x0000000086300000| Untracked 
|  99|0x0000000086300000, 0x0000000086400000, 0x0000000086400000|100%| O|  |TAMS 0x0000000086300000, 0x0000000086400000| Untracked 
| 100|0x0000000086400000, 0x0000000086500000, 0x0000000086500000|100%| O|  |TAMS 0x0000000086400000, 0x0000000086500000| Untracked 
| 101|0x0000000086500000, 0x0000000086600000, 0x0000000086600000|100%| O|  |TAMS 0x0000000086500000, 0x0000000086600000| Untracked 
| 102|0x0000000086600000, 0x0000000086700000, 0x0000000086700000|100%| O|  |TAMS 0x0000000086600000, 0x0000000086700000| Untracked 
| 103|0x0000000086700000, 0x0000000086800000, 0x0000000086800000|100%| O|  |TAMS 0x0000000086700000, 0x0000000086800000| Untracked 
| 104|0x0000000086800000, 0x0000000086900000, 0x0000000086900000|100%| O|  |TAMS 0x0000000086800000, 0x0000000086900000| Untracked 
| 105|0x0000000086900000, 0x0000000086a00000, 0x0000000086a00000|100%| O|  |TAMS 0x0000000086900000, 0x0000000086a00000| Untracked 
| 106|0x0000000086a00000, 0x0000000086b00000, 0x0000000086b00000|100%| O|  |TAMS 0x0000000086a00000, 0x0000000086b00000| Untracked 
| 107|0x0000000086b00000, 0x0000000086c00000, 0x0000000086c00000|100%| O|  |TAMS 0x0000000086b00000, 0x0000000086c00000| Untracked 
| 108|0x0000000086c00000, 0x0000000086d00000, 0x0000000086d00000|100%| O|  |TAMS 0x0000000086c00000, 0x0000000086d00000| Untracked 
| 109|0x0000000086d00000, 0x0000000086e00000, 0x0000000086e00000|100%| O|  |TAMS 0x0000000086d00000, 0x0000000086e00000| Untracked 
| 110|0x0000000086e00000, 0x0000000086eb3000, 0x0000000086f00000| 69%| O|  |TAMS 0x0000000086e00000, 0x0000000086eb3000| Untracked 
| 111|0x0000000086f00000, 0x0000000086f00000, 0x0000000087000000|  0%| F|  |TAMS 0x0000000086f00000, 0x0000000086f00000| Untracked 
| 112|0x0000000087000000, 0x0000000087000000, 0x0000000087100000|  0%| F|  |TAMS 0x0000000087000000, 0x0000000087000000| Untracked 
| 113|0x0000000087100000, 0x0000000087100000, 0x0000000087200000|  0%| F|  |TAMS 0x0000000087100000, 0x0000000087100000| Untracked 
| 114|0x0000000087200000, 0x0000000087200000, 0x0000000087300000|  0%| F|  |TAMS 0x0000000087200000, 0x0000000087200000| Untracked 
| 115|0x0000000087300000, 0x0000000087300000, 0x0000000087400000|  0%| F|  |TAMS 0x0000000087300000, 0x0000000087300000| Untracked 
| 116|0x0000000087400000, 0x0000000087400000, 0x0000000087500000|  0%| F|  |TAMS 0x0000000087400000, 0x0000000087400000| Untracked 
| 117|0x0000000087500000, 0x0000000087500000, 0x0000000087600000|  0%| F|  |TAMS 0x0000000087500000, 0x0000000087500000| Untracked 
| 118|0x0000000087600000, 0x0000000087600000, 0x0000000087700000|  0%| F|  |TAMS 0x0000000087600000, 0x0000000087600000| Untracked 
| 119|0x0000000087700000, 0x0000000087700000, 0x0000000087800000|  0%| F|  |TAMS 0x0000000087700000, 0x0000000087700000| Untracked 
| 120|0x0000000087800000, 0x0000000087800000, 0x0000000087900000|  0%| F|  |TAMS 0x0000000087800000, 0x0000000087800000| Untracked 
| 121|0x0000000087900000, 0x0000000087900000, 0x0000000087a00000|  0%| F|  |TAMS 0x0000000087900000, 0x0000000087900000| Untracked 
| 122|0x0000000087a00000, 0x0000000087a00000, 0x0000000087b00000|  0%| F|  |TAMS 0x0000000087a00000, 0x0000000087a00000| Untracked 
| 123|0x0000000087b00000, 0x0000000087b00000, 0x0000000087c00000|  0%| F|  |TAMS 0x0000000087b00000, 0x0000000087b00000| Untracked 
| 124|0x0000000087c00000, 0x0000000087c00000, 0x0000000087d00000|  0%| F|  |TAMS 0x0000000087c00000, 0x0000000087c00000| Untracked 
| 125|0x0000000087d00000, 0x0000000087d00000, 0x0000000087e00000|  0%| F|  |TAMS 0x0000000087d00000, 0x0000000087d00000| Untracked 
| 126|0x0000000087e00000, 0x0000000087e00000, 0x0000000087f00000|  0%| F|  |TAMS 0x0000000087e00000, 0x0000000087e00000| Untracked 
| 127|0x0000000087f00000, 0x0000000087f00000, 0x0000000088000000|  0%| F|  |TAMS 0x0000000087f00000, 0x0000000087f00000| Untracked 
| 128|0x0000000088000000, 0x0000000088000000, 0x0000000088100000|  0%| F|  |TAMS 0x0000000088000000, 0x0000000088000000| Untracked 
| 129|0x0000000088100000, 0x0000000088100000, 0x0000000088200000|  0%| F|  |TAMS 0x0000000088100000, 0x0000000088100000| Untracked 
| 130|0x0000000088200000, 0x0000000088200000, 0x0000000088300000|  0%| F|  |TAMS 0x0000000088200000, 0x0000000088200000| Untracked 
| 131|0x0000000088300000, 0x0000000088300000, 0x0000000088400000|  0%| F|  |TAMS 0x0000000088300000, 0x0000000088300000| Untracked 
| 132|0x0000000088400000, 0x0000000088400000, 0x0000000088500000|  0%| F|  |TAMS 0x0000000088400000, 0x0000000088400000| Untracked 
| 133|0x0000000088500000, 0x0000000088500000, 0x0000000088600000|  0%| F|  |TAMS 0x0000000088500000, 0x0000000088500000| Untracked 
| 134|0x0000000088600000, 0x0000000088600000, 0x0000000088700000|  0%| F|  |TAMS 0x0000000088600000, 0x0000000088600000| Untracked 
| 135|0x0000000088700000, 0x0000000088700000, 0x0000000088800000|  0%| F|  |TAMS 0x0000000088700000, 0x0000000088700000| Untracked 
| 136|0x0000000088800000, 0x0000000088800000, 0x0000000088900000|  0%| F|  |TAMS 0x0000000088800000, 0x0000000088800000| Untracked 
| 137|0x0000000088900000, 0x0000000088900000, 0x0000000088a00000|  0%| F|  |TAMS 0x0000000088900000, 0x0000000088900000| Untracked 
| 138|0x0000000088a00000, 0x0000000088a00000, 0x0000000088b00000|  0%| F|  |TAMS 0x0000000088a00000, 0x0000000088a00000| Untracked 
| 139|0x0000000088b00000, 0x0000000088b00000, 0x0000000088c00000|  0%| F|  |TAMS 0x0000000088b00000, 0x0000000088b00000| Untracked 
| 140|0x0000000088c00000, 0x0000000088c00000, 0x0000000088d00000|  0%| F|  |TAMS 0x0000000088c00000, 0x0000000088c00000| Untracked 
| 141|0x0000000088d00000, 0x0000000088d00000, 0x0000000088e00000|  0%| F|  |TAMS 0x0000000088d00000, 0x0000000088d00000| Untracked 
| 142|0x0000000088e00000, 0x0000000088e00000, 0x0000000088f00000|  0%| F|  |TAMS 0x0000000088e00000, 0x0000000088e00000| Untracked 
| 143|0x0000000088f00000, 0x0000000088f00000, 0x0000000089000000|  0%| F|  |TAMS 0x0000000088f00000, 0x0000000088f00000| Untracked 
| 144|0x0000000089000000, 0x0000000089000000, 0x0000000089100000|  0%| F|  |TAMS 0x0000000089000000, 0x0000000089000000| Untracked 
| 145|0x0000000089100000, 0x0000000089100000, 0x0000000089200000|  0%| F|  |TAMS 0x0000000089100000, 0x0000000089100000| Untracked 
| 146|0x0000000089200000, 0x0000000089200000, 0x0000000089300000|  0%| F|  |TAMS 0x0000000089200000, 0x0000000089200000| Untracked 
| 147|0x0000000089300000, 0x0000000089300000, 0x0000000089400000|  0%| F|  |TAMS 0x0000000089300000, 0x0000000089300000| Untracked 
| 148|0x0000000089400000, 0x0000000089400000, 0x0000000089500000|  0%| F|  |TAMS 0x0000000089400000, 0x0000000089400000| Untracked 
| 149|0x0000000089500000, 0x0000000089500000, 0x0000000089600000|  0%| F|  |TAMS 0x0000000089500000, 0x0000000089500000| Untracked 
| 150|0x0000000089600000, 0x0000000089600000, 0x0000000089700000|  0%| F|  |TAMS 0x0000000089600000, 0x0000000089600000| Untracked 
| 151|0x0000000089700000, 0x0000000089700000, 0x0000000089800000|  0%| F|  |TAMS 0x0000000089700000, 0x0000000089700000| Untracked 
| 152|0x0000000089800000, 0x0000000089800000, 0x0000000089900000|  0%| F|  |TAMS 0x0000000089800000, 0x0000000089800000| Untracked 
| 153|0x0000000089900000, 0x0000000089900000, 0x0000000089a00000|  0%| F|  |TAMS 0x0000000089900000, 0x0000000089900000| Untracked 
| 154|0x0000000089a00000, 0x0000000089a00000, 0x0000000089b00000|  0%| F|  |TAMS 0x0000000089a00000, 0x0000000089a00000| Untracked 
| 155|0x0000000089b00000, 0x0000000089b00000, 0x0000000089c00000|  0%| F|  |TAMS 0x0000000089b00000, 0x0000000089b00000| Untracked 
| 156|0x0000000089c00000, 0x0000000089c00000, 0x0000000089d00000|  0%| F|  |TAMS 0x0000000089c00000, 0x0000000089c00000| Untracked 
| 157|0x0000000089d00000, 0x0000000089d00000, 0x0000000089e00000|  0%| F|  |TAMS 0x0000000089d00000, 0x0000000089d00000| Untracked 
| 158|0x0000000089e00000, 0x0000000089e00000, 0x0000000089f00000|  0%| F|  |TAMS 0x0000000089e00000, 0x0000000089e00000| Untracked 
| 159|0x0000000089f00000, 0x0000000089f00000, 0x000000008a000000|  0%| F|  |TAMS 0x0000000089f00000, 0x0000000089f00000| Untracked 
| 160|0x000000008a000000, 0x000000008a000000, 0x000000008a100000|  0%| F|  |TAMS 0x000000008a000000, 0x000000008a000000| Untracked 
| 161|0x000000008a100000, 0x000000008a100000, 0x000000008a200000|  0%| F|  |TAMS 0x000000008a100000, 0x000000008a100000| Untracked 
| 162|0x000000008a200000, 0x000000008a200000, 0x000000008a300000|  0%| F|  |TAMS 0x000000008a200000, 0x000000008a200000| Untracked 
| 163|0x000000008a300000, 0x000000008a300000, 0x000000008a400000|  0%| F|  |TAMS 0x000000008a300000, 0x000000008a300000| Untracked 
| 164|0x000000008a400000, 0x000000008a400000, 0x000000008a500000|  0%| F|  |TAMS 0x000000008a400000, 0x000000008a400000| Untracked 
| 165|0x000000008a500000, 0x000000008a500000, 0x000000008a600000|  0%| F|  |TAMS 0x000000008a500000, 0x000000008a500000| Untracked 
| 166|0x000000008a600000, 0x000000008a600000, 0x000000008a700000|  0%| F|  |TAMS 0x000000008a600000, 0x000000008a600000| Untracked 
| 167|0x000000008a700000, 0x000000008a700000, 0x000000008a800000|  0%| F|  |TAMS 0x000000008a700000, 0x000000008a700000| Untracked 
| 168|0x000000008a800000, 0x000000008a800000, 0x000000008a900000|  0%| F|  |TAMS 0x000000008a800000, 0x000000008a800000| Untracked 
| 169|0x000000008a900000, 0x000000008a900000, 0x000000008aa00000|  0%| F|  |TAMS 0x000000008a900000, 0x000000008a900000| Untracked 
| 170|0x000000008aa00000, 0x000000008aa00000, 0x000000008ab00000|  0%| F|  |TAMS 0x000000008aa00000, 0x000000008aa00000| Untracked 
| 171|0x000000008ab00000, 0x000000008ab00000, 0x000000008ac00000|  0%| F|  |TAMS 0x000000008ab00000, 0x000000008ab00000| Untracked 
| 172|0x000000008ac00000, 0x000000008ac00000, 0x000000008ad00000|  0%| F|  |TAMS 0x000000008ac00000, 0x000000008ac00000| Untracked 
| 173|0x000000008ad00000, 0x000000008ad00000, 0x000000008ae00000|  0%| F|  |TAMS 0x000000008ad00000, 0x000000008ad00000| Untracked 
| 174|0x000000008ae00000, 0x000000008ae00000, 0x000000008af00000|  0%| F|  |TAMS 0x000000008ae00000, 0x000000008ae00000| Untracked 
| 175|0x000000008af00000, 0x000000008af00000, 0x000000008b000000|  0%| F|  |TAMS 0x000000008af00000, 0x000000008af00000| Untracked 
| 176|0x000000008b000000, 0x000000008b000000, 0x000000008b100000|  0%| F|  |TAMS 0x000000008b000000, 0x000000008b000000| Untracked 
| 177|0x000000008b100000, 0x000000008b100000, 0x000000008b200000|  0%| F|  |TAMS 0x000000008b100000, 0x000000008b100000| Untracked 
| 178|0x000000008b200000, 0x000000008b200000, 0x000000008b300000|  0%| F|  |TAMS 0x000000008b200000, 0x000000008b200000| Untracked 
| 179|0x000000008b300000, 0x000000008b300000, 0x000000008b400000|  0%| F|  |TAMS 0x000000008b300000, 0x000000008b300000| Untracked 
| 180|0x000000008b400000, 0x000000008b400000, 0x000000008b500000|  0%| F|  |TAMS 0x000000008b400000, 0x000000008b400000| Untracked 
| 181|0x000000008b500000, 0x000000008b500000, 0x000000008b600000|  0%| F|  |TAMS 0x000000008b500000, 0x000000008b500000| Untracked 
| 182|0x000000008b600000, 0x000000008b600000, 0x000000008b700000|  0%| F|  |TAMS 0x000000008b600000, 0x000000008b600000| Untracked 
| 183|0x000000008b700000, 0x000000008b700000, 0x000000008b800000|  0%| F|  |TAMS 0x000000008b700000, 0x000000008b700000| Untracked 
| 184|0x000000008b800000, 0x000000008b800000, 0x000000008b900000|  0%| F|  |TAMS 0x000000008b800000, 0x000000008b800000| Untracked 
| 185|0x000000008b900000, 0x000000008b900000, 0x000000008ba00000|  0%| F|  |TAMS 0x000000008b900000, 0x000000008b900000| Untracked 
| 186|0x000000008ba00000, 0x000000008ba00000, 0x000000008bb00000|  0%| F|  |TAMS 0x000000008ba00000, 0x000000008ba00000| Untracked 
| 187|0x000000008bb00000, 0x000000008bb00000, 0x000000008bc00000|  0%| F|  |TAMS 0x000000008bb00000, 0x000000008bb00000| Untracked 
| 188|0x000000008bc00000, 0x000000008bc00000, 0x000000008bd00000|  0%| F|  |TAMS 0x000000008bc00000, 0x000000008bc00000| Untracked 
| 189|0x000000008bd00000, 0x000000008bd00000, 0x000000008be00000|  0%| F|  |TAMS 0x000000008bd00000, 0x000000008bd00000| Untracked 
| 190|0x000000008be00000, 0x000000008be00000, 0x000000008bf00000|  0%| F|  |TAMS 0x000000008be00000, 0x000000008be00000| Untracked 
| 191|0x000000008bf00000, 0x000000008bf00000, 0x000000008c000000|  0%| F|  |TAMS 0x000000008bf00000, 0x000000008bf00000| Untracked 
| 192|0x000000008c000000, 0x000000008c000000, 0x000000008c100000|  0%| F|  |TAMS 0x000000008c000000, 0x000000008c000000| Untracked 
| 193|0x000000008c100000, 0x000000008c100000, 0x000000008c200000|  0%| F|  |TAMS 0x000000008c100000, 0x000000008c100000| Untracked 
| 194|0x000000008c200000, 0x000000008c200000, 0x000000008c300000|  0%| F|  |TAMS 0x000000008c200000, 0x000000008c200000| Untracked 
| 195|0x000000008c300000, 0x000000008c300000, 0x000000008c400000|  0%| F|  |TAMS 0x000000008c300000, 0x000000008c300000| Untracked 
| 196|0x000000008c400000, 0x000000008c400000, 0x000000008c500000|  0%| F|  |TAMS 0x000000008c400000, 0x000000008c400000| Untracked 
| 197|0x000000008c500000, 0x000000008c500000, 0x000000008c600000|  0%| F|  |TAMS 0x000000008c500000, 0x000000008c500000| Untracked 
| 198|0x000000008c600000, 0x000000008c600000, 0x000000008c700000|  0%| F|  |TAMS 0x000000008c600000, 0x000000008c600000| Untracked 
| 199|0x000000008c700000, 0x000000008c700000, 0x000000008c800000|  0%| F|  |TAMS 0x000000008c700000, 0x000000008c700000| Untracked 
| 200|0x000000008c800000, 0x000000008c800000, 0x000000008c900000|  0%| F|  |TAMS 0x000000008c800000, 0x000000008c800000| Untracked 
| 201|0x000000008c900000, 0x000000008c900000, 0x000000008ca00000|  0%| F|  |TAMS 0x000000008c900000, 0x000000008c900000| Untracked 
| 202|0x000000008ca00000, 0x000000008ca00000, 0x000000008cb00000|  0%| F|  |TAMS 0x000000008ca00000, 0x000000008ca00000| Untracked 
| 203|0x000000008cb00000, 0x000000008cb00000, 0x000000008cc00000|  0%| F|  |TAMS 0x000000008cb00000, 0x000000008cb00000| Untracked 
| 204|0x000000008cc00000, 0x000000008cc00000, 0x000000008cd00000|  0%| F|  |TAMS 0x000000008cc00000, 0x000000008cc00000| Untracked 
| 205|0x000000008cd00000, 0x000000008cd00000, 0x000000008ce00000|  0%| F|  |TAMS 0x000000008cd00000, 0x000000008cd00000| Untracked 
| 206|0x000000008ce00000, 0x000000008ce00000, 0x000000008cf00000|  0%| F|  |TAMS 0x000000008ce00000, 0x000000008ce00000| Untracked 
| 207|0x000000008cf00000, 0x000000008cf00000, 0x000000008d000000|  0%| F|  |TAMS 0x000000008cf00000, 0x000000008cf00000| Untracked 
| 208|0x000000008d000000, 0x000000008d000000, 0x000000008d100000|  0%| F|  |TAMS 0x000000008d000000, 0x000000008d000000| Untracked 
| 209|0x000000008d100000, 0x000000008d100000, 0x000000008d200000|  0%| F|  |TAMS 0x000000008d100000, 0x000000008d100000| Untracked 
| 210|0x000000008d200000, 0x000000008d200000, 0x000000008d300000|  0%| F|  |TAMS 0x000000008d200000, 0x000000008d200000| Untracked 
| 211|0x000000008d300000, 0x000000008d300000, 0x000000008d400000|  0%| F|  |TAMS 0x000000008d300000, 0x000000008d300000| Untracked 
| 212|0x000000008d400000, 0x000000008d400000, 0x000000008d500000|  0%| F|  |TAMS 0x000000008d400000, 0x000000008d400000| Untracked 
| 213|0x000000008d500000, 0x000000008d500000, 0x000000008d600000|  0%| F|  |TAMS 0x000000008d500000, 0x000000008d500000| Untracked 
| 214|0x000000008d600000, 0x000000008d600000, 0x000000008d700000|  0%| F|  |TAMS 0x000000008d600000, 0x000000008d600000| Untracked 
| 215|0x000000008d700000, 0x000000008d700000, 0x000000008d800000|  0%| F|  |TAMS 0x000000008d700000, 0x000000008d700000| Untracked 
| 216|0x000000008d800000, 0x000000008d800000, 0x000000008d900000|  0%| F|  |TAMS 0x000000008d800000, 0x000000008d800000| Untracked 
| 217|0x000000008d900000, 0x000000008d900000, 0x000000008da00000|  0%| F|  |TAMS 0x000000008d900000, 0x000000008d900000| Untracked 
| 218|0x000000008da00000, 0x000000008da00000, 0x000000008db00000|  0%| F|  |TAMS 0x000000008da00000, 0x000000008da00000| Untracked 
| 219|0x000000008db00000, 0x000000008db00000, 0x000000008dc00000|  0%| F|  |TAMS 0x000000008db00000, 0x000000008db00000| Untracked 
| 220|0x000000008dc00000, 0x000000008dc00000, 0x000000008dd00000|  0%| F|  |TAMS 0x000000008dc00000, 0x000000008dc00000| Untracked 
| 221|0x000000008dd00000, 0x000000008dd00000, 0x000000008de00000|  0%| F|  |TAMS 0x000000008dd00000, 0x000000008dd00000| Untracked 
| 222|0x000000008de00000, 0x000000008de00000, 0x000000008df00000|  0%| F|  |TAMS 0x000000008de00000, 0x000000008de00000| Untracked 
| 223|0x000000008df00000, 0x000000008df00000, 0x000000008e000000|  0%| F|  |TAMS 0x000000008df00000, 0x000000008df00000| Untracked 
| 224|0x000000008e000000, 0x000000008e000000, 0x000000008e100000|  0%| F|  |TAMS 0x000000008e000000, 0x000000008e000000| Untracked 
| 225|0x000000008e100000, 0x000000008e100000, 0x000000008e200000|  0%| F|  |TAMS 0x000000008e100000, 0x000000008e100000| Untracked 
| 226|0x000000008e200000, 0x000000008e200000, 0x000000008e300000|  0%| F|  |TAMS 0x000000008e200000, 0x000000008e200000| Untracked 
| 227|0x000000008e300000, 0x000000008e300000, 0x000000008e400000|  0%| F|  |TAMS 0x000000008e300000, 0x000000008e300000| Untracked 
| 228|0x000000008e400000, 0x000000008e400000, 0x000000008e500000|  0%| F|  |TAMS 0x000000008e400000, 0x000000008e400000| Untracked 
| 229|0x000000008e500000, 0x000000008e500000, 0x000000008e600000|  0%| F|  |TAMS 0x000000008e500000, 0x000000008e500000| Untracked 
| 230|0x000000008e600000, 0x000000008e600000, 0x000000008e700000|  0%| F|  |TAMS 0x000000008e600000, 0x000000008e600000| Untracked 
| 231|0x000000008e700000, 0x000000008e700000, 0x000000008e800000|  0%| F|  |TAMS 0x000000008e700000, 0x000000008e700000| Untracked 
| 232|0x000000008e800000, 0x000000008e800000, 0x000000008e900000|  0%| F|  |TAMS 0x000000008e800000, 0x000000008e800000| Untracked 
| 233|0x000000008e900000, 0x000000008e900000, 0x000000008ea00000|  0%| F|  |TAMS 0x000000008e900000, 0x000000008e900000| Untracked 
| 234|0x000000008ea00000, 0x000000008ea00000, 0x000000008eb00000|  0%| F|  |TAMS 0x000000008ea00000, 0x000000008ea00000| Untracked 
| 235|0x000000008eb00000, 0x000000008eb00000, 0x000000008ec00000|  0%| F|  |TAMS 0x000000008eb00000, 0x000000008eb00000| Untracked 
| 236|0x000000008ec00000, 0x000000008ec00000, 0x000000008ed00000|  0%| F|  |TAMS 0x000000008ec00000, 0x000000008ec00000| Untracked 
| 237|0x000000008ed00000, 0x000000008ed00000, 0x000000008ee00000|  0%| F|  |TAMS 0x000000008ed00000, 0x000000008ed00000| Untracked 
| 238|0x000000008ee00000, 0x000000008ee00000, 0x000000008ef00000|  0%| F|  |TAMS 0x000000008ee00000, 0x000000008ee00000| Untracked 
| 239|0x000000008ef00000, 0x000000008ef00000, 0x000000008f000000|  0%| F|  |TAMS 0x000000008ef00000, 0x000000008ef00000| Untracked 
| 240|0x000000008f000000, 0x000000008f000000, 0x000000008f100000|  0%| F|  |TAMS 0x000000008f000000, 0x000000008f000000| Untracked 
| 241|0x000000008f100000, 0x000000008f100000, 0x000000008f200000|  0%| F|  |TAMS 0x000000008f100000, 0x000000008f100000| Untracked 
| 242|0x000000008f200000, 0x000000008f200000, 0x000000008f300000|  0%| F|  |TAMS 0x000000008f200000, 0x000000008f200000| Untracked 
| 243|0x000000008f300000, 0x000000008f300000, 0x000000008f400000|  0%| F|  |TAMS 0x000000008f300000, 0x000000008f300000| Untracked 
| 244|0x000000008f400000, 0x000000008f4d9260, 0x000000008f500000| 84%| S|CS|TAMS 0x000000008f400000, 0x000000008f400000| Complete 
| 245|0x000000008f500000, 0x000000008f600000, 0x000000008f600000|100%| S|CS|TAMS 0x000000008f500000, 0x000000008f500000| Complete 
| 246|0x000000008f600000, 0x000000008f700000, 0x000000008f700000|100%| S|CS|TAMS 0x000000008f600000, 0x000000008f600000| Complete 
| 247|0x000000008f700000, 0x000000008f700000, 0x000000008f800000|  0%| F|  |TAMS 0x000000008f700000, 0x000000008f700000| Untracked 
| 248|0x000000008f800000, 0x000000008f800000, 0x000000008f900000|  0%| F|  |TAMS 0x000000008f800000, 0x000000008f800000| Untracked 
| 249|0x000000008f900000, 0x000000008f900000, 0x000000008fa00000|  0%| F|  |TAMS 0x000000008f900000, 0x000000008f900000| Untracked 
| 250|0x000000008fa00000, 0x000000008fa00000, 0x000000008fb00000|  0%| F|  |TAMS 0x000000008fa00000, 0x000000008fa00000| Untracked 
| 251|0x000000008fb00000, 0x000000008fb00000, 0x000000008fc00000|  0%| F|  |TAMS 0x000000008fb00000, 0x000000008fb00000| Untracked 
| 252|0x000000008fc00000, 0x000000008fc00000, 0x000000008fd00000|  0%| F|  |TAMS 0x000000008fc00000, 0x000000008fc00000| Untracked 
| 253|0x000000008fd00000, 0x000000008fd00000, 0x000000008fe00000|  0%| F|  |TAMS 0x000000008fd00000, 0x000000008fd00000| Untracked 
| 254|0x000000008fe00000, 0x000000008fe00000, 0x000000008ff00000|  0%| F|  |TAMS 0x000000008fe00000, 0x000000008fe00000| Untracked 
| 255|0x000000008ff00000, 0x000000008ff00000, 0x0000000090000000|  0%| F|  |TAMS 0x000000008ff00000, 0x000000008ff00000| Untracked 
| 256|0x0000000090000000, 0x0000000090000000, 0x0000000090100000|  0%| F|  |TAMS 0x0000000090000000, 0x0000000090000000| Untracked 
| 257|0x0000000090100000, 0x0000000090100000, 0x0000000090200000|  0%| F|  |TAMS 0x0000000090100000, 0x0000000090100000| Untracked 
| 258|0x0000000090200000, 0x0000000090200000, 0x0000000090300000|  0%| F|  |TAMS 0x0000000090200000, 0x0000000090200000| Untracked 
| 259|0x0000000090300000, 0x0000000090300000, 0x0000000090400000|  0%| F|  |TAMS 0x0000000090300000, 0x0000000090300000| Untracked 
| 260|0x0000000090400000, 0x0000000090400000, 0x0000000090500000|  0%| F|  |TAMS 0x0000000090400000, 0x0000000090400000| Untracked 
| 261|0x0000000090500000, 0x0000000090500000, 0x0000000090600000|  0%| F|  |TAMS 0x0000000090500000, 0x0000000090500000| Untracked 
| 262|0x0000000090600000, 0x0000000090600000, 0x0000000090700000|  0%| F|  |TAMS 0x0000000090600000, 0x0000000090600000| Untracked 
| 263|0x0000000090700000, 0x0000000090700000, 0x0000000090800000|  0%| F|  |TAMS 0x0000000090700000, 0x0000000090700000| Untracked 
| 264|0x0000000090800000, 0x0000000090800000, 0x0000000090900000|  0%| F|  |TAMS 0x0000000090800000, 0x0000000090800000| Untracked 
| 265|0x0000000090900000, 0x0000000090900000, 0x0000000090a00000|  0%| F|  |TAMS 0x0000000090900000, 0x0000000090900000| Untracked 
| 266|0x0000000090a00000, 0x0000000090a00000, 0x0000000090b00000|  0%| F|  |TAMS 0x0000000090a00000, 0x0000000090a00000| Untracked 
| 267|0x0000000090b00000, 0x0000000090b00000, 0x0000000090c00000|  0%| F|  |TAMS 0x0000000090b00000, 0x0000000090b00000| Untracked 
| 268|0x0000000090c00000, 0x0000000090c00000, 0x0000000090d00000|  0%| F|  |TAMS 0x0000000090c00000, 0x0000000090c00000| Untracked 
| 269|0x0000000090d00000, 0x0000000090d00000, 0x0000000090e00000|  0%| F|  |TAMS 0x0000000090d00000, 0x0000000090d00000| Untracked 
| 270|0x0000000090e00000, 0x0000000090e00000, 0x0000000090f00000|  0%| F|  |TAMS 0x0000000090e00000, 0x0000000090e00000| Untracked 
| 271|0x0000000090f00000, 0x0000000090f00000, 0x0000000091000000|  0%| F|  |TAMS 0x0000000090f00000, 0x0000000090f00000| Untracked 
| 272|0x0000000091000000, 0x0000000091000000, 0x0000000091100000|  0%| F|  |TAMS 0x0000000091000000, 0x0000000091000000| Untracked 
| 273|0x0000000091100000, 0x0000000091100000, 0x0000000091200000|  0%| F|  |TAMS 0x0000000091100000, 0x0000000091100000| Untracked 
| 274|0x0000000091200000, 0x0000000091200000, 0x0000000091300000|  0%| F|  |TAMS 0x0000000091200000, 0x0000000091200000| Untracked 
| 275|0x0000000091300000, 0x0000000091300000, 0x0000000091400000|  0%| F|  |TAMS 0x0000000091300000, 0x0000000091300000| Untracked 
| 276|0x0000000091400000, 0x0000000091400000, 0x0000000091500000|  0%| F|  |TAMS 0x0000000091400000, 0x0000000091400000| Untracked 
| 277|0x0000000091500000, 0x0000000091500000, 0x0000000091600000|  0%| F|  |TAMS 0x0000000091500000, 0x0000000091500000| Untracked 

Card table byte_map: [0x000002316e420000,0x000002316e820000] _byte_map_base: 0x000002316e020000

Marking Bits (Prev, Next): (CMBitMap*) 0x000002315b55f280, (CMBitMap*) 0x000002315b55f248
 Prev Bits: [0x0000023170c20000, 0x0000023172c20000)
 Next Bits: [0x000002316ec20000, 0x0000023170c20000)

Polling page: 0x0000023159500000

Metaspace:

Usage:
  Non-class:    101.20 MB capacity,    99.17 MB ( 98%) used,     1.65 MB (  2%) free+waste,   393.31 KB ( <1%) overhead. 
      Class:     15.76 MB capacity,    14.50 MB ( 92%) used,     1.09 MB (  7%) free+waste,   175.56 KB (  1%) overhead. 
       Both:    116.96 MB capacity,   113.67 MB ( 97%) used,     2.73 MB (  2%) free+waste,   568.88 KB ( <1%) overhead. 

Virtual space:
  Non-class space:      120.00 MB reserved,     101.21 MB ( 84%) committed 
      Class space:        1.00 GB reserved,      15.85 MB (  2%) committed 
             Both:        1.12 GB reserved,     117.05 MB ( 10%) committed 

Chunk freelists:
   Non-Class:  8.00 KB
       Class:  26.00 KB
        Both:  34.00 KB

MaxMetaspaceSize: 17179869184.00 GB
CompressedClassSpaceSize: 1.00 GB
Initial GC threshold: 20.80 MB
Current GC threshold: 182.29 MB
CDS: off

CodeHeap 'non-profiled nmethods': size=120064Kb used=10171Kb max_used=10801Kb free=109893Kb
 bounds [0x0000023166ae0000, 0x0000023167570000, 0x000002316e020000]
CodeHeap 'profiled nmethods': size=120000Kb used=38861Kb max_used=40768Kb free=81138Kb
 bounds [0x000002315f5b0000, 0x0000023161d90000, 0x0000023166ae0000]
CodeHeap 'non-nmethods': size=5696Kb used=2428Kb max_used=2487Kb free=3267Kb
 bounds [0x000002315f020000, 0x000002315f2a0000, 0x000002315f5b0000]
 total_blobs=17516 nmethods=16562 adapters=865
 compilation: enabled
              stopped_count=0, restarted_count=0
 full_count=0

Compilation events (20 events):
Event: 69.895 Thread 0x00000231759df000 17721       1       java.lang.StackTraceElement::getLineNumber (5 bytes)
Event: 69.895 Thread 0x00000231759df000 nmethod 17721 0x0000023166b24090 code [0x0000023166b24240, 0x0000023166b242f8]
Event: 69.895 Thread 0x00000231759df000 17722       1       java.lang.StackTraceElement::getFileName (5 bytes)
Event: 69.895 Thread 0x00000231759df000 nmethod 17722 0x0000023166b23d90 code [0x0000023166b23f40, 0x0000023166b23ff8]
Event: 69.896 Thread 0x00000231759ca800 nmethod 17706 0x0000023166b71310 code [0x0000023166b714e0, 0x0000023166b71bb8]
Event: 69.896 Thread 0x00000231759ca800 17719       4       java.io.ObjectStreamField::getTypeCode (9 bytes)
Event: 69.899 Thread 0x00000231759ca800 nmethod 17719 0x0000023166b56b90 code [0x0000023166b56d20, 0x0000023166b56df8]
Event: 69.899 Thread 0x00000231759ca800 17723       4       java.util.concurrent.ConcurrentHashMap$KeyIterator::next (34 bytes)
Event: 69.900 Thread 0x00000231759df000 17724       1       java.lang.StackTraceElement::getClassName (5 bytes)
Event: 69.901 Thread 0x00000231759df000 nmethod 17724 0x0000023166b23a10 code [0x0000023166b23bc0, 0x0000023166b23c78]
Event: 69.901 Thread 0x00000231759df000 17725       3       org.codehaus.groovy.runtime.StackTraceUtils::isApplicationClass (84 bytes)
Event: 69.903 Thread 0x00000231759df000 nmethod 17725 0x000002315f842890 code [0x000002315f842ae0, 0x000002315f8434f8]
Event: 69.911 Thread 0x00000231759df000 17726       3       com.google.common.hash.MessageDigestHashFunction$MessageDigestHasher::update (15 bytes)
Event: 69.912 Thread 0x00000231759df000 nmethod 17726 0x000002315f6f4790 code [0x000002315f6f4980, 0x000002315f6f4e78]
Event: 69.914 Thread 0x00000231759ca800 nmethod 17723 0x0000023166d7c110 code [0x0000023166d7c2c0, 0x0000023166d7c6d8]
Event: 69.955 Thread 0x00000231759df000 17727       3       java.util.Locale::getUnicodeLocaleType (54 bytes)
Event: 69.957 Thread 0x00000231759df000 nmethod 17727 0x000002315f957510 code [0x000002315f9577c0, 0x000002315f958398]
Event: 69.975 Thread 0x00000231759ca800 17728       4       java.lang.String$CaseInsensitiveComparator::compare (13 bytes)
Event: 69.980 Thread 0x00000231759df000 17729       3       sun.reflect.generics.parser.SignatureParser::parseTypeArguments (109 bytes)
Event: 69.982 Thread 0x00000231759df000 nmethod 17729 0x000002315f866390 code [0x000002315f8666a0, 0x000002315f8678a8]

GC Heap History (20 events):
Event: 32.862 GC heap before
{Heap before GC invocations=16 (full 0):
 garbage-first heap   total 236544K, used 151302K [0x0000000080000000, 0x0000000100000000)
  region size 1024K, 101 young (103424K), 12 survivors (12288K)
 Metaspace       used 78923K, capacity 80853K, committed 81060K, reserved 1120256K
  class space    used 10311K, capacity 10987K, committed 11008K, reserved 1048576K
}
Event: 32.901 GC heap after
{Heap after GC invocations=17 (full 0):
 garbage-first heap   total 236544K, used 65823K [0x0000000080000000, 0x0000000100000000)
  region size 1024K, 12 young (12288K), 12 survivors (12288K)
 Metaspace       used 78923K, capacity 80853K, committed 81060K, reserved 1120256K
  class space    used 10311K, capacity 10987K, committed 11008K, reserved 1048576K
}
Event: 36.122 GC heap before
{Heap before GC invocations=17 (full 0):
 garbage-first heap   total 236544K, used 157983K [0x0000000080000000, 0x0000000100000000)
  region size 1024K, 103 young (105472K), 12 survivors (12288K)
 Metaspace       used 84777K, capacity 87065K, committed 87332K, reserved 1124352K
  class space    used 11025K, capacity 11830K, committed 11904K, reserved 1048576K
}
Event: 36.174 GC heap after
{Heap after GC invocations=18 (full 0):
 garbage-first heap   total 236544K, used 74180K [0x0000000080000000, 0x0000000100000000)
  region size 1024K, 13 young (13312K), 13 survivors (13312K)
 Metaspace       used 84777K, capacity 87065K, committed 87332K, reserved 1124352K
  class space    used 11025K, capacity 11830K, committed 11904K, reserved 1048576K
}
Event: 38.923 GC heap before
{Heap before GC invocations=18 (full 0):
 garbage-first heap   total 236544K, used 165316K [0x0000000080000000, 0x0000000100000000)
  region size 1024K, 103 young (105472K), 13 survivors (13312K)
 Metaspace       used 85720K, capacity 87982K, committed 88100K, reserved 1126400K
  class space    used 11076K, capacity 11862K, committed 11904K, reserved 1048576K
}
Event: 38.981 GC heap after
{Heap after GC invocations=19 (full 0):
 garbage-first heap   total 236544K, used 81781K [0x0000000080000000, 0x0000000100000000)
  region size 1024K, 7 young (7168K), 7 survivors (7168K)
 Metaspace       used 85720K, capacity 87982K, committed 88100K, reserved 1126400K
  class space    used 11076K, capacity 11862K, committed 11904K, reserved 1048576K
}
Event: 44.353 GC heap before
{Heap before GC invocations=19 (full 0):
 garbage-first heap   total 236544K, used 173941K [0x0000000080000000, 0x0000000100000000)
  region size 1024K, 96 young (98304K), 7 survivors (7168K)
 Metaspace       used 93609K, capacity 96087K, committed 96292K, reserved 1132544K
  class space    used 12023K, capacity 12869K, committed 12928K, reserved 1048576K
}
Event: 44.405 GC heap after
{Heap after GC invocations=20 (full 0):
 garbage-first heap   total 236544K, used 96384K [0x0000000080000000, 0x0000000100000000)
  region size 1024K, 12 young (12288K), 12 survivors (12288K)
 Metaspace       used 93609K, capacity 96087K, committed 96292K, reserved 1132544K
  class space    used 12023K, capacity 12869K, committed 12928K, reserved 1048576K
}
Event: 53.559 GC heap before
{Heap before GC invocations=20 (full 0):
 garbage-first heap   total 236544K, used 176256K [0x0000000080000000, 0x0000000100000000)
  region size 1024K, 91 young (93184K), 12 survivors (12288K)
 Metaspace       used 96688K, capacity 99375K, committed 99492K, reserved 1136640K
  class space    used 12286K, capacity 13235K, committed 13312K, reserved 1048576K
}
Event: 53.606 GC heap after
{Heap after GC invocations=21 (full 0):
 garbage-first heap   total 284672K, used 99328K [0x0000000080000000, 0x0000000100000000)
  region size 1024K, 7 young (7168K), 7 survivors (7168K)
 Metaspace       used 96688K, capacity 99375K, committed 99492K, reserved 1136640K
  class space    used 12286K, capacity 13235K, committed 13312K, reserved 1048576K
}
Event: 56.861 GC heap before
{Heap before GC invocations=21 (full 0):
 garbage-first heap   total 284672K, used 198656K [0x0000000080000000, 0x0000000100000000)
  region size 1024K, 102 young (104448K), 7 survivors (7168K)
 Metaspace       used 98343K, capacity 101064K, committed 101180K, reserved 1136640K
  class space    used 12521K, capacity 13523K, committed 13568K, reserved 1048576K
}
Event: 56.900 GC heap after
{Heap after GC invocations=22 (full 0):
 garbage-first heap   total 284672K, used 105846K [0x0000000080000000, 0x0000000100000000)
  region size 1024K, 13 young (13312K), 13 survivors (13312K)
 Metaspace       used 98343K, capacity 101064K, committed 101180K, reserved 1136640K
  class space    used 12521K, capacity 13523K, committed 13568K, reserved 1048576K
}
Event: 60.936 GC heap before
{Heap before GC invocations=23 (full 0):
 garbage-first heap   total 284672K, used 204150K [0x0000000080000000, 0x0000000100000000)
  region size 1024K, 110 young (112640K), 13 survivors (13312K)
 Metaspace       used 108278K, capacity 111391K, committed 111544K, reserved 1146880K
  class space    used 13822K, capacity 14976K, committed 15076K, reserved 1048576K
}
Event: 61.013 GC heap after
{Heap after GC invocations=24 (full 0):
 garbage-first heap   total 284672K, used 114688K [0x0000000080000000, 0x0000000100000000)
  region size 1024K, 14 young (14336K), 14 survivors (14336K)
 Metaspace       used 108278K, capacity 111391K, committed 111544K, reserved 1146880K
  class space    used 13822K, capacity 14976K, committed 15076K, reserved 1048576K
}
Event: 63.806 GC heap before
{Heap before GC invocations=25 (full 0):
 garbage-first heap   total 284672K, used 210944K [0x0000000080000000, 0x0000000100000000)
  region size 1024K, 110 young (112640K), 14 survivors (14336K)
 Metaspace       used 110665K, capacity 113917K, committed 114104K, reserved 1148928K
  class space    used 14065K, capacity 15280K, committed 15332K, reserved 1048576K
}
Event: 63.853 GC heap after
{Heap after GC invocations=26 (full 0):
 garbage-first heap   total 284672K, used 116428K [0x0000000080000000, 0x0000000100000000)
  region size 1024K, 3 young (3072K), 3 survivors (3072K)
 Metaspace       used 110665K, capacity 113917K, committed 114104K, reserved 1148928K
  class space    used 14065K, capacity 15280K, committed 15332K, reserved 1048576K
}
Event: 68.841 GC heap before
{Heap before GC invocations=26 (full 0):
 garbage-first heap   total 284672K, used 218828K [0x0000000080000000, 0x0000000100000000)
  region size 1024K, 101 young (103424K), 3 survivors (3072K)
 Metaspace       used 113774K, capacity 117110K, committed 117432K, reserved 1150976K
  class space    used 14523K, capacity 15765K, committed 15844K, reserved 1048576K
}
Event: 68.869 GC heap after
{Heap after GC invocations=27 (full 0):
 garbage-first heap   total 284672K, used 115127K [0x0000000080000000, 0x0000000100000000)
  region size 1024K, 3 young (3072K), 3 survivors (3072K)
 Metaspace       used 113774K, capacity 117110K, committed 117432K, reserved 1150976K
  class space    used 14523K, capacity 15765K, committed 15844K, reserved 1048576K
}
Event: 69.989 GC heap before
{Heap before GC invocations=27 (full 0):
 garbage-first heap   total 284672K, used 145847K [0x0000000080000000, 0x0000000100000000)
  region size 1024K, 34 young (34816K), 3 survivors (3072K)
 Metaspace       used 116396K, capacity 119762K, committed 119864K, reserved 1169408K
  class space    used 14846K, capacity 16134K, committed 16228K, reserved 1048576K
}
Event: 70.002 GC heap after
{Heap after GC invocations=28 (full 0):
 garbage-first heap   total 284672K, used 115248K [0x0000000080000000, 0x0000000100000000)
  region size 1024K, 3 young (3072K), 3 survivors (3072K)
 Metaspace       used 116396K, capacity 119762K, committed 119864K, reserved 1169408K
  class space    used 14846K, capacity 16134K, committed 16228K, reserved 1048576K
}

Deoptimization events (20 events):
Event: 69.889 Thread 0x00000231761dd800 Uncommon trap: trap_request=0xffffff4d fr.pc=0x00000231670c432c relative=0x000000000000046c
Event: 69.889 Thread 0x00000231761dd800 Uncommon trap: reason=unstable_if action=reinterpret pc=0x00000231670c432c method=java.io.ObjectOutputStream$BlockDataOutputStream.writeBytes(Ljava/lang/String;)V @ 22 c2
Event: 69.889 Thread 0x00000231761dd800 DEOPT PACKING pc=0x00000231670c432c sp=0x000000b956dfdf40
Event: 69.889 Thread 0x00000231761dd800 DEOPT UNPACKING pc=0x000002315f06a1af sp=0x000000b956dfdec8 mode 2
Event: 69.898 Thread 0x00000231774aa000 Uncommon trap: trap_request=0xffffff4d fr.pc=0x0000023166fabd14 relative=0x0000000000000594
Event: 69.898 Thread 0x00000231774aa000 Uncommon trap: reason=unstable_if action=reinterpret pc=0x0000023166fabd14 method=java.util.regex.Matcher.search(I)Z @ 76 c2
Event: 69.898 Thread 0x00000231774aa000 DEOPT PACKING pc=0x0000023166fabd14 sp=0x000000b956afbc50
Event: 69.898 Thread 0x00000231774aa000 DEOPT UNPACKING pc=0x000002315f06a1af sp=0x000000b956afbbb0 mode 2
Event: 69.898 Thread 0x00000231774aa000 Uncommon trap: trap_request=0xffffff4d fr.pc=0x0000023166e560f0 relative=0x00000000000005d0
Event: 69.898 Thread 0x00000231774aa000 Uncommon trap: reason=unstable_if action=reinterpret pc=0x0000023166e560f0 method=java.util.regex.Matcher.search(I)Z @ 76 c2
Event: 69.898 Thread 0x00000231774aa000 DEOPT PACKING pc=0x0000023166e560f0 sp=0x000000b956afbbd0
Event: 69.898 Thread 0x00000231774aa000 DEOPT UNPACKING pc=0x000002315f06a1af sp=0x000000b956afbba0 mode 2
Event: 69.902 Thread 0x000002317c804000 DEOPT PACKING pc=0x000002315ff966cc sp=0x000000b957efef00
Event: 69.902 Thread 0x000002317c804000 DEOPT UNPACKING pc=0x000002315f06a95e sp=0x000000b957efe510 mode 0
Event: 69.903 Thread 0x000002317c806000 DEOPT PACKING pc=0x000002315ff966cc sp=0x000000b95aafec20
Event: 69.903 Thread 0x000002317c806000 DEOPT UNPACKING pc=0x000002315f06a95e sp=0x000000b95aafe230 mode 0
Event: 69.915 Thread 0x00000231774aa000 Uncommon trap: trap_request=0xffffff4d fr.pc=0x0000023166f8c1d8 relative=0x0000000000000218
Event: 69.915 Thread 0x00000231774aa000 Uncommon trap: reason=unstable_if action=reinterpret pc=0x0000023166f8c1d8 method=org.gradle.internal.util.Trie.find(Ljava/lang/CharSequence;)Z @ 91 c2
Event: 69.915 Thread 0x00000231774aa000 DEOPT PACKING pc=0x0000023166f8c1d8 sp=0x000000b956afb290
Event: 69.915 Thread 0x00000231774aa000 DEOPT UNPACKING pc=0x000002315f06a1af sp=0x000000b956afb1f8 mode 2

Classes redefined (0 events):
No events

Internal exceptions (20 events):
Event: 65.013 Thread 0x000002317c80c800 Exception <a 'sun/nio/fs/WindowsException'{0x000000008fec83d0}> (0x000000008fec83d0) thrown at [./src/hotspot/share/prims/jni.cpp, line 615]
Event: 65.093 Thread 0x000002317c80c800 Exception <a 'sun/nio/fs/WindowsException'{0x000000008fecf860}> (0x000000008fecf860) thrown at [./src/hotspot/share/prims/jni.cpp, line 615]
Event: 65.176 Thread 0x000002317c80c800 Exception <a 'sun/nio/fs/WindowsException'{0x000000008fed7318}> (0x000000008fed7318) thrown at [./src/hotspot/share/prims/jni.cpp, line 615]
Event: 65.646 Thread 0x000002317c803800 Exception <a 'java/lang/NoSuchMethodError'{0x000000008f9c1910}: <clinit>> (0x000000008f9c1910) thrown at [./src/hotspot/share/prims/jni.cpp, line 1365]
Event: 66.319 Thread 0x000002317c80e000 Exception <a 'sun/nio/fs/WindowsException'{0x000000008ef69bc0}> (0x000000008ef69bc0) thrown at [./src/hotspot/share/prims/jni.cpp, line 615]
Event: 66.661 Thread 0x000002317c80a000 Exception <a 'sun/nio/fs/WindowsException'{0x000000008e49d218}> (0x000000008e49d218) thrown at [./src/hotspot/share/prims/jni.cpp, line 615]
Event: 67.017 Thread 0x000002317c80a000 Exception <a 'sun/nio/fs/WindowsException'{0x000000008d5d4508}> (0x000000008d5d4508) thrown at [./src/hotspot/share/prims/jni.cpp, line 615]
Event: 67.468 Thread 0x000002317c80e000 Exception <a 'sun/nio/fs/WindowsException'{0x000000008caafd38}> (0x000000008caafd38) thrown at [./src/hotspot/share/prims/jni.cpp, line 615]
Event: 67.988 Thread 0x000002317c803800 Exception <a 'sun/nio/fs/WindowsException'{0x000000008c9bc608}> (0x000000008c9bc608) thrown at [./src/hotspot/share/prims/jni.cpp, line 615]
Event: 67.988 Thread 0x000002317c803800 Exception <a 'sun/nio/fs/WindowsException'{0x000000008c9bd478}> (0x000000008c9bd478) thrown at [./src/hotspot/share/prims/jni.cpp, line 615]
Event: 69.859 Thread 0x000002317c803800 Exception <a 'java/lang/OutOfMemoryError'{0x000000008fc3eaf8}> (0x000000008fc3eaf8) thrown at [./src/hotspot/share/prims/jni.cpp, line 636]
Event: 69.859 Thread 0x000002317c803800 Exception <a 'java/lang/OutOfMemoryError'{0x000000008fc3eaf8}> (0x000000008fc3eaf8) thrown at [./src/hotspot/share/prims/jvm.cpp, line 1310]
Event: 69.859 Thread 0x000002317c803800 Exception <a 'java/lang/OutOfMemoryError'{0x000000008fc3eaf8}> (0x000000008fc3eaf8) thrown at [./src/hotspot/share/oops/instanceKlass.cpp, line 1029]
Event: 69.859 Thread 0x000002317c803800 Exception <a 'java/lang/reflect/InvocationTargetException'{0x000000008fc3f868}> (0x000000008fc3f868) thrown at [./src/hotspot/share/runtime/reflection.cpp, line 1247]
Event: 69.883 Thread 0x00000231761dd800 Exception <a 'java/lang/NoSuchMethodError'{0x000000008fa5efc8}: <clinit>> (0x000000008fa5efc8) thrown at [./src/hotspot/share/prims/jni.cpp, line 1365]
Event: 69.888 Thread 0x00000231761dd800 Exception <a 'java/lang/NoSuchMethodError'{0x000000008f908958}: <clinit>> (0x000000008f908958) thrown at [./src/hotspot/share/prims/jni.cpp, line 1365]
Event: 69.916 Thread 0x000002317c804000 Exception <a 'sun/nio/fs/WindowsException'{0x000000008f961308}> (0x000000008f961308) thrown at [./src/hotspot/share/prims/jni.cpp, line 615]
Event: 69.940 Thread 0x00000231774aa000 Exception <a 'sun/nio/fs/WindowsException'{0x000000008f811468}> (0x000000008f811468) thrown at [./src/hotspot/share/prims/jni.cpp, line 615]
Event: 69.940 Thread 0x00000231774aa000 Exception <a 'sun/nio/fs/WindowsException'{0x000000008f8114e8}> (0x000000008f8114e8) thrown at [./src/hotspot/share/prims/jni.cpp, line 615]
Event: 69.941 Thread 0x00000231774aa000 Exception <a 'sun/nio/fs/WindowsException'{0x000000008f812e78}> (0x000000008f812e78) thrown at [./src/hotspot/share/prims/jni.cpp, line 615]

Events (20 events):
Event: 69.984 loading class com/google/wireless/android/sdk/stats/GradleCppSyncStatsOrBuilder done
Event: 69.985 loading class com/google/wireless/android/sdk/stats/LayoutInspectorEventOrBuilder
Event: 69.985 loading class com/google/wireless/android/sdk/stats/LayoutInspectorEventOrBuilder done
Event: 69.985 loading class com/google/wireless/android/sdk/stats/AppLinksAssistantEventOrBuilder
Event: 69.985 loading class com/google/wireless/android/sdk/stats/AppLinksAssistantEventOrBuilder done
Event: 69.986 loading class com/google/wireless/android/sdk/stats/StudioProjectChangeOrBuilder
Event: 69.986 loading class com/google/wireless/android/sdk/stats/StudioProjectChangeOrBuilder done
Event: 69.986 loading class com/google/wireless/android/sdk/stats/CppHeadersViewEventOrBuilder
Event: 69.986 loading class com/google/wireless/android/sdk/stats/CppHeadersViewEventOrBuilder done
Event: 69.987 loading class com/google/wireless/android/sdk/stats/DataBindingEventOrBuilder
Event: 69.987 loading class com/google/wireless/android/sdk/stats/DataBindingEventOrBuilder done
Event: 69.987 loading class com/google/wireless/android/sdk/stats/CMakeEditingEventOrBuilder
Event: 69.987 loading class com/google/wireless/android/sdk/stats/CMakeEditingEventOrBuilder done
Event: 69.987 loading class com/google/common/reflect/TypeResolver
Event: 69.987 loading class com/google/common/reflect/TypeResolver done
Event: 69.988 loading class com/google/wireless/android/sdk/stats/LintSessionOrBuilder
Event: 69.988 loading class com/google/wireless/android/sdk/stats/LintSessionOrBuilder done
Event: 69.988 loading class com/google/wireless/android/sdk/stats/PSDEventOrBuilder
Event: 69.988 loading class com/google/wireless/android/sdk/stats/PSDEventOrBuilder done
Event: 69.989 Executing VM operation: CollectForMetadataAllocation


Dynamic libraries:
0x00007ff7299f0000 - 0x00007ff7299fa000 	C:\Program Files\Android\Android Studio1\jre\bin\java.exe
0x00007ffcb01e0000 - 0x00007ffcb03d0000 	C:\Windows\SYSTEM32\ntdll.dll
0x00007ffcaf3c0000 - 0x00007ffcaf472000 	C:\Windows\System32\KERNEL32.DLL
0x00007ffcadef0000 - 0x00007ffcae195000 	C:\Windows\System32\KERNELBASE.dll
0x00007ffcad330000 - 0x00007ffcad42a000 	C:\Windows\System32\ucrtbase.dll
0x00007ffca5010000 - 0x00007ffca5027000 	C:\Program Files\Android\Android Studio1\jre\bin\VCRUNTIME140.dll
0x00007ffc9e530000 - 0x00007ffc9e549000 	C:\Program Files\Android\Android Studio1\jre\bin\jli.dll
0x00007ffcae290000 - 0x00007ffcae424000 	C:\Windows\System32\USER32.dll
0x00007ffcae260000 - 0x00007ffcae281000 	C:\Windows\System32\win32u.dll
0x00007ffcaf040000 - 0x00007ffcaf066000 	C:\Windows\System32\GDI32.dll
0x00007ffcadd50000 - 0x00007ffcadee8000 	C:\Windows\System32\gdi32full.dll
0x00007ffcae1c0000 - 0x00007ffcae25e000 	C:\Windows\System32\msvcp_win.dll
0x00007ffc9a9c0000 - 0x00007ffc9ac44000 	C:\Windows\WinSxS\amd64_microsoft.windows.common-controls_6595b64144ccf1df_6.0.18362.1316_none_9e7a364fe461dbd7\COMCTL32.dll
0x00007ffcaed50000 - 0x00007ffcaedee000 	C:\Windows\System32\msvcrt.dll
0x00007ffcafe00000 - 0x00007ffcb0137000 	C:\Windows\System32\combase.dll
0x00007ffcaeec0000 - 0x00007ffcaefdf000 	C:\Windows\System32\RPCRT4.dll
0x00007ffcadcc0000 - 0x00007ffcadd41000 	C:\Windows\System32\bcryptPrimitives.dll
0x00007ffcaf480000 - 0x00007ffcaf4ae000 	C:\Windows\System32\IMM32.DLL
0x00007ffc96ed0000 - 0x00007ffc96f6d000 	C:\Program Files\Android\Android Studio1\jre\bin\msvcp140.dll
0x00007ffc5ece0000 - 0x00007ffc5f7c5000 	C:\Program Files\Android\Android Studio1\jre\bin\server\jvm.dll
0x00007ffcae580000 - 0x00007ffcae623000 	C:\Windows\System32\ADVAPI32.dll
0x00007ffcafd60000 - 0x00007ffcafdf7000 	C:\Windows\System32\sechost.dll
0x00007ffcaed20000 - 0x00007ffcaed28000 	C:\Windows\System32\PSAPI.DLL
0x00007ffc8c790000 - 0x00007ffc8c799000 	C:\Windows\SYSTEM32\WSOCK32.dll
0x00007ffcaf4b0000 - 0x00007ffcaf51f000 	C:\Windows\System32\WS2_32.dll
0x00007ffcaaf10000 - 0x00007ffcaaf34000 	C:\Windows\SYSTEM32\WINMM.dll
0x00007ffcaaee0000 - 0x00007ffcaaf0d000 	C:\Windows\SYSTEM32\WINMMBASE.dll
0x00007ffcad160000 - 0x00007ffcad1aa000 	C:\Windows\System32\cfgmgr32.dll
0x00007ffc9e230000 - 0x00007ffc9e23a000 	C:\Windows\SYSTEM32\VERSION.dll
0x00007ffcad110000 - 0x00007ffcad121000 	C:\Windows\System32\kernel.appcore.dll
0x00007ffca4d80000 - 0x00007ffca4d91000 	C:\Program Files\Android\Android Studio1\jre\bin\verify.dll
0x00007ffc9ac80000 - 0x00007ffc9ae74000 	C:\Windows\SYSTEM32\DBGHELP.DLL
0x00007ffc9ac50000 - 0x00007ffc9ac7a000 	C:\Windows\SYSTEM32\dbgcore.DLL
0x00007ffc9c840000 - 0x00007ffc9c869000 	C:\Program Files\Android\Android Studio1\jre\bin\java.dll
0x00007ffca5350000 - 0x00007ffca535b000 	C:\Program Files\Android\Android Studio1\jre\bin\jimage.dll
0x00007ffc9c780000 - 0x00007ffc9c798000 	C:\Program Files\Android\Android Studio1\jre\bin\zip.dll
0x00007ffcae630000 - 0x00007ffcaed18000 	C:\Windows\System32\SHELL32.dll
0x00007ffcafad0000 - 0x00007ffcafb77000 	C:\Windows\System32\shcore.dll
0x00007ffcad540000 - 0x00007ffcadcbb000 	C:\Windows\System32\windows.storage.dll
0x00007ffcad130000 - 0x00007ffcad153000 	C:\Windows\System32\profapi.dll
0x00007ffcad0c0000 - 0x00007ffcad10a000 	C:\Windows\System32\powrprof.dll
0x00007ffcad090000 - 0x00007ffcad0a0000 	C:\Windows\System32\UMPDC.dll
0x00007ffcaf130000 - 0x00007ffcaf182000 	C:\Windows\System32\shlwapi.dll
0x00007ffcae1a0000 - 0x00007ffcae1b7000 	C:\Windows\System32\cryptsp.dll
0x00007ffc9be30000 - 0x00007ffc9be4a000 	C:\Program Files\Android\Android Studio1\jre\bin\net.dll
0x00007ffca09d0000 - 0x00007ffca0ac0000 	C:\Windows\SYSTEM32\WINHTTP.dll
0x00007ffcac870000 - 0x00007ffcac8d7000 	C:\Windows\system32\mswsock.dll
0x00007ffc9b650000 - 0x00007ffc9b664000 	C:\Program Files\Android\Android Studio1\jre\bin\nio.dll
0x00007ffc9c750000 - 0x00007ffc9c777000 	C:\Users\admin\.gradle\native\e1d6ef7f7dcc3fd88c89a11ec53ec762bb8ba0a96d01ffa2cd45eb1d1d8dd5c5\windows-amd64\native-platform.dll
0x00007ffc923b0000 - 0x00007ffc924f4000 	C:\Users\admin\.gradle\native\5664cfc778a61ccfe75a443a1ab52a65af34e5dc3c78e0209fed803814484fcb\windows-amd64\native-platform-file-events.dll
0x00007ffca4e40000 - 0x00007ffca4e4a000 	C:\Program Files\Android\Android Studio1\jre\bin\management.dll
0x00007ffca4d70000 - 0x00007ffca4d7d000 	C:\Program Files\Android\Android Studio1\jre\bin\management_ext.dll
0x00007ffcac3f0000 - 0x00007ffcac423000 	C:\Windows\system32\rsaenh.dll
0x00007ffcad1b0000 - 0x00007ffcad1d6000 	C:\Windows\System32\bcrypt.dll
0x00007ffcacf70000 - 0x00007ffcacf95000 	C:\Windows\SYSTEM32\USERENV.dll
0x00007ffcaca40000 - 0x00007ffcaca4c000 	C:\Windows\SYSTEM32\CRYPTBASE.dll
0x00007ffcac580000 - 0x00007ffcac5ba000 	C:\Windows\SYSTEM32\IPHLPAPI.DLL
0x00007ffcae430000 - 0x00007ffcae438000 	C:\Windows\System32\NSI.dll
0x00007ffc9fff0000 - 0x00007ffca0006000 	C:\Windows\SYSTEM32\dhcpcsvc6.DLL
0x00007ffca0710000 - 0x00007ffca072c000 	C:\Windows\SYSTEM32\dhcpcsvc.DLL
0x00007ffcac5c0000 - 0x00007ffcac68b000 	C:\Windows\SYSTEM32\DNSAPI.dll

dbghelp: loaded successfully - version: 4.0.5 - missing functions: none
symbol engine: initialized successfully - sym options: 0x614 - pdb path: .;C:\Program Files\Android\Android Studio1\jre\bin;C:\Windows\SYSTEM32;C:\Windows\WinSxS\amd64_microsoft.windows.common-controls_6595b64144ccf1df_6.0.18362.1316_none_9e7a364fe461dbd7;C:\Program Files\Android\Android Studio1\jre\bin\server;C:\Users\admin\.gradle\native\e1d6ef7f7dcc3fd88c89a11ec53ec762bb8ba0a96d01ffa2cd45eb1d1d8dd5c5\windows-amd64;C:\Users\admin\.gradle\native\5664cfc778a61ccfe75a443a1ab52a65af34e5dc3c78e0209fed803814484fcb\windows-amd64

VM Arguments:
jvm_args: --add-opens=java.base/java.util=ALL-UNNAMED --add-opens=java.base/java.lang=ALL-UNNAMED --add-opens=java.base/java.lang.invoke=ALL-UNNAMED --add-opens=java.base/java.util=ALL-UNNAMED --add-opens=java.prefs/java.util.prefs=ALL-UNNAMED --add-opens=java.prefs/java.util.prefs=ALL-UNNAMED --add-opens=java.base/java.nio.charset=ALL-UNNAMED --add-opens=java.base/java.net=ALL-UNNAMED --add-opens=java.base/java.util.concurrent.atomic=ALL-UNNAMED -Xmx2048m -Dfile.encoding=UTF-8 -Duser.country=KR -Duser.language=ko -Duser.variant 
java_command: org.gradle.launcher.daemon.bootstrap.GradleDaemon 7.3.3
java_class_path (initial): C:\Users\admin\.gradle\wrapper\dists\gradle-7.3.3-bin\6a41zxkdtcxs8rphpq6y0069z\gradle-7.3.3\lib\gradle-launcher-7.3.3.jar
Launcher Type: SUN_STANDARD

[Global flags]
     intx CICompilerCount                          = 3                                         {product} {ergonomic}
     uint ConcGCThreads                            = 1                                         {product} {ergonomic}
     uint G1ConcRefinementThreads                  = 4                                         {product} {ergonomic}
   size_t G1HeapRegionSize                         = 1048576                                   {product} {ergonomic}
    uintx GCDrainStackTargetSize                   = 64                                        {product} {ergonomic}
   size_t InitialHeapSize                          = 201326592                                 {product} {ergonomic}
   size_t MarkStackSize                            = 4194304                                   {product} {ergonomic}
   size_t MaxHeapSize                              = 2147483648                                {product} {command line}
   size_t MaxNewSize                               = 1287651328                                {product} {ergonomic}
   size_t MinHeapDeltaBytes                        = 1048576                                   {product} {ergonomic}
    uintx NonNMethodCodeHeapSize                   = 5830732                                {pd product} {ergonomic}
    uintx NonProfiledCodeHeapSize                  = 122913754                              {pd product} {ergonomic}
    uintx ProfiledCodeHeapSize                     = 122913754                              {pd product} {ergonomic}
    uintx ReservedCodeCacheSize                    = 251658240                              {pd product} {ergonomic}
     bool SegmentedCodeCache                       = true                                      {product} {ergonomic}
     bool UseCompressedClassPointers               = true                                 {lp64_product} {ergonomic}
     bool UseCompressedOops                        = true                                 {lp64_product} {ergonomic}
     bool UseG1GC                                  = true                                      {product} {ergonomic}
     bool UseLargePagesIndividualAllocation        = false                                  {pd product} {ergonomic}

Logging:
Log output configuration:
 #0: stdout all=warning uptime,level,tags
 #1: stderr all=off uptime,level,tags

Environment Variables:
JAVA_HOME=C:\Program Files\Java\jdk-15.0.2
PATH=C:\app\admin\product\21c\dbhomeXE\bin;C:\Program Files\Common Files\Oracle\Java\javapath;C:\Program Files\AdoptOpenJDK\jdk-8.0.282.8-hotspot\bin;C:\Windows\system32;C:\Windows;C:\Windows\System32\Wbem;C:\Windows\System32\WindowsPowerShell\v1.0\;C:\Windows\System32\OpenSSH\;C:\Program Files\dotnet\;C:\Program Files\Microsoft SQL Server\130\Tools\Binn\;C:\Program Files\MySQL\MySQL Server 8.0\bin;C:\Program Files\Git LFS;C:\Program Files\Git\cmd;C:\Users\admin\AppData\Local\Microsoft\WindowsApps;C:\Program Files\Java\jdk-14.0.2\bin;C:\Users\admin\AppData\Local\Programs\Microsoft VS Code\bin;C:\Program Files\Bandizip\
USERNAME=admin
OS=Windows_NT
PROCESSOR_IDENTIFIER=Intel64 Family 6 Model 78 Stepping 3, GenuineIntel



---------------  S Y S T E M  ---------------

OS: Windows 10 , 64 bit Build 18362 (10.0.18362.1316)
OS uptime: 7 days 19:52 hours

CPU:total 4 (initial active 4) (2 cores per cpu, 2 threads per core) family 6 model 78 stepping 3 microcode 0xd6, cmov, cx8, fxsr, mmx, sse, sse2, sse3, ssse3, sse4.1, sse4.2, popcnt, avx, avx2, aes, clmul, erms, rtm, 3dnowpref, lzcnt, ht, tsc, tscinvbit, bmi1, bmi2, adx, fma

Memory: 4k page, system-wide physical 12161M (2287M free)
TotalPageFile size 13553M (AvailPageFile size 19M)
current process WorkingSet (physical memory assigned to process): 612M, peak: 615M
current process commit charge ("private bytes"): 642M, peak: 645M

vm_info: OpenJDK 64-Bit Server VM (11.0.12+7-b1504.28-7817840) for windows-amd64 JRE (11.0.12+7-b1504.28-7817840), built on Oct 13 2021 22:12:33 by "builder" with MS VC++ 14.0 (VS2015)

END.
