#
# There is insufficient memory for the Java Runtime Environment to continue.
# Native memory allocation (malloc) failed to allocate 1432496 bytes for Chunk::new
# Possible reasons:
#   The system is out of physical RAM or swap space
#   The process is running with CompressedOops enabled, and the Java Heap may be blocking the growth of the native heap
# Possible solutions:
#   Reduce memory load on the system
#   Increase physical memory or swap space
#   Check if swap backing store is full
#   Decrease Java heap size (-Xmx/-Xms)
#   Decrease number of Java threads
#   Decrease Java thread stack sizes (-Xss)
#   Set larger code cache with -XX:ReservedCodeCacheSize=
#   JVM is running with Unscaled Compressed Oops mode in which the Java heap is
#     placed in the first 4GB address space. The Java Heap base address is the
#     maximum limit for the native heap growth. Please use -XX:HeapBaseMinAddress
#     to set the Java Heap base and to place the Java Heap above 4GB virtual address.
# This output file may be truncated or incomplete.
#
#  Out of Memory Error (./src/hotspot/share/memory/arena.cpp:197), pid=17716, tid=24356
#
# JRE version: OpenJDK Runtime Environment (11.0.12+7) (build 11.0.12+7-b1504.28-7817840)
# Java VM: OpenJDK 64-Bit Server VM (11.0.12+7-b1504.28-7817840, mixed mode, tiered, compressed oops, g1 gc, windows-amd64)
# No core dump will be written. Minidumps are not enabled by default on client versions of Windows
#

---------------  S U M M A R Y ------------

Command Line: --add-opens=java.base/java.util=ALL-UNNAMED --add-opens=java.base/java.lang=ALL-UNNAMED --add-opens=java.base/java.lang.invoke=ALL-UNNAMED --add-opens=java.base/java.util=ALL-UNNAMED --add-opens=java.prefs/java.util.prefs=ALL-UNNAMED --add-opens=java.prefs/java.util.prefs=ALL-UNNAMED --add-opens=java.base/java.nio.charset=ALL-UNNAMED --add-opens=java.base/java.net=ALL-UNNAMED --add-opens=java.base/java.util.concurrent.atomic=ALL-UNNAMED -Xmx2048m -Dfile.encoding=UTF-8 -Duser.country=KR -Duser.language=ko -Duser.variant org.gradle.launcher.daemon.bootstrap.GradleDaemon 7.3.3

Host: Intel(R) Core(TM) i3-6100U CPU @ 2.30GHz, 4 cores, 11G,  Windows 10 , 64 bit Build 18362 (10.0.18362.1316)
Time: Wed Jul 13 08:42:34 2022 ¢¥eCN©öI¡¾©ö C¡ÍA¨ª¨öA elapsed time: 52.170465 seconds (0d 0h 0m 52s)

---------------  T H R E A D  ---------------

Current thread (0x00000206a9ecb000):  JavaThread "C2 CompilerThread1" daemon [_thread_in_native, id=24356, stack(0x000000f37ce00000,0x000000f37cf00000)]


Current CompileTask:
C2:  52170 12994       4       com.sun.tools.javac.code.Symtab::enterClass (71 bytes)

Stack: [0x000000f37ce00000,0x000000f37cf00000]
Native frames: (J=compiled Java code, j=interpreted, Vv=VM code, C=native code)
V  [jvm.dll+0x5fbcea]
V  [jvm.dll+0x731905]
V  [jvm.dll+0x732f1d]
V  [jvm.dll+0x7335d3]
V  [jvm.dll+0x247bf8]
V  [jvm.dll+0xc018c]
V  [jvm.dll+0xc06cc]
V  [jvm.dll+0x35b2db]
V  [jvm.dll+0x328803]
V  [jvm.dll+0x327cfa]
V  [jvm.dll+0x200602]
V  [jvm.dll+0x1ff794]
V  [jvm.dll+0x18868c]
V  [jvm.dll+0x20e0d7]
V  [jvm.dll+0x20c901]
V  [jvm.dll+0x6f9b7f]
V  [jvm.dll+0x6f26a5]
V  [jvm.dll+0x5fabf6]
C  [ucrtbase.dll+0x210b2]
C  [KERNEL32.DLL+0x17c24]
C  [ntdll.dll+0x6d4d1]


---------------  P R O C E S S  ---------------

Threads class SMR info:
_java_thread_list=0x00000206ab5b5c40, length=95, elements={
0x000002068d524800, 0x00000206a7138000, 0x00000206a7143800, 0x00000206a7978000,
0x00000206a79c4000, 0x00000206a79c5000, 0x00000206a79c8000, 0x00000206a7a31800,
0x00000206a7a38000, 0x00000206a7b50000, 0x00000206aa373000, 0x00000206a928c800,
0x00000206a8f30000, 0x00000206a92ee800, 0x00000206aa26e800, 0x00000206aa152800,
0x00000206a90aa000, 0x00000206a951e800, 0x00000206a8b60800, 0x00000206a7e44800,
0x00000206a7e42000, 0x00000206a7e43000, 0x00000206a7e45800, 0x00000206a7e44000,
0x00000206a7e46800, 0x00000206a7e40800, 0x00000206a7e47000, 0x00000206a7e41800,
0x00000206ab406800, 0x00000206ab407000, 0x00000206ab405800, 0x00000206ab408000,
0x00000206ab409800, 0x00000206ab40a800, 0x00000206aae25000, 0x00000206aae27800,
0x00000206aae26000, 0x00000206aae2c800, 0x00000206aae27000, 0x00000206aae2d800,
0x00000206aae2b000, 0x00000206aae2c000, 0x00000206aae2e000, 0x00000206aae28800,
0x00000206aae2f000, 0x00000206aae2a000, 0x00000206aae29800, 0x00000206aae31800,
0x00000206aae32800, 0x00000206aae34000, 0x00000206aae30000, 0x00000206aae30800,
0x00000206aae33000, 0x00000206ab3a6000, 0x00000206ab3a7000, 0x00000206ab3a7800,
0x00000206ab3a8800, 0x00000206ab3a3000, 0x00000206ab3a9800, 0x00000206ab3a4800,
0x00000206ab3a3800, 0x00000206ab3aa000, 0x00000206ab3ab000, 0x00000206ab3a5000,
0x00000206ab3ae000, 0x00000206ab3ad800, 0x00000206ab3b0800, 0x00000206ab3ac800,
0x00000206ab3b1800, 0x00000206ab3af000, 0x00000206ab3b0000, 0x00000206ab3ac000,
0x00000206ade42000, 0x00000206ade40800, 0x00000206ade3d000, 0x00000206ade3e000,
0x00000206ade43000, 0x00000206ade43800, 0x00000206ade3f000, 0x00000206ade45800,
0x00000206ade3f800, 0x00000206ade46000, 0x00000206ade47000, 0x00000206ade41000,
0x00000206ade4a000, 0x00000206ade48000, 0x00000206ade48800, 0x00000206ade49800,
0x00000206ade4b000, 0x00000206a9ec5800, 0x00000206a9ec7000, 0x00000206a9ec6000,
0x00000206a9ecc000, 0x00000206a9eca000, 0x00000206a9ecb000
}

Java Threads: ( => current thread )
  0x000002068d524800 JavaThread "main" [_thread_blocked, id=4276, stack(0x000000f376900000,0x000000f376a00000)]
  0x00000206a7138000 JavaThread "Reference Handler" daemon [_thread_blocked, id=22228, stack(0x000000f377000000,0x000000f377100000)]
  0x00000206a7143800 JavaThread "Finalizer" daemon [_thread_blocked, id=27692, stack(0x000000f377100000,0x000000f377200000)]
  0x00000206a7978000 JavaThread "Signal Dispatcher" daemon [_thread_blocked, id=10256, stack(0x000000f377200000,0x000000f377300000)]
  0x00000206a79c4000 JavaThread "Attach Listener" daemon [_thread_blocked, id=22788, stack(0x000000f377300000,0x000000f377400000)]
  0x00000206a79c5000 JavaThread "Service Thread" daemon [_thread_blocked, id=1420, stack(0x000000f377400000,0x000000f377500000)]
  0x00000206a79c8000 JavaThread "C2 CompilerThread0" daemon [_thread_in_native, id=22392, stack(0x000000f377500000,0x000000f377600000)]
  0x00000206a7a31800 JavaThread "C1 CompilerThread0" daemon [_thread_blocked, id=6620, stack(0x000000f377600000,0x000000f377700000)]
  0x00000206a7a38000 JavaThread "Sweeper thread" daemon [_thread_blocked, id=17064, stack(0x000000f377700000,0x000000f377800000)]
  0x00000206a7b50000 JavaThread "Common-Cleaner" daemon [_thread_blocked, id=19436, stack(0x000000f377800000,0x000000f377900000)]
  0x00000206aa373000 JavaThread "Daemon health stats" [_thread_blocked, id=28340, stack(0x000000f377e00000,0x000000f377f00000)]
  0x00000206a928c800 JavaThread "Incoming local TCP Connector on port 64942" [_thread_in_native, id=12368, stack(0x000000f377d00000,0x000000f377e00000)]
  0x00000206a8f30000 JavaThread "Daemon periodic checks" [_thread_blocked, id=17760, stack(0x000000f377f00000,0x000000f378000000)]
  0x00000206a92ee800 JavaThread "Daemon" [_thread_blocked, id=8240, stack(0x000000f378000000,0x000000f378100000)]
  0x00000206aa26e800 JavaThread "Handler for socket connection from /127.0.0.1:64942 to /127.0.0.1:64943" [_thread_in_native, id=17852, stack(0x000000f378100000,0x000000f378200000)]
  0x00000206aa152800 JavaThread "Cancel handler" [_thread_blocked, id=26084, stack(0x000000f378200000,0x000000f378300000)]
  0x00000206a90aa000 JavaThread "Daemon worker" [_thread_blocked, id=25952, stack(0x000000f378300000,0x000000f378400000)]
  0x00000206a951e800 JavaThread "Asynchronous log dispatcher for DefaultDaemonConnection: socket connection from /127.0.0.1:64942 to /127.0.0.1:64943" [_thread_blocked, id=12712, stack(0x000000f378400000,0x000000f378500000)]
  0x00000206a8b60800 JavaThread "Stdin handler" [_thread_blocked, id=23912, stack(0x000000f378500000,0x000000f378600000)]
  0x00000206a7e44800 JavaThread "Daemon client event forwarder" [_thread_blocked, id=14544, stack(0x000000f378600000,0x000000f378700000)]
  0x00000206a7e42000 JavaThread "Cache worker for journal cache (C:\Users\admin\.gradle\caches\journal-1)" [_thread_blocked, id=26980, stack(0x000000f378700000,0x000000f378800000)]
  0x00000206a7e43000 JavaThread "File lock request listener" [_thread_in_native, id=672, stack(0x000000f378800000,0x000000f378900000)]
  0x00000206a7e45800 JavaThread "Cache worker for file hash cache (C:\Users\admin\.gradle\caches\7.3.3\fileHashes)" [_thread_blocked, id=25780, stack(0x000000f378900000,0x000000f378a00000)]
  0x00000206a7e44000 JavaThread "Cache worker for file hash cache (C:\Users\admin\Desktop\project_closet\.gradle\7.3.3\fileHashes)" [_thread_blocked, id=8264, stack(0x000000f378a00000,0x000000f378b00000)]
  0x00000206a7e46800 JavaThread "File watcher server" daemon [_thread_in_native, id=10060, stack(0x000000f378c00000,0x000000f378d00000)]
  0x00000206a7e40800 JavaThread "File watcher consumer" daemon [_thread_blocked, id=15652, stack(0x000000f378d00000,0x000000f378e00000)]
  0x00000206a7e47000 JavaThread "Cache worker for checksums cache (C:\Users\admin\Desktop\project_closet\.gradle\7.3.3\checksums)" [_thread_blocked, id=24544, stack(0x000000f378e00000,0x000000f378f00000)]
  0x00000206a7e41800 JavaThread "Cache worker for cache directory md-supplier (C:\Users\admin\.gradle\caches\7.3.3\md-supplier)" [_thread_blocked, id=18896, stack(0x000000f378f00000,0x000000f379000000)]
  0x00000206ab406800 JavaThread "Cache worker for cache directory md-rule (C:\Users\admin\.gradle\caches\7.3.3\md-rule)" [_thread_blocked, id=23192, stack(0x000000f379000000,0x000000f379100000)]
  0x00000206ab407000 JavaThread "Cache worker for execution history cache (C:\Users\admin\.gradle\caches\7.3.3\executionHistory)" [_thread_blocked, id=16460, stack(0x000000f379100000,0x000000f379200000)]
  0x00000206ab405800 JavaThread "jar transforms" [_thread_blocked, id=23440, stack(0x000000f379200000,0x000000f379300000)]
  0x00000206ab408000 JavaThread "Cache worker for file content cache (C:\Users\admin\.gradle\caches\7.3.3\fileContent)" [_thread_blocked, id=25032, stack(0x000000f379300000,0x000000f379400000)]
  0x00000206ab409800 JavaThread "jar transforms Thread 2" [_thread_blocked, id=17780, stack(0x000000f379400000,0x000000f379500000)]
  0x00000206ab40a800 JavaThread "Cache worker for dependencies-accessors (C:\Users\admin\Desktop\project_closet\.gradle\7.3.3\dependencies-accessors)" [_thread_blocked, id=21988, stack(0x000000f379500000,0x000000f379600000)]
  0x00000206aae25000 JavaThread "jar transforms Thread 3" [_thread_blocked, id=1528, stack(0x000000f379600000,0x000000f379700000)]
  0x00000206aae27800 JavaThread "Cache worker for Build Output Cleanup Cache (C:\Users\admin\Desktop\project_closet\.gradle\buildOutputCleanup)" [_thread_blocked, id=26804, stack(0x000000f379700000,0x000000f379800000)]
  0x00000206aae26000 JavaThread "Unconstrained build operations" [_thread_blocked, id=24840, stack(0x000000f379800000,0x000000f379900000)]
  0x00000206aae2c800 JavaThread "Unconstrained build operations Thread 2" [_thread_blocked, id=8216, stack(0x000000f379900000,0x000000f379a00000)]
  0x00000206aae27000 JavaThread "Unconstrained build operations Thread 3" [_thread_blocked, id=22968, stack(0x000000f379a00000,0x000000f379b00000)]
  0x00000206aae2d800 JavaThread "Unconstrained build operations Thread 4" [_thread_blocked, id=10708, stack(0x000000f379b00000,0x000000f379c00000)]
  0x00000206aae2b000 JavaThread "Unconstrained build operations Thread 5" [_thread_blocked, id=14724, stack(0x000000f379c00000,0x000000f379d00000)]
  0x00000206aae2c000 JavaThread "Unconstrained build operations Thread 6" [_thread_blocked, id=21784, stack(0x000000f379d00000,0x000000f379e00000)]
  0x00000206aae2e000 JavaThread "Unconstrained build operations Thread 7" [_thread_blocked, id=17480, stack(0x000000f379e00000,0x000000f379f00000)]
  0x00000206aae28800 JavaThread "Unconstrained build operations Thread 8" [_thread_blocked, id=5380, stack(0x000000f379f00000,0x000000f37a000000)]
  0x00000206aae2f000 JavaThread "Unconstrained build operations Thread 9" [_thread_blocked, id=16396, stack(0x000000f37a000000,0x000000f37a100000)]
  0x00000206aae2a000 JavaThread "Unconstrained build operations Thread 10" [_thread_blocked, id=28424, stack(0x000000f37a100000,0x000000f37a200000)]
  0x00000206aae29800 JavaThread "Unconstrained build operations Thread 11" [_thread_blocked, id=2084, stack(0x000000f37a200000,0x000000f37a300000)]
  0x00000206aae31800 JavaThread "Unconstrained build operations Thread 12" [_thread_blocked, id=23052, stack(0x000000f37a300000,0x000000f37a400000)]
  0x00000206aae32800 JavaThread "Unconstrained build operations Thread 13" [_thread_blocked, id=23828, stack(0x000000f37a400000,0x000000f37a500000)]
  0x00000206aae34000 JavaThread "Unconstrained build operations Thread 14" [_thread_blocked, id=18272, stack(0x000000f37a500000,0x000000f37a600000)]
  0x00000206aae30000 JavaThread "Unconstrained build operations Thread 15" [_thread_blocked, id=21440, stack(0x000000f37a600000,0x000000f37a700000)]
  0x00000206aae30800 JavaThread "Unconstrained build operations Thread 16" [_thread_blocked, id=25900, stack(0x000000f37a700000,0x000000f37a800000)]
  0x00000206aae33000 JavaThread "Unconstrained build operations Thread 17" [_thread_blocked, id=19544, stack(0x000000f37a800000,0x000000f37a900000)]
  0x00000206ab3a6000 JavaThread "Unconstrained build operations Thread 18" [_thread_blocked, id=28412, stack(0x000000f37a900000,0x000000f37aa00000)]
  0x00000206ab3a7000 JavaThread "Unconstrained build operations Thread 19" [_thread_blocked, id=696, stack(0x000000f37aa00000,0x000000f37ab00000)]
  0x00000206ab3a7800 JavaThread "Unconstrained build operations Thread 20" [_thread_blocked, id=12072, stack(0x000000f37ab00000,0x000000f37ac00000)]
  0x00000206ab3a8800 JavaThread "Unconstrained build operations Thread 21" [_thread_blocked, id=26884, stack(0x000000f37ac00000,0x000000f37ad00000)]
  0x00000206ab3a3000 JavaThread "Unconstrained build operations Thread 22" [_thread_blocked, id=8116, stack(0x000000f37ad00000,0x000000f37ae00000)]
  0x00000206ab3a9800 JavaThread "Unconstrained build operations Thread 23" [_thread_blocked, id=11376, stack(0x000000f37ae00000,0x000000f37af00000)]
  0x00000206ab3a4800 JavaThread "Unconstrained build operations Thread 24" [_thread_blocked, id=212, stack(0x000000f37af00000,0x000000f37b000000)]
  0x00000206ab3a3800 JavaThread "Unconstrained build operations Thread 25" [_thread_blocked, id=22476, stack(0x000000f37b000000,0x000000f37b100000)]
  0x00000206ab3aa000 JavaThread "Unconstrained build operations Thread 26" [_thread_blocked, id=11360, stack(0x000000f37b100000,0x000000f37b200000)]
  0x00000206ab3ab000 JavaThread "Unconstrained build operations Thread 27" [_thread_blocked, id=15472, stack(0x000000f37b200000,0x000000f37b300000)]
  0x00000206ab3a5000 JavaThread "Unconstrained build operations Thread 28" [_thread_blocked, id=15704, stack(0x000000f37b300000,0x000000f37b400000)]
  0x00000206ab3ae000 JavaThread "Unconstrained build operations Thread 29" [_thread_blocked, id=24892, stack(0x000000f37b400000,0x000000f37b500000)]
  0x00000206ab3ad800 JavaThread "Unconstrained build operations Thread 30" [_thread_blocked, id=16160, stack(0x000000f37b500000,0x000000f37b600000)]
  0x00000206ab3b0800 JavaThread "Unconstrained build operations Thread 31" [_thread_blocked, id=27896, stack(0x000000f37b600000,0x000000f37b700000)]
  0x00000206ab3ac800 JavaThread "Unconstrained build operations Thread 32" [_thread_blocked, id=3776, stack(0x000000f37b700000,0x000000f37b800000)]
  0x00000206ab3b1800 JavaThread "Unconstrained build operations Thread 33" [_thread_blocked, id=14688, stack(0x000000f37b800000,0x000000f37b900000)]
  0x00000206ab3af000 JavaThread "Unconstrained build operations Thread 34" [_thread_blocked, id=25592, stack(0x000000f37b900000,0x000000f37ba00000)]
  0x00000206ab3b0000 JavaThread "Unconstrained build operations Thread 35" [_thread_blocked, id=24068, stack(0x000000f37ba00000,0x000000f37bb00000)]
  0x00000206ab3ac000 JavaThread "Unconstrained build operations Thread 36" [_thread_blocked, id=23776, stack(0x000000f37bb00000,0x000000f37bc00000)]
  0x00000206ade42000 JavaThread "Unconstrained build operations Thread 37" [_thread_blocked, id=20908, stack(0x000000f37bc00000,0x000000f37bd00000)]
  0x00000206ade40800 JavaThread "Unconstrained build operations Thread 38" [_thread_blocked, id=25292, stack(0x000000f37bd00000,0x000000f37be00000)]
  0x00000206ade3d000 JavaThread "Unconstrained build operations Thread 39" [_thread_blocked, id=16152, stack(0x000000f37be00000,0x000000f37bf00000)]
  0x00000206ade3e000 JavaThread "Unconstrained build operations Thread 40" [_thread_blocked, id=3252, stack(0x000000f37bf00000,0x000000f37c000000)]
  0x00000206ade43000 JavaThread "jar transforms Thread 4" [_thread_blocked, id=20980, stack(0x000000f37c000000,0x000000f37c100000)]
  0x00000206ade43800 JavaThread "Memory manager" [_thread_blocked, id=28508, stack(0x000000f37c100000,0x000000f37c200000)]
  0x00000206ade3f000 JavaThread "build event listener" [_thread_blocked, id=19848, stack(0x000000f37c200000,0x000000f37c300000)]
  0x00000206ade45800 JavaThread "pool-3-thread-1" [_thread_blocked, id=16824, stack(0x000000f37c300000,0x000000f37c400000)]
  0x00000206ade3f800 JavaThread "build event listener" [_thread_blocked, id=27872, stack(0x000000f37c400000,0x000000f37c500000)]
  0x00000206ade46000 JavaThread "Execution worker for ':'" [_thread_blocked, id=21620, stack(0x000000f37c500000,0x000000f37c600000)]
  0x00000206ade47000 JavaThread "Execution worker for ':' Thread 2" [_thread_blocked, id=23216, stack(0x000000f37c600000,0x000000f37c700000)]
  0x00000206ade41000 JavaThread "Execution worker for ':' Thread 3" [_thread_in_vm, id=24832, stack(0x000000f37c700000,0x000000f37c800000)]
  0x00000206ade4a000 JavaThread "Cache worker for execution history cache (C:\Users\admin\Desktop\project_closet\.gradle\7.3.3\executionHistory)" [_thread_blocked, id=25684, stack(0x000000f37c800000,0x000000f37c900000)]
  0x00000206ade48000 JavaThread "WorkerExecutor Queue" [_thread_blocked, id=5684, stack(0x000000f37c900000,0x000000f37ca00000)]
  0x00000206ade48800 JavaThread "pool-4-thread-1" [_thread_blocked, id=7812, stack(0x000000f37ca00000,0x000000f37cb00000)]
  0x00000206ade49800 JavaThread "stderr" [_thread_in_native, id=27908, stack(0x000000f37cb00000,0x000000f37cc00000)]
  0x00000206ade4b000 JavaThread "stdout" [_thread_in_native, id=23012, stack(0x000000f37cc00000,0x000000f37cd00000)]
  0x00000206a9ec5800 JavaThread "Cache worker for Java compile cache (C:\Users\admin\.gradle\caches\7.3.3\javaCompile)" [_thread_blocked, id=25000, stack(0x000000f37cf00000,0x000000f37d000000)]
  0x00000206a9ec7000 JavaThread "Build operations" [_thread_blocked, id=17712, stack(0x000000f37d000000,0x000000f37d100000)]
  0x00000206a9ec6000 JavaThread "Build operations Thread 2" [_thread_blocked, id=8904, stack(0x000000f37d100000,0x000000f37d200000)]
  0x00000206a9ecc000 JavaThread "Build operations Thread 3" [_thread_blocked, id=6072, stack(0x000000f37d200000,0x000000f37d300000)]
  0x00000206a9eca000 JavaThread "Build operations Thread 4" [_thread_blocked, id=19396, stack(0x000000f37d300000,0x000000f37d400000)]
=>0x00000206a9ecb000 JavaThread "C2 CompilerThread1" daemon [_thread_in_native, id=24356, stack(0x000000f37ce00000,0x000000f37cf00000)]

Other Threads:
  0x00000206a7956000 VMThread "VM Thread" [stack: 0x000000f376f00000,0x000000f377000000] [id=22376]
  0x00000206a7b54800 WatcherThread [stack: 0x000000f377900000,0x000000f377a00000] [id=20852]
  0x000002068b3ca000 GCTaskThread "GC Thread#0" [stack: 0x000000f376a00000,0x000000f376b00000] [id=18080]
  0x00000206a8588800 GCTaskThread "GC Thread#1" [stack: 0x000000f377a00000,0x000000f377b00000] [id=10820]
  0x00000206a84c3000 GCTaskThread "GC Thread#2" [stack: 0x000000f377b00000,0x000000f377c00000] [id=6420]
  0x00000206a7dc2000 GCTaskThread "GC Thread#3" [stack: 0x000000f377c00000,0x000000f377d00000] [id=23028]
  0x000002068d567800 ConcurrentGCThread "G1 Main Marker" [stack: 0x000000f376b00000,0x000000f376c00000] [id=21184]
  0x000002068d568800 ConcurrentGCThread "G1 Conc#0" [stack: 0x000000f376c00000,0x000000f376d00000] [id=24176]
  0x00000206a6f8f000 ConcurrentGCThread "G1 Refine#0" [stack: 0x000000f376d00000,0x000000f376e00000] [id=12904]
  0x00000206a6f90000 ConcurrentGCThread "G1 Young RemSet Sampling" [stack: 0x000000f376e00000,0x000000f376f00000] [id=10248]

Threads with active compile tasks:
C2 CompilerThread0  52277 13007       4       com.sun.tools.javac.code.Symtab::enterPackage (79 bytes)
C2 CompilerThread1  52277 12994       4       com.sun.tools.javac.code.Symtab::enterClass (71 bytes)

VM state:not at safepoint (normal execution)

VM Mutex/Monitor currently owned by a thread: None

Heap address: 0x0000000080000000, size: 2048 MB, Compressed Oops mode: 32-bit
Narrow klass base: 0x0000000000000000, Narrow klass shift: 3
Compressed class space size: 1073741824 Address: 0x0000000100000000

Heap:
 garbage-first heap   total 196608K, used 146352K [0x0000000080000000, 0x0000000100000000)
  region size 1024K, 49 young (50176K), 8 survivors (8192K)
 Metaspace       used 101144K, capacity 103772K, committed 103996K, reserved 1140736K
  class space    used 12890K, capacity 13830K, committed 13864K, reserved 1048576K
Heap Regions: E=young(eden), S=young(survivor), O=old, HS=humongous(starts), HC=humongous(continues), CS=collection set, F=free, A=archive, TAMS=top-at-mark-start (previous, next)
|   0|0x0000000080000000, 0x0000000080100000, 0x0000000080100000|100%|HS|  |TAMS 0x0000000080100000, 0x0000000080000000| Complete 
|   1|0x0000000080100000, 0x0000000080200000, 0x0000000080200000|100%|HC|  |TAMS 0x0000000080200000, 0x0000000080100000| Complete 
|   2|0x0000000080200000, 0x0000000080300000, 0x0000000080300000|100%|HC|  |TAMS 0x0000000080300000, 0x0000000080200000| Complete 
|   3|0x0000000080300000, 0x0000000080400000, 0x0000000080400000|100%| O|  |TAMS 0x0000000080400000, 0x0000000080300000| Untracked 
|   4|0x0000000080400000, 0x0000000080500000, 0x0000000080500000|100%| O|  |TAMS 0x0000000080500000, 0x0000000080400000| Untracked 
|   5|0x0000000080500000, 0x0000000080600000, 0x0000000080600000|100%| O|  |TAMS 0x0000000080600000, 0x0000000080500000| Untracked 
|   6|0x0000000080600000, 0x0000000080700000, 0x0000000080700000|100%| O|  |TAMS 0x0000000080700000, 0x0000000080600000| Untracked 
|   7|0x0000000080700000, 0x0000000080800000, 0x0000000080800000|100%| O|  |TAMS 0x0000000080800000, 0x0000000080700000| Untracked 
|   8|0x0000000080800000, 0x0000000080900000, 0x0000000080900000|100%| O|  |TAMS 0x0000000080900000, 0x0000000080800000| Untracked 
|   9|0x0000000080900000, 0x0000000080a00000, 0x0000000080a00000|100%| O|  |TAMS 0x0000000080a00000, 0x0000000080900000| Untracked 
|  10|0x0000000080a00000, 0x0000000080b00000, 0x0000000080b00000|100%| O|  |TAMS 0x0000000080b00000, 0x0000000080a00000| Untracked 
|  11|0x0000000080b00000, 0x0000000080c00000, 0x0000000080c00000|100%| O|  |TAMS 0x0000000080c00000, 0x0000000080b00000| Untracked 
|  12|0x0000000080c00000, 0x0000000080d00000, 0x0000000080d00000|100%| O|  |TAMS 0x0000000080d00000, 0x0000000080c00000| Untracked 
|  13|0x0000000080d00000, 0x0000000080e00000, 0x0000000080e00000|100%| O|  |TAMS 0x0000000080e00000, 0x0000000080d00000| Untracked 
|  14|0x0000000080e00000, 0x0000000080f00000, 0x0000000080f00000|100%| O|  |TAMS 0x0000000080f00000, 0x0000000080e00000| Untracked 
|  15|0x0000000080f00000, 0x0000000081000000, 0x0000000081000000|100%| O|  |TAMS 0x0000000081000000, 0x0000000080f00000| Untracked 
|  16|0x0000000081000000, 0x0000000081100000, 0x0000000081100000|100%|HS|  |TAMS 0x0000000081100000, 0x0000000081000000| Complete 
|  17|0x0000000081100000, 0x0000000081200000, 0x0000000081200000|100%| O|  |TAMS 0x0000000081200000, 0x0000000081100000| Untracked 
|  18|0x0000000081200000, 0x0000000081300000, 0x0000000081300000|100%| O|  |TAMS 0x0000000081300000, 0x0000000081200000| Untracked 
|  19|0x0000000081300000, 0x0000000081400000, 0x0000000081400000|100%| O|  |TAMS 0x0000000081400000, 0x0000000081300000| Untracked 
|  20|0x0000000081400000, 0x0000000081500000, 0x0000000081500000|100%| O|  |TAMS 0x0000000081500000, 0x0000000081400000| Untracked 
|  21|0x0000000081500000, 0x0000000081600000, 0x0000000081600000|100%| O|  |TAMS 0x0000000081600000, 0x0000000081500000| Untracked 
|  22|0x0000000081600000, 0x0000000081700000, 0x0000000081700000|100%| O|  |TAMS 0x0000000081700000, 0x0000000081600000| Untracked 
|  23|0x0000000081700000, 0x0000000081800000, 0x0000000081800000|100%| O|  |TAMS 0x0000000081800000, 0x0000000081700000| Untracked 
|  24|0x0000000081800000, 0x0000000081900000, 0x0000000081900000|100%|HS|  |TAMS 0x0000000081900000, 0x0000000081800000| Complete 
|  25|0x0000000081900000, 0x0000000081a00000, 0x0000000081a00000|100%|HS|  |TAMS 0x0000000081a00000, 0x0000000081900000| Complete 
|  26|0x0000000081a00000, 0x0000000081b00000, 0x0000000081b00000|100%|HC|  |TAMS 0x0000000081b00000, 0x0000000081a00000| Complete 
|  27|0x0000000081b00000, 0x0000000081c00000, 0x0000000081c00000|100%| O|  |TAMS 0x0000000081c00000, 0x0000000081b00000| Untracked 
|  28|0x0000000081c00000, 0x0000000081d00000, 0x0000000081d00000|100%| O|  |TAMS 0x0000000081d00000, 0x0000000081c00000| Untracked 
|  29|0x0000000081d00000, 0x0000000081e00000, 0x0000000081e00000|100%| O|  |TAMS 0x0000000081e00000, 0x0000000081d00000| Untracked 
|  30|0x0000000081e00000, 0x0000000081f00000, 0x0000000081f00000|100%| O|  |TAMS 0x0000000081f00000, 0x0000000081e00000| Untracked 
|  31|0x0000000081f00000, 0x0000000082000000, 0x0000000082000000|100%| O|  |TAMS 0x0000000082000000, 0x0000000081f00000| Untracked 
|  32|0x0000000082000000, 0x0000000082100000, 0x0000000082100000|100%| O|  |TAMS 0x0000000082100000, 0x0000000082000000| Untracked 
|  33|0x0000000082100000, 0x0000000082200000, 0x0000000082200000|100%| O|  |TAMS 0x0000000082200000, 0x0000000082100000| Untracked 
|  34|0x0000000082200000, 0x0000000082300000, 0x0000000082300000|100%| O|  |TAMS 0x0000000082300000, 0x0000000082200000| Untracked 
|  35|0x0000000082300000, 0x0000000082400000, 0x0000000082400000|100%| O|  |TAMS 0x0000000082400000, 0x0000000082300000| Untracked 
|  36|0x0000000082400000, 0x0000000082500000, 0x0000000082500000|100%| O|  |TAMS 0x0000000082500000, 0x0000000082400000| Untracked 
|  37|0x0000000082500000, 0x0000000082600000, 0x0000000082600000|100%| O|  |TAMS 0x0000000082600000, 0x0000000082500000| Untracked 
|  38|0x0000000082600000, 0x0000000082700000, 0x0000000082700000|100%| O|  |TAMS 0x0000000082700000, 0x0000000082600000| Untracked 
|  39|0x0000000082700000, 0x0000000082800000, 0x0000000082800000|100%| O|  |TAMS 0x0000000082800000, 0x0000000082700000| Untracked 
|  40|0x0000000082800000, 0x0000000082900000, 0x0000000082900000|100%| O|  |TAMS 0x0000000082900000, 0x0000000082800000| Untracked 
|  41|0x0000000082900000, 0x0000000082a00000, 0x0000000082a00000|100%| O|  |TAMS 0x0000000082a00000, 0x0000000082900000| Untracked 
|  42|0x0000000082a00000, 0x0000000082b00000, 0x0000000082b00000|100%| O|  |TAMS 0x0000000082b00000, 0x0000000082a00000| Untracked 
|  43|0x0000000082b00000, 0x0000000082c00000, 0x0000000082c00000|100%| O|  |TAMS 0x0000000082c00000, 0x0000000082b00000| Untracked 
|  44|0x0000000082c00000, 0x0000000082d00000, 0x0000000082d00000|100%| O|  |TAMS 0x0000000082d00000, 0x0000000082c00000| Untracked 
|  45|0x0000000082d00000, 0x0000000082e00000, 0x0000000082e00000|100%| O|  |TAMS 0x0000000082e00000, 0x0000000082d00000| Untracked 
|  46|0x0000000082e00000, 0x0000000082f00000, 0x0000000082f00000|100%| O|  |TAMS 0x0000000082f00000, 0x0000000082e00000| Untracked 
|  47|0x0000000082f00000, 0x0000000083000000, 0x0000000083000000|100%| O|  |TAMS 0x0000000083000000, 0x0000000082f00000| Untracked 
|  48|0x0000000083000000, 0x0000000083100000, 0x0000000083100000|100%| O|  |TAMS 0x0000000083100000, 0x0000000083000000| Untracked 
|  49|0x0000000083100000, 0x0000000083200000, 0x0000000083200000|100%| O|  |TAMS 0x0000000083200000, 0x0000000083100000| Untracked 
|  50|0x0000000083200000, 0x0000000083300000, 0x0000000083300000|100%| O|  |TAMS 0x0000000083300000, 0x0000000083200000| Untracked 
|  51|0x0000000083300000, 0x0000000083400000, 0x0000000083400000|100%| O|  |TAMS 0x0000000083400000, 0x0000000083300000| Untracked 
|  52|0x0000000083400000, 0x0000000083500000, 0x0000000083500000|100%| O|  |TAMS 0x0000000083500000, 0x0000000083400000| Untracked 
|  53|0x0000000083500000, 0x0000000083600000, 0x0000000083600000|100%| O|  |TAMS 0x0000000083600000, 0x0000000083500000| Untracked 
|  54|0x0000000083600000, 0x0000000083700000, 0x0000000083700000|100%| O|  |TAMS 0x0000000083700000, 0x0000000083600000| Untracked 
|  55|0x0000000083700000, 0x0000000083800000, 0x0000000083800000|100%| O|  |TAMS 0x0000000083800000, 0x0000000083700000| Untracked 
|  56|0x0000000083800000, 0x0000000083900000, 0x0000000083900000|100%| O|  |TAMS 0x0000000083900000, 0x0000000083800000| Untracked 
|  57|0x0000000083900000, 0x0000000083a00000, 0x0000000083a00000|100%| O|  |TAMS 0x0000000083a00000, 0x0000000083900000| Untracked 
|  58|0x0000000083a00000, 0x0000000083b00000, 0x0000000083b00000|100%| O|  |TAMS 0x0000000083b00000, 0x0000000083a00000| Untracked 
|  59|0x0000000083b00000, 0x0000000083c00000, 0x0000000083c00000|100%| O|  |TAMS 0x0000000083c00000, 0x0000000083b00000| Untracked 
|  60|0x0000000083c00000, 0x0000000083d00000, 0x0000000083d00000|100%| O|  |TAMS 0x0000000083d00000, 0x0000000083c00000| Untracked 
|  61|0x0000000083d00000, 0x0000000083e00000, 0x0000000083e00000|100%| O|  |TAMS 0x0000000083e00000, 0x0000000083d00000| Untracked 
|  62|0x0000000083e00000, 0x0000000083f00000, 0x0000000083f00000|100%| O|  |TAMS 0x0000000083f00000, 0x0000000083e00000| Untracked 
|  63|0x0000000083f00000, 0x0000000084000000, 0x0000000084000000|100%| O|  |TAMS 0x0000000084000000, 0x0000000083f00000| Untracked 
|  64|0x0000000084000000, 0x0000000084100000, 0x0000000084100000|100%| O|  |TAMS 0x0000000084100000, 0x0000000084000000| Untracked 
|  65|0x0000000084100000, 0x0000000084200000, 0x0000000084200000|100%| O|  |TAMS 0x0000000084200000, 0x0000000084100000| Untracked 
|  66|0x0000000084200000, 0x0000000084300000, 0x0000000084300000|100%| O|  |TAMS 0x0000000084300000, 0x0000000084200000| Untracked 
|  67|0x0000000084300000, 0x0000000084400000, 0x0000000084400000|100%| O|  |TAMS 0x0000000084400000, 0x0000000084300000| Untracked 
|  68|0x0000000084400000, 0x0000000084500000, 0x0000000084500000|100%| O|  |TAMS 0x0000000084500000, 0x0000000084400000| Untracked 
|  69|0x0000000084500000, 0x0000000084600000, 0x0000000084600000|100%| O|  |TAMS 0x0000000084600000, 0x0000000084500000| Untracked 
|  70|0x0000000084600000, 0x0000000084700000, 0x0000000084700000|100%| O|  |TAMS 0x0000000084700000, 0x0000000084600000| Untracked 
|  71|0x0000000084700000, 0x0000000084800000, 0x0000000084800000|100%| O|  |TAMS 0x0000000084800000, 0x0000000084700000| Untracked 
|  72|0x0000000084800000, 0x0000000084900000, 0x0000000084900000|100%| O|  |TAMS 0x0000000084900000, 0x0000000084800000| Untracked 
|  73|0x0000000084900000, 0x0000000084a00000, 0x0000000084a00000|100%| O|  |TAMS 0x0000000084a00000, 0x0000000084900000| Untracked 
|  74|0x0000000084a00000, 0x0000000084b00000, 0x0000000084b00000|100%| O|  |TAMS 0x0000000084b00000, 0x0000000084a00000| Untracked 
|  75|0x0000000084b00000, 0x0000000084c00000, 0x0000000084c00000|100%| O|  |TAMS 0x0000000084c00000, 0x0000000084b00000| Untracked 
|  76|0x0000000084c00000, 0x0000000084d00000, 0x0000000084d00000|100%| O|  |TAMS 0x0000000084d00000, 0x0000000084c00000| Untracked 
|  77|0x0000000084d00000, 0x0000000084e00000, 0x0000000084e00000|100%| O|  |TAMS 0x0000000084e00000, 0x0000000084d00000| Untracked 
|  78|0x0000000084e00000, 0x0000000084f00000, 0x0000000084f00000|100%| O|  |TAMS 0x0000000084f00000, 0x0000000084e00000| Untracked 
|  79|0x0000000084f00000, 0x0000000085000000, 0x0000000085000000|100%| O|  |TAMS 0x0000000085000000, 0x0000000084f00000| Untracked 
|  80|0x0000000085000000, 0x0000000085100000, 0x0000000085100000|100%| O|  |TAMS 0x0000000085100000, 0x0000000085000000| Untracked 
|  81|0x0000000085100000, 0x0000000085200000, 0x0000000085200000|100%| O|  |TAMS 0x0000000085200000, 0x0000000085100000| Untracked 
|  82|0x0000000085200000, 0x0000000085300000, 0x0000000085300000|100%| O|  |TAMS 0x0000000085300000, 0x0000000085200000| Untracked 
|  83|0x0000000085300000, 0x0000000085400000, 0x0000000085400000|100%| O|  |TAMS 0x0000000085400000, 0x0000000085300000| Untracked 
|  84|0x0000000085400000, 0x0000000085500000, 0x0000000085500000|100%| O|  |TAMS 0x0000000085500000, 0x0000000085400000| Untracked 
|  85|0x0000000085500000, 0x0000000085600000, 0x0000000085600000|100%| O|  |TAMS 0x0000000085600000, 0x0000000085500000| Untracked 
|  86|0x0000000085600000, 0x0000000085700000, 0x0000000085700000|100%| O|  |TAMS 0x0000000085700000, 0x0000000085600000| Untracked 
|  87|0x0000000085700000, 0x0000000085800000, 0x0000000085800000|100%| O|  |TAMS 0x0000000085800000, 0x0000000085700000| Untracked 
|  88|0x0000000085800000, 0x0000000085900000, 0x0000000085900000|100%| O|  |TAMS 0x0000000085900000, 0x0000000085800000| Untracked 
|  89|0x0000000085900000, 0x0000000085a00000, 0x0000000085a00000|100%| O|  |TAMS 0x0000000085a00000, 0x0000000085900000| Untracked 
|  90|0x0000000085a00000, 0x0000000085b00000, 0x0000000085b00000|100%| O|  |TAMS 0x0000000085b00000, 0x0000000085a00000| Untracked 
|  91|0x0000000085b00000, 0x0000000085c00000, 0x0000000085c00000|100%| O|  |TAMS 0x0000000085c00000, 0x0000000085b00000| Untracked 
|  92|0x0000000085c00000, 0x0000000085d00000, 0x0000000085d00000|100%| O|  |TAMS 0x0000000085d00000, 0x0000000085c00000| Untracked 
|  93|0x0000000085d00000, 0x0000000085dec200, 0x0000000085e00000| 92%| O|  |TAMS 0x0000000085dec200, 0x0000000085d00000| Untracked 
|  94|0x0000000085e00000, 0x0000000085f00000, 0x0000000085f00000|100%|HS|  |TAMS 0x0000000085e00000, 0x0000000085e00000| Complete 
|  95|0x0000000085f00000, 0x0000000086000000, 0x0000000086000000|100%|HC|  |TAMS 0x0000000085f00000, 0x0000000085f00000| Complete 
|  96|0x0000000086000000, 0x0000000086000000, 0x0000000086100000|  0%| F|  |TAMS 0x0000000086000000, 0x0000000086000000| Untracked 
|  97|0x0000000086100000, 0x0000000086100000, 0x0000000086200000|  0%| F|  |TAMS 0x0000000086100000, 0x0000000086100000| Untracked 
|  98|0x0000000086200000, 0x0000000086200000, 0x0000000086300000|  0%| F|  |TAMS 0x0000000086200000, 0x0000000086200000| Untracked 
|  99|0x0000000086300000, 0x0000000086300000, 0x0000000086400000|  0%| F|  |TAMS 0x0000000086300000, 0x0000000086300000| Untracked 
| 100|0x0000000086400000, 0x0000000086400000, 0x0000000086500000|  0%| F|  |TAMS 0x0000000086400000, 0x0000000086400000| Untracked 
| 101|0x0000000086500000, 0x0000000086500000, 0x0000000086600000|  0%| F|  |TAMS 0x0000000086500000, 0x0000000086500000| Untracked 
| 102|0x0000000086600000, 0x0000000086600000, 0x0000000086700000|  0%| F|  |TAMS 0x0000000086600000, 0x0000000086600000| Untracked 
| 103|0x0000000086700000, 0x0000000086700000, 0x0000000086800000|  0%| F|  |TAMS 0x0000000086700000, 0x0000000086700000| Untracked 
| 104|0x0000000086800000, 0x0000000086800000, 0x0000000086900000|  0%| F|  |TAMS 0x0000000086800000, 0x0000000086800000| Untracked 
| 105|0x0000000086900000, 0x0000000086900000, 0x0000000086a00000|  0%| F|  |TAMS 0x0000000086900000, 0x0000000086900000| Untracked 
| 106|0x0000000086a00000, 0x0000000086a00000, 0x0000000086b00000|  0%| F|  |TAMS 0x0000000086a00000, 0x0000000086a00000| Untracked 
| 107|0x0000000086b00000, 0x0000000086b00000, 0x0000000086c00000|  0%| F|  |TAMS 0x0000000086b00000, 0x0000000086b00000| Untracked 
| 108|0x0000000086c00000, 0x0000000086c00000, 0x0000000086d00000|  0%| F|  |TAMS 0x0000000086c00000, 0x0000000086c00000| Untracked 
| 109|0x0000000086d00000, 0x0000000086d00000, 0x0000000086e00000|  0%| F|  |TAMS 0x0000000086d00000, 0x0000000086d00000| Untracked 
| 110|0x0000000086e00000, 0x0000000086e00000, 0x0000000086f00000|  0%| F|  |TAMS 0x0000000086e00000, 0x0000000086e00000| Untracked 
| 111|0x0000000086f00000, 0x0000000086f00000, 0x0000000087000000|  0%| F|  |TAMS 0x0000000086f00000, 0x0000000086f00000| Untracked 
| 112|0x0000000087000000, 0x0000000087000000, 0x0000000087100000|  0%| F|  |TAMS 0x0000000087000000, 0x0000000087000000| Untracked 
| 113|0x0000000087100000, 0x0000000087100000, 0x0000000087200000|  0%| F|  |TAMS 0x0000000087100000, 0x0000000087100000| Untracked 
| 114|0x0000000087200000, 0x0000000087200000, 0x0000000087300000|  0%| F|  |TAMS 0x0000000087200000, 0x0000000087200000| Untracked 
| 115|0x0000000087300000, 0x0000000087300000, 0x0000000087400000|  0%| F|  |TAMS 0x0000000087300000, 0x0000000087300000| Untracked 
| 116|0x0000000087400000, 0x0000000087400000, 0x0000000087500000|  0%| F|  |TAMS 0x0000000087400000, 0x0000000087400000| Untracked 
| 117|0x0000000087500000, 0x0000000087500000, 0x0000000087600000|  0%| F|  |TAMS 0x0000000087500000, 0x0000000087500000| Untracked 
| 118|0x0000000087600000, 0x0000000087600000, 0x0000000087700000|  0%| F|  |TAMS 0x0000000087600000, 0x0000000087600000| Untracked 
| 119|0x0000000087700000, 0x0000000087700000, 0x0000000087800000|  0%| F|  |TAMS 0x0000000087700000, 0x0000000087700000| Untracked 
| 120|0x0000000087800000, 0x0000000087800000, 0x0000000087900000|  0%| F|  |TAMS 0x0000000087800000, 0x0000000087800000| Untracked 
| 121|0x0000000087900000, 0x0000000087900000, 0x0000000087a00000|  0%| F|  |TAMS 0x0000000087900000, 0x0000000087900000| Untracked 
| 122|0x0000000087a00000, 0x0000000087a00000, 0x0000000087b00000|  0%| F|  |TAMS 0x0000000087a00000, 0x0000000087a00000| Untracked 
| 123|0x0000000087b00000, 0x0000000087b00000, 0x0000000087c00000|  0%| F|  |TAMS 0x0000000087b00000, 0x0000000087b00000| Untracked 
| 124|0x0000000087c00000, 0x0000000087c00000, 0x0000000087d00000|  0%| F|  |TAMS 0x0000000087c00000, 0x0000000087c00000| Untracked 
| 125|0x0000000087d00000, 0x0000000087d00000, 0x0000000087e00000|  0%| F|  |TAMS 0x0000000087d00000, 0x0000000087d00000| Untracked 
| 126|0x0000000087e00000, 0x0000000087e00000, 0x0000000087f00000|  0%| F|  |TAMS 0x0000000087e00000, 0x0000000087e00000| Untracked 
| 127|0x0000000087f00000, 0x0000000087f00000, 0x0000000088000000|  0%| F|  |TAMS 0x0000000087f00000, 0x0000000087f00000| Untracked 
| 128|0x0000000088000000, 0x0000000088000000, 0x0000000088100000|  0%| F|  |TAMS 0x0000000088000000, 0x0000000088000000| Untracked 
| 129|0x0000000088100000, 0x0000000088100000, 0x0000000088200000|  0%| F|  |TAMS 0x0000000088100000, 0x0000000088100000| Untracked 
| 130|0x0000000088200000, 0x0000000088200000, 0x0000000088300000|  0%| F|  |TAMS 0x0000000088200000, 0x0000000088200000| Untracked 
| 131|0x0000000088300000, 0x0000000088300000, 0x0000000088400000|  0%| F|  |TAMS 0x0000000088300000, 0x0000000088300000| Untracked 
| 132|0x0000000088400000, 0x0000000088500000, 0x0000000088500000|100%| S|CS|TAMS 0x0000000088400000, 0x0000000088400000| Complete 
| 133|0x0000000088500000, 0x0000000088600000, 0x0000000088600000|100%| S|CS|TAMS 0x0000000088500000, 0x0000000088500000| Complete 
| 134|0x0000000088600000, 0x0000000088700000, 0x0000000088700000|100%| S|CS|TAMS 0x0000000088600000, 0x0000000088600000| Complete 
| 135|0x0000000088700000, 0x0000000088800000, 0x0000000088800000|100%| S|CS|TAMS 0x0000000088700000, 0x0000000088700000| Complete 
| 136|0x0000000088800000, 0x0000000088900000, 0x0000000088900000|100%| S|CS|TAMS 0x0000000088800000, 0x0000000088800000| Complete 
| 137|0x0000000088900000, 0x0000000088a00000, 0x0000000088a00000|100%| S|CS|TAMS 0x0000000088900000, 0x0000000088900000| Complete 
| 138|0x0000000088a00000, 0x0000000088b00000, 0x0000000088b00000|100%| S|CS|TAMS 0x0000000088a00000, 0x0000000088a00000| Complete 
| 139|0x0000000088b00000, 0x0000000088c00000, 0x0000000088c00000|100%| S|CS|TAMS 0x0000000088b00000, 0x0000000088b00000| Complete 
| 140|0x0000000088c00000, 0x0000000088c00000, 0x0000000088d00000|  0%| F|  |TAMS 0x0000000088c00000, 0x0000000088c00000| Untracked 
| 141|0x0000000088d00000, 0x0000000088d00000, 0x0000000088e00000|  0%| F|  |TAMS 0x0000000088d00000, 0x0000000088d00000| Untracked 
| 142|0x0000000088e00000, 0x0000000088e00000, 0x0000000088f00000|  0%| F|  |TAMS 0x0000000088e00000, 0x0000000088e00000| Untracked 
| 143|0x0000000088f00000, 0x0000000088f00000, 0x0000000089000000|  0%| F|  |TAMS 0x0000000088f00000, 0x0000000088f00000| Untracked 
| 144|0x0000000089000000, 0x0000000089000000, 0x0000000089100000|  0%| F|  |TAMS 0x0000000089000000, 0x0000000089000000| Untracked 
| 145|0x0000000089100000, 0x0000000089100000, 0x0000000089200000|  0%| F|  |TAMS 0x0000000089100000, 0x0000000089100000| Untracked 
| 146|0x0000000089200000, 0x0000000089200000, 0x0000000089300000|  0%| F|  |TAMS 0x0000000089200000, 0x0000000089200000| Untracked 
| 147|0x0000000089300000, 0x0000000089300000, 0x0000000089400000|  0%| F|  |TAMS 0x0000000089300000, 0x0000000089300000| Untracked 
| 148|0x0000000089400000, 0x0000000089400000, 0x0000000089500000|  0%| F|  |TAMS 0x0000000089400000, 0x0000000089400000| Untracked 
| 149|0x0000000089500000, 0x0000000089500000, 0x0000000089600000|  0%| F|  |TAMS 0x0000000089500000, 0x0000000089500000| Untracked 
| 150|0x0000000089600000, 0x00000000896ea3f8, 0x0000000089700000| 91%| E|  |TAMS 0x0000000089600000, 0x0000000089600000| Complete 
| 151|0x0000000089700000, 0x0000000089800000, 0x0000000089800000|100%| E|CS|TAMS 0x0000000089700000, 0x0000000089700000| Complete 
| 152|0x0000000089800000, 0x0000000089900000, 0x0000000089900000|100%| E|CS|TAMS 0x0000000089800000, 0x0000000089800000| Complete 
| 153|0x0000000089900000, 0x0000000089a00000, 0x0000000089a00000|100%| E|CS|TAMS 0x0000000089900000, 0x0000000089900000| Complete 
| 154|0x0000000089a00000, 0x0000000089b00000, 0x0000000089b00000|100%| E|CS|TAMS 0x0000000089a00000, 0x0000000089a00000| Complete 
| 155|0x0000000089b00000, 0x0000000089c00000, 0x0000000089c00000|100%| E|CS|TAMS 0x0000000089b00000, 0x0000000089b00000| Complete 
| 156|0x0000000089c00000, 0x0000000089d00000, 0x0000000089d00000|100%| E|CS|TAMS 0x0000000089c00000, 0x0000000089c00000| Complete 
| 157|0x0000000089d00000, 0x0000000089e00000, 0x0000000089e00000|100%| E|CS|TAMS 0x0000000089d00000, 0x0000000089d00000| Complete 
| 158|0x0000000089e00000, 0x0000000089f00000, 0x0000000089f00000|100%| E|CS|TAMS 0x0000000089e00000, 0x0000000089e00000| Complete 
| 159|0x0000000089f00000, 0x000000008a000000, 0x000000008a000000|100%| E|CS|TAMS 0x0000000089f00000, 0x0000000089f00000| Complete 
| 160|0x000000008a000000, 0x000000008a100000, 0x000000008a100000|100%| E|CS|TAMS 0x000000008a000000, 0x000000008a000000| Complete 
| 161|0x000000008a100000, 0x000000008a200000, 0x000000008a200000|100%| E|CS|TAMS 0x000000008a100000, 0x000000008a100000| Complete 
| 162|0x000000008a200000, 0x000000008a300000, 0x000000008a300000|100%| E|CS|TAMS 0x000000008a200000, 0x000000008a200000| Complete 
| 163|0x000000008a300000, 0x000000008a400000, 0x000000008a400000|100%| E|CS|TAMS 0x000000008a300000, 0x000000008a300000| Complete 
| 164|0x000000008a400000, 0x000000008a500000, 0x000000008a500000|100%| E|CS|TAMS 0x000000008a400000, 0x000000008a400000| Complete 
| 165|0x000000008a500000, 0x000000008a600000, 0x000000008a600000|100%| E|CS|TAMS 0x000000008a500000, 0x000000008a500000| Complete 
| 166|0x000000008a600000, 0x000000008a700000, 0x000000008a700000|100%| E|CS|TAMS 0x000000008a600000, 0x000000008a600000| Complete 
| 167|0x000000008a700000, 0x000000008a800000, 0x000000008a800000|100%| E|CS|TAMS 0x000000008a700000, 0x000000008a700000| Complete 
| 168|0x000000008a800000, 0x000000008a900000, 0x000000008a900000|100%| E|CS|TAMS 0x000000008a800000, 0x000000008a800000| Complete 
| 169|0x000000008a900000, 0x000000008aa00000, 0x000000008aa00000|100%| E|CS|TAMS 0x000000008a900000, 0x000000008a900000| Complete 
| 170|0x000000008aa00000, 0x000000008ab00000, 0x000000008ab00000|100%| E|CS|TAMS 0x000000008aa00000, 0x000000008aa00000| Complete 
| 171|0x000000008ab00000, 0x000000008ac00000, 0x000000008ac00000|100%| E|CS|TAMS 0x000000008ab00000, 0x000000008ab00000| Complete 
| 172|0x000000008ac00000, 0x000000008ad00000, 0x000000008ad00000|100%| E|CS|TAMS 0x000000008ac00000, 0x000000008ac00000| Complete 
| 173|0x000000008ad00000, 0x000000008ae00000, 0x000000008ae00000|100%| E|CS|TAMS 0x000000008ad00000, 0x000000008ad00000| Complete 
| 174|0x000000008ae00000, 0x000000008af00000, 0x000000008af00000|100%| E|CS|TAMS 0x000000008ae00000, 0x000000008ae00000| Complete 
| 175|0x000000008af00000, 0x000000008b000000, 0x000000008b000000|100%| E|CS|TAMS 0x000000008af00000, 0x000000008af00000| Complete 
| 176|0x000000008b000000, 0x000000008b100000, 0x000000008b100000|100%| E|CS|TAMS 0x000000008b000000, 0x000000008b000000| Complete 
| 177|0x000000008b100000, 0x000000008b200000, 0x000000008b200000|100%| E|CS|TAMS 0x000000008b100000, 0x000000008b100000| Complete 
| 178|0x000000008b200000, 0x000000008b300000, 0x000000008b300000|100%| E|CS|TAMS 0x000000008b200000, 0x000000008b200000| Complete 
| 179|0x000000008b300000, 0x000000008b400000, 0x000000008b400000|100%| E|CS|TAMS 0x000000008b300000, 0x000000008b300000| Complete 
| 180|0x000000008b400000, 0x000000008b500000, 0x000000008b500000|100%| E|CS|TAMS 0x000000008b400000, 0x000000008b400000| Complete 
| 181|0x000000008b500000, 0x000000008b600000, 0x000000008b600000|100%| E|CS|TAMS 0x000000008b500000, 0x000000008b500000| Complete 
| 182|0x000000008b600000, 0x000000008b700000, 0x000000008b700000|100%| E|  |TAMS 0x000000008b600000, 0x000000008b600000| Complete 
| 183|0x000000008b700000, 0x000000008b800000, 0x000000008b800000|100%| E|CS|TAMS 0x000000008b700000, 0x000000008b700000| Complete 
| 184|0x000000008b800000, 0x000000008b900000, 0x000000008b900000|100%| E|CS|TAMS 0x000000008b800000, 0x000000008b800000| Complete 
| 185|0x000000008b900000, 0x000000008ba00000, 0x000000008ba00000|100%| E|CS|TAMS 0x000000008b900000, 0x000000008b900000| Complete 
| 186|0x000000008ba00000, 0x000000008bb00000, 0x000000008bb00000|100%| E|CS|TAMS 0x000000008ba00000, 0x000000008ba00000| Complete 
| 187|0x000000008bb00000, 0x000000008bc00000, 0x000000008bc00000|100%| E|CS|TAMS 0x000000008bb00000, 0x000000008bb00000| Complete 
| 188|0x000000008bc00000, 0x000000008bd00000, 0x000000008bd00000|100%| E|CS|TAMS 0x000000008bc00000, 0x000000008bc00000| Complete 
| 189|0x000000008bd00000, 0x000000008be00000, 0x000000008be00000|100%| E|CS|TAMS 0x000000008bd00000, 0x000000008bd00000| Complete 
| 190|0x000000008be00000, 0x000000008bf00000, 0x000000008bf00000|100%| E|CS|TAMS 0x000000008be00000, 0x000000008be00000| Complete 
| 191|0x000000008bf00000, 0x000000008c000000, 0x000000008c000000|100%| E|CS|TAMS 0x000000008bf00000, 0x000000008bf00000| Complete 

Card table byte_map: [0x00000206a0420000,0x00000206a0820000] _byte_map_base: 0x00000206a0020000

Marking Bits (Prev, Next): (CMBitMap*) 0x000002068d55e830, (CMBitMap*) 0x000002068d55e7f8
 Prev Bits: [0x00000206a2c20000, 0x00000206a4c20000)
 Next Bits: [0x00000206a0c20000, 0x00000206a2c20000)

Polling page: 0x000002068b4b0000

Metaspace:

Usage:
  Non-class:     87.84 MB capacity,    86.22 MB ( 98%) used,     1.34 MB (  2%) free+waste,   287.56 KB ( <1%) overhead. 
      Class:     13.51 MB capacity,    12.59 MB ( 93%) used,   811.70 KB (  6%) free+waste,   128.69 KB ( <1%) overhead. 
       Both:    101.35 MB capacity,    98.80 MB ( 97%) used,     2.14 MB (  2%) free+waste,   416.25 KB ( <1%) overhead. 

Virtual space:
  Non-class space:       90.00 MB reserved,      88.02 MB ( 98%) committed 
      Class space:        1.00 GB reserved,      13.54 MB (  1%) committed 
             Both:        1.09 GB reserved,     101.56 MB (  9%) committed 

Chunk freelists:
   Non-Class:  56.00 KB
       Class:  24.00 KB
        Both:  80.00 KB

MaxMetaspaceSize: 17179869184.00 GB
CompressedClassSpaceSize: 1.00 GB
Initial GC threshold: 20.80 MB
Current GC threshold: 166.97 MB
CDS: off

CodeHeap 'non-profiled nmethods': size=120064Kb used=8184Kb max_used=8184Kb free=111879Kb
 bounds [0x0000020698ae0000, 0x00000206992e0000, 0x00000206a0020000]
CodeHeap 'profiled nmethods': size=120000Kb used=28831Kb max_used=28831Kb free=91168Kb
 bounds [0x00000206915b0000, 0x00000206931e0000, 0x0000020698ae0000]
CodeHeap 'non-nmethods': size=5696Kb used=2398Kb max_used=2440Kb free=3297Kb
 bounds [0x0000020691020000, 0x0000020691290000, 0x00000206915b0000]
 total_blobs=13958 nmethods=13037 adapters=833
 compilation: enabled
              stopped_count=0, restarted_count=0
 full_count=0

Compilation events (20 events):
Event: 52.136 Thread 0x00000206a7a31800 13115       2       com.sun.tools.javac.util.AbstractLog::useSource (30 bytes)
Event: 52.136 Thread 0x00000206a7a31800 nmethod 13115 0x00000206931be290 code [0x00000206931be440, 0x00000206931be5e8]
Event: 52.136 Thread 0x00000206a7a31800 13118       1       com.sun.tools.javac.code.Symbol$Completer$1::isTerminal (2 bytes)
Event: 52.136 Thread 0x00000206a7a31800 nmethod 13118 0x00000206992ddc10 code [0x00000206992dddc0, 0x00000206992dde78]
Event: 52.136 Thread 0x00000206a7a31800 13119       2       com.sun.tools.javac.tree.TreeScanner::visitModifiers (9 bytes)
Event: 52.136 Thread 0x00000206a7a31800 nmethod 13119 0x00000206931be710 code [0x00000206931be8e0, 0x00000206931beae8]
Event: 52.136 Thread 0x00000206a7a31800 13121       2       com.sun.tools.javac.code.Symbol::isCompleted (10 bytes)
Event: 52.137 Thread 0x00000206a7a31800 nmethod 13121 0x00000206931bec90 code [0x00000206931bee40, 0x00000206931bef68]
Event: 52.137 Thread 0x00000206a7a31800 13120       1       com.sun.tools.javac.code.Type::isPrimitiveOrVoid (2 bytes)
Event: 52.137 Thread 0x00000206a7a31800 nmethod 13120 0x00000206992ddf10 code [0x00000206992de0c0, 0x00000206992de178]
Event: 52.143 Thread 0x00000206a7a31800 13122       2       com.sun.tools.javac.code.Scope$ScopeImpl$1::hasNext (70 bytes)
Event: 52.143 Thread 0x00000206a7a31800 nmethod 13122 0x00000206931bf010 code [0x00000206931bf1e0, 0x00000206931bf398]
Event: 52.144 Thread 0x00000206a7a31800 13123   !   2       com.sun.tools.javac.code.Symbol::apiComplete (17 bytes)
Event: 52.144 Thread 0x00000206a7a31800 nmethod 13123 0x00000206931bf510 code [0x00000206931bf6e0, 0x00000206931bf858]
Event: 52.144 Thread 0x00000206a7a31800 13124       2       com.sun.tools.javac.code.Scope$ScopeImpl$1::update (72 bytes)
Event: 52.144 Thread 0x00000206a7a31800 nmethod 13124 0x00000206931bf990 code [0x00000206931bfb60, 0x00000206931bfdf8]
Event: 52.144 Thread 0x00000206a7a31800 13125       2       com.sun.tools.javac.code.Symbol::getRawAttributes (21 bytes)
Event: 52.145 Thread 0x00000206a7a31800 nmethod 13125 0x00000206931bff10 code [0x00000206931c00c0, 0x00000206931c0238]
Event: 52.145 Thread 0x00000206a7a31800 13126       2       com.sun.tools.javac.code.Symbol::getAnnotationMirrors (9 bytes)
Event: 52.145 Thread 0x00000206a7a31800 nmethod 13126 0x00000206931c0310 code [0x00000206931c04e0, 0x00000206931c0688]

GC Heap History (20 events):
Event: 24.064 GC heap before
{Heap before GC invocations=14 (full 0):
 garbage-first heap   total 196608K, used 129024K [0x0000000080000000, 0x0000000100000000)
  region size 1024K, 79 young (80896K), 2 survivors (2048K)
 Metaspace       used 66348K, capacity 68046K, committed 68156K, reserved 1107968K
  class space    used 8372K, capacity 8939K, committed 9000K, reserved 1048576K
}
Event: 24.079 GC heap after
{Heap after GC invocations=15 (full 0):
 garbage-first heap   total 196608K, used 55261K [0x0000000080000000, 0x0000000100000000)
  region size 1024K, 7 young (7168K), 7 survivors (7168K)
 Metaspace       used 66348K, capacity 68046K, committed 68156K, reserved 1107968K
  class space    used 8372K, capacity 8939K, committed 9000K, reserved 1048576K
}
Event: 25.874 GC heap before
{Heap before GC invocations=16 (full 0):
 garbage-first heap   total 196608K, used 135133K [0x0000000080000000, 0x0000000100000000)
  region size 1024K, 85 young (87040K), 7 survivors (7168K)
 Metaspace       used 71212K, capacity 73006K, committed 73148K, reserved 1112064K
  class space    used 9199K, capacity 9799K, committed 9896K, reserved 1048576K
}
Event: 25.895 GC heap after
{Heap after GC invocations=17 (full 0):
 garbage-first heap   total 196608K, used 59916K [0x0000000080000000, 0x0000000100000000)
  region size 1024K, 6 young (6144K), 6 survivors (6144K)
 Metaspace       used 71212K, capacity 73006K, committed 73148K, reserved 1112064K
  class space    used 9199K, capacity 9799K, committed 9896K, reserved 1048576K
}
Event: 27.429 GC heap before
{Heap before GC invocations=17 (full 0):
 garbage-first heap   total 196608K, used 139788K [0x0000000080000000, 0x0000000100000000)
  region size 1024K, 84 young (86016K), 6 survivors (6144K)
 Metaspace       used 75624K, capacity 77485K, committed 77628K, reserved 1116160K
  class space    used 9839K, capacity 10462K, committed 10536K, reserved 1048576K
}
Event: 27.453 GC heap after
{Heap after GC invocations=18 (full 0):
 garbage-first heap   total 196608K, used 64998K [0x0000000080000000, 0x0000000100000000)
  region size 1024K, 11 young (11264K), 11 survivors (11264K)
 Metaspace       used 75624K, capacity 77485K, committed 77628K, reserved 1116160K
  class space    used 9839K, capacity 10462K, committed 10536K, reserved 1048576K
}
Event: 29.629 GC heap before
{Heap before GC invocations=18 (full 0):
 garbage-first heap   total 196608K, used 143846K [0x0000000080000000, 0x0000000100000000)
  region size 1024K, 89 young (91136K), 11 survivors (11264K)
 Metaspace       used 83543K, capacity 85692K, committed 85948K, reserved 1124352K
  class space    used 10853K, capacity 11600K, committed 11688K, reserved 1048576K
}
Event: 29.661 GC heap after
{Heap after GC invocations=19 (full 0):
 garbage-first heap   total 196608K, used 71853K [0x0000000080000000, 0x0000000100000000)
  region size 1024K, 12 young (12288K), 12 survivors (12288K)
 Metaspace       used 83543K, capacity 85692K, committed 85948K, reserved 1124352K
  class space    used 10853K, capacity 11600K, committed 11688K, reserved 1048576K
}
Event: 32.050 GC heap before
{Heap before GC invocations=19 (full 0):
 garbage-first heap   total 196608K, used 147629K [0x0000000080000000, 0x0000000100000000)
  region size 1024K, 87 young (89088K), 12 survivors (12288K)
 Metaspace       used 85123K, capacity 87293K, committed 87356K, reserved 1124352K
  class space    used 11010K, capacity 11771K, committed 11816K, reserved 1048576K
}
Event: 32.087 GC heap after
{Heap after GC invocations=20 (full 0):
 garbage-first heap   total 196608K, used 78994K [0x0000000080000000, 0x0000000100000000)
  region size 1024K, 7 young (7168K), 7 survivors (7168K)
 Metaspace       used 85123K, capacity 87293K, committed 87356K, reserved 1124352K
  class space    used 11010K, capacity 11771K, committed 11816K, reserved 1048576K
}
Event: 33.797 GC heap before
{Heap before GC invocations=20 (full 0):
 garbage-first heap   total 196608K, used 150674K [0x0000000080000000, 0x0000000100000000)
  region size 1024K, 78 young (79872K), 7 survivors (7168K)
 Metaspace       used 86642K, capacity 88859K, committed 89148K, reserved 1126400K
  class space    used 11170K, capacity 11951K, committed 12072K, reserved 1048576K
}
Event: 33.820 GC heap after
{Heap after GC invocations=21 (full 0):
 garbage-first heap   total 196608K, used 84473K [0x0000000080000000, 0x0000000100000000)
  region size 1024K, 6 young (6144K), 6 survivors (6144K)
 Metaspace       used 86642K, capacity 88859K, committed 89148K, reserved 1126400K
  class space    used 11170K, capacity 11951K, committed 12072K, reserved 1048576K
}
Event: 35.072 GC heap before
{Heap before GC invocations=21 (full 0):
 garbage-first heap   total 196608K, used 154105K [0x0000000080000000, 0x0000000100000000)
  region size 1024K, 75 young (76800K), 6 survivors (6144K)
 Metaspace       used 88835K, capacity 91083K, committed 91196K, reserved 1128448K
  class space    used 11458K, capacity 12240K, committed 12328K, reserved 1048576K
}
Event: 35.092 GC heap after
{Heap after GC invocations=22 (full 0):
 garbage-first heap   total 196608K, used 86797K [0x0000000080000000, 0x0000000100000000)
  region size 1024K, 3 young (3072K), 3 survivors (3072K)
 Metaspace       used 88835K, capacity 91083K, committed 91196K, reserved 1128448K
  class space    used 11458K, capacity 12240K, committed 12328K, reserved 1048576K
}
Event: 41.861 GC heap before
{Heap before GC invocations=22 (full 0):
 garbage-first heap   total 196608K, used 156429K [0x0000000080000000, 0x0000000100000000)
  region size 1024K, 72 young (73728K), 3 survivors (3072K)
 Metaspace       used 91617K, capacity 93943K, committed 94140K, reserved 1130496K
  class space    used 11772K, capacity 12601K, committed 12712K, reserved 1048576K
}
Event: 41.892 GC heap after
{Heap after GC invocations=23 (full 0):
 garbage-first heap   total 196608K, used 95779K [0x0000000080000000, 0x0000000100000000)
  region size 1024K, 9 young (9216K), 9 survivors (9216K)
 Metaspace       used 91617K, capacity 93943K, committed 94140K, reserved 1130496K
  class space    used 11772K, capacity 12601K, committed 12712K, reserved 1048576K
}
Event: 43.837 GC heap before
{Heap before GC invocations=23 (full 0):
 garbage-first heap   total 196608K, used 156195K [0x0000000080000000, 0x0000000100000000)
  region size 1024K, 69 young (70656K), 9 survivors (9216K)
 Metaspace       used 93049K, capacity 95302K, committed 95548K, reserved 1132544K
  class space    used 11945K, capacity 12753K, committed 12840K, reserved 1048576K
}
Event: 43.862 GC heap after
{Heap after GC invocations=24 (full 0):
 garbage-first heap   total 196608K, used 99264K [0x0000000080000000, 0x0000000100000000)
  region size 1024K, 4 young (4096K), 4 survivors (4096K)
 Metaspace       used 93049K, capacity 95302K, committed 95548K, reserved 1132544K
  class space    used 11945K, capacity 12753K, committed 12840K, reserved 1048576K
}
Event: 48.743 GC heap before
{Heap before GC invocations=24 (full 0):
 garbage-first heap   total 196608K, used 150464K [0x0000000080000000, 0x0000000100000000)
  region size 1024K, 56 young (57344K), 4 survivors (4096K)
 Metaspace       used 99859K, capacity 102449K, committed 102588K, reserved 1138688K
  class space    used 12787K, capacity 13666K, committed 13736K, reserved 1048576K
}
Event: 48.794 GC heap after
{Heap after GC invocations=25 (full 0):
 garbage-first heap   total 196608K, used 104368K [0x0000000080000000, 0x0000000100000000)
  region size 1024K, 8 young (8192K), 8 survivors (8192K)
 Metaspace       used 99859K, capacity 102449K, committed 102588K, reserved 1138688K
  class space    used 12787K, capacity 13666K, committed 13736K, reserved 1048576K
}

Deoptimization events (20 events):
Event: 52.132 Thread 0x00000206ade41000 Uncommon trap: trap_request=0xffffffc6 fr.pc=0x00000206991b0a08 relative=0x00000000000002a8
Event: 52.132 Thread 0x00000206ade41000 Uncommon trap: reason=bimorphic_or_optimized_type_check action=maybe_recompile pc=0x00000206991b0a08 method=java.util.stream.ReduceOps$ReduceOp.evaluateSequential(Ljava/util/stream/PipelineHelper;Ljava/util/Spliterator;)Ljava/lang/Object; @ 2 c2
Event: 52.132 Thread 0x00000206ade41000 DEOPT PACKING pc=0x00000206991b0a08 sp=0x000000f37c7f8ff0
Event: 52.132 Thread 0x00000206ade41000 DEOPT UNPACKING pc=0x000002069106a1af sp=0x000000f37c7f8f70 mode 2
Event: 52.132 Thread 0x00000206ade41000 Uncommon trap: trap_request=0xffffffc6 fr.pc=0x00000206991b0a08 relative=0x00000000000002a8
Event: 52.132 Thread 0x00000206ade41000 Uncommon trap: reason=bimorphic_or_optimized_type_check action=maybe_recompile pc=0x00000206991b0a08 method=java.util.stream.ReduceOps$ReduceOp.evaluateSequential(Ljava/util/stream/PipelineHelper;Ljava/util/Spliterator;)Ljava/lang/Object; @ 2 c2
Event: 52.132 Thread 0x00000206ade41000 DEOPT PACKING pc=0x00000206991b0a08 sp=0x000000f37c7f8ff0
Event: 52.132 Thread 0x00000206ade41000 DEOPT UNPACKING pc=0x000002069106a1af sp=0x000000f37c7f8f70 mode 2
Event: 52.132 Thread 0x00000206ade41000 Uncommon trap: trap_request=0xffffffc6 fr.pc=0x00000206991b0a08 relative=0x00000000000002a8
Event: 52.132 Thread 0x00000206ade41000 Uncommon trap: reason=bimorphic_or_optimized_type_check action=maybe_recompile pc=0x00000206991b0a08 method=java.util.stream.ReduceOps$ReduceOp.evaluateSequential(Ljava/util/stream/PipelineHelper;Ljava/util/Spliterator;)Ljava/lang/Object; @ 2 c2
Event: 52.132 Thread 0x00000206ade41000 DEOPT PACKING pc=0x00000206991b0a08 sp=0x000000f37c7f8ff0
Event: 52.132 Thread 0x00000206ade41000 DEOPT UNPACKING pc=0x000002069106a1af sp=0x000000f37c7f8f70 mode 2
Event: 52.133 Thread 0x00000206ade41000 Uncommon trap: trap_request=0xffffffc6 fr.pc=0x00000206991b0a08 relative=0x00000000000002a8
Event: 52.133 Thread 0x00000206ade41000 Uncommon trap: reason=bimorphic_or_optimized_type_check action=maybe_recompile pc=0x00000206991b0a08 method=java.util.stream.ReduceOps$ReduceOp.evaluateSequential(Ljava/util/stream/PipelineHelper;Ljava/util/Spliterator;)Ljava/lang/Object; @ 2 c2
Event: 52.133 Thread 0x00000206ade41000 DEOPT PACKING pc=0x00000206991b0a08 sp=0x000000f37c7f8ff0
Event: 52.133 Thread 0x00000206ade41000 DEOPT UNPACKING pc=0x000002069106a1af sp=0x000000f37c7f8f70 mode 2
Event: 52.136 Thread 0x00000206ade41000 Uncommon trap: trap_request=0xffffff4d fr.pc=0x00000206992cccb4 relative=0x0000000000000174
Event: 52.136 Thread 0x00000206ade41000 Uncommon trap: reason=unstable_if action=reinterpret pc=0x00000206992cccb4 method=com.sun.tools.javac.file.BaseFileManager.getKind(Ljava/lang/String;)Ljavax/tools/JavaFileObject$Kind; @ 10 c2
Event: 52.136 Thread 0x00000206ade41000 DEOPT PACKING pc=0x00000206992cccb4 sp=0x000000f37c7f95b0
Event: 52.136 Thread 0x00000206ade41000 DEOPT UNPACKING pc=0x000002069106a1af sp=0x000000f37c7f9558 mode 2

Classes redefined (0 events):
No events

Internal exceptions (20 events):
Event: 52.011 Thread 0x00000206ade41000 Exception <a 'sun/nio/fs/WindowsException'{0x0000000089e20a90}> (0x0000000089e20a90) thrown at [./src/hotspot/share/prims/jni.cpp, line 615]
Event: 52.012 Thread 0x00000206ade41000 Exception <a 'sun/nio/fs/WindowsException'{0x0000000089e20bd0}> (0x0000000089e20bd0) thrown at [./src/hotspot/share/prims/jni.cpp, line 615]
Event: 52.013 Thread 0x00000206ade41000 Exception <a 'sun/nio/fs/WindowsException'{0x0000000089e245d8}> (0x0000000089e245d8) thrown at [./src/hotspot/share/prims/jni.cpp, line 615]
Event: 52.013 Thread 0x00000206ade41000 Exception <a 'sun/nio/fs/WindowsException'{0x0000000089e24728}> (0x0000000089e24728) thrown at [./src/hotspot/share/prims/jni.cpp, line 615]
Event: 52.014 Thread 0x00000206ade41000 Exception <a 'sun/nio/fs/WindowsException'{0x0000000089e2b130}> (0x0000000089e2b130) thrown at [./src/hotspot/share/prims/jni.cpp, line 615]
Event: 52.015 Thread 0x00000206ade41000 Exception <a 'sun/nio/fs/WindowsException'{0x0000000089e2b280}> (0x0000000089e2b280) thrown at [./src/hotspot/share/prims/jni.cpp, line 615]
Event: 52.019 Thread 0x00000206ade41000 Exception <a 'sun/nio/fs/WindowsException'{0x0000000089e7c2f0}> (0x0000000089e7c2f0) thrown at [./src/hotspot/share/prims/jni.cpp, line 615]
Event: 52.020 Thread 0x00000206ade41000 Exception <a 'sun/nio/fs/WindowsException'{0x0000000089e7c438}> (0x0000000089e7c438) thrown at [./src/hotspot/share/prims/jni.cpp, line 615]
Event: 52.022 Thread 0x00000206ade41000 Exception <a 'sun/nio/fs/WindowsException'{0x0000000089eb8ba0}> (0x0000000089eb8ba0) thrown at [./src/hotspot/share/prims/jni.cpp, line 615]
Event: 52.023 Thread 0x00000206ade41000 Exception <a 'sun/nio/fs/WindowsException'{0x0000000089eb8ce8}> (0x0000000089eb8ce8) thrown at [./src/hotspot/share/prims/jni.cpp, line 615]
Event: 52.024 Thread 0x00000206ade41000 Exception <a 'sun/nio/fs/WindowsException'{0x0000000089ed9660}> (0x0000000089ed9660) thrown at [./src/hotspot/share/prims/jni.cpp, line 615]
Event: 52.025 Thread 0x00000206ade41000 Exception <a 'sun/nio/fs/WindowsException'{0x0000000089ed97a8}> (0x0000000089ed97a8) thrown at [./src/hotspot/share/prims/jni.cpp, line 615]
Event: 52.074 Thread 0x00000206ade41000 Exception <a 'sun/nio/fs/WindowsException'{0x0000000089c4a3d8}> (0x0000000089c4a3d8) thrown at [./src/hotspot/share/prims/jni.cpp, line 615]
Event: 52.074 Thread 0x00000206ade41000 Exception <a 'sun/nio/fs/WindowsException'{0x0000000089c4a528}> (0x0000000089c4a528) thrown at [./src/hotspot/share/prims/jni.cpp, line 615]
Event: 52.079 Thread 0x00000206ade41000 Exception <a 'sun/nio/fs/WindowsException'{0x0000000089c78290}> (0x0000000089c78290) thrown at [./src/hotspot/share/prims/jni.cpp, line 615]
Event: 52.079 Thread 0x00000206ade41000 Exception <a 'sun/nio/fs/WindowsException'{0x0000000089c78408}> (0x0000000089c78408) thrown at [./src/hotspot/share/prims/jni.cpp, line 615]
Event: 52.096 Thread 0x00000206ade41000 Exception <a 'sun/nio/fs/WindowsException'{0x0000000089b5ad10}> (0x0000000089b5ad10) thrown at [./src/hotspot/share/prims/jni.cpp, line 615]
Event: 52.097 Thread 0x00000206ade41000 Exception <a 'sun/nio/fs/WindowsException'{0x0000000089b5ae70}> (0x0000000089b5ae70) thrown at [./src/hotspot/share/prims/jni.cpp, line 615]
Event: 52.109 Thread 0x00000206ade41000 Exception <a 'sun/nio/fs/WindowsException'{0x0000000089bb4f50}> (0x0000000089bb4f50) thrown at [./src/hotspot/share/prims/jni.cpp, line 615]
Event: 52.109 Thread 0x00000206ade41000 Exception <a 'sun/nio/fs/WindowsException'{0x0000000089bb50a8}> (0x0000000089bb50a8) thrown at [./src/hotspot/share/prims/jni.cpp, line 615]

Events (20 events):
Event: 52.150 loading class org/gradle/api/internal/tasks/compile/processing/IncrementalProcessingEnvironment
Event: 52.150 loading class org/gradle/api/internal/tasks/compile/processing/IncrementalProcessingEnvironment done
Event: 52.151 loading class com/bumptech/glide/annotation/compiler/ProcessorUtil
Event: 52.151 loading class com/bumptech/glide/annotation/compiler/ProcessorUtil done
Event: 52.154 loading class com/bumptech/glide/repackaged/com/google/common/base/Predicate
Event: 52.154 loading class com/bumptech/glide/repackaged/com/google/common/base/Predicate done
Event: 52.155 loading class com/bumptech/glide/repackaged/com/google/common/base/Function
Event: 52.155 loading class com/bumptech/glide/repackaged/com/google/common/base/Function done
Event: 52.155 loading class com/bumptech/glide/repackaged/com/squareup/javapoet/TypeName
Event: 52.155 loading class com/bumptech/glide/repackaged/com/squareup/javapoet/TypeName done
Event: 52.156 loading class com/bumptech/glide/repackaged/com/squareup/javapoet/ClassName
Event: 52.156 loading class com/bumptech/glide/repackaged/com/squareup/javapoet/ClassName done
Event: 52.158 loading class com/bumptech/glide/repackaged/com/squareup/javapoet/ArrayTypeName
Event: 52.158 loading class com/bumptech/glide/repackaged/com/squareup/javapoet/ArrayTypeName done
Event: 52.159 loading class com/bumptech/glide/repackaged/com/squareup/javapoet/ParameterizedTypeName
Event: 52.159 loading class com/bumptech/glide/repackaged/com/squareup/javapoet/ParameterizedTypeName done
Event: 52.160 loading class com/bumptech/glide/repackaged/com/squareup/javapoet/TypeVariableName
Event: 52.160 loading class com/bumptech/glide/repackaged/com/squareup/javapoet/TypeVariableName done
Event: 52.163 loading class com/bumptech/glide/repackaged/com/squareup/javapoet/Util
Event: 52.163 loading class com/bumptech/glide/repackaged/com/squareup/javapoet/Util done


Dynamic libraries:
0x00007ff7299f0000 - 0x00007ff7299fa000 	C:\Program Files\Android\Android Studio1\jre\bin\java.exe
0x00007ffcb01e0000 - 0x00007ffcb03d0000 	C:\Windows\SYSTEM32\ntdll.dll
0x00007ffcaf3c0000 - 0x00007ffcaf472000 	C:\Windows\System32\KERNEL32.DLL
0x00007ffcadef0000 - 0x00007ffcae195000 	C:\Windows\System32\KERNELBASE.dll
0x00007ffcad330000 - 0x00007ffcad42a000 	C:\Windows\System32\ucrtbase.dll
0x00007ffca5010000 - 0x00007ffca5029000 	C:\Program Files\Android\Android Studio1\jre\bin\jli.dll
0x00007ffcae290000 - 0x00007ffcae424000 	C:\Windows\System32\USER32.dll
0x00007ffcae260000 - 0x00007ffcae281000 	C:\Windows\System32\win32u.dll
0x00007ffcaf040000 - 0x00007ffcaf066000 	C:\Windows\System32\GDI32.dll
0x00007ffcadd50000 - 0x00007ffcadee8000 	C:\Windows\System32\gdi32full.dll
0x00007ffcae1c0000 - 0x00007ffcae25e000 	C:\Windows\System32\msvcp_win.dll
0x00007ffc9b020000 - 0x00007ffc9b037000 	C:\Program Files\Android\Android Studio1\jre\bin\VCRUNTIME140.dll
0x00007ffc9a9c0000 - 0x00007ffc9ac44000 	C:\Windows\WinSxS\amd64_microsoft.windows.common-controls_6595b64144ccf1df_6.0.18362.1316_none_9e7a364fe461dbd7\COMCTL32.dll
0x00007ffcaed50000 - 0x00007ffcaedee000 	C:\Windows\System32\msvcrt.dll
0x00007ffcafe00000 - 0x00007ffcb0137000 	C:\Windows\System32\combase.dll
0x00007ffcaeec0000 - 0x00007ffcaefdf000 	C:\Windows\System32\RPCRT4.dll
0x00007ffcadcc0000 - 0x00007ffcadd41000 	C:\Windows\System32\bcryptPrimitives.dll
0x00007ffcaf480000 - 0x00007ffcaf4ae000 	C:\Windows\System32\IMM32.DLL
0x00007ffc96ed0000 - 0x00007ffc96f6d000 	C:\Program Files\Android\Android Studio1\jre\bin\msvcp140.dll
0x00007ffc5ece0000 - 0x00007ffc5f7c5000 	C:\Program Files\Android\Android Studio1\jre\bin\server\jvm.dll
0x00007ffcae580000 - 0x00007ffcae623000 	C:\Windows\System32\ADVAPI32.dll
0x00007ffcafd60000 - 0x00007ffcafdf7000 	C:\Windows\System32\sechost.dll
0x00007ffcaed20000 - 0x00007ffcaed28000 	C:\Windows\System32\PSAPI.DLL
0x00007ffc8c790000 - 0x00007ffc8c799000 	C:\Windows\SYSTEM32\WSOCK32.dll
0x00007ffcaf4b0000 - 0x00007ffcaf51f000 	C:\Windows\System32\WS2_32.dll
0x00007ffcaaf10000 - 0x00007ffcaaf34000 	C:\Windows\SYSTEM32\WINMM.dll
0x00007ffc9e230000 - 0x00007ffc9e23a000 	C:\Windows\SYSTEM32\VERSION.dll
0x00007ffcaaee0000 - 0x00007ffcaaf0d000 	C:\Windows\SYSTEM32\winmmbase.dll
0x00007ffcad160000 - 0x00007ffcad1aa000 	C:\Windows\System32\cfgmgr32.dll
0x00007ffcad110000 - 0x00007ffcad121000 	C:\Windows\System32\kernel.appcore.dll
0x00007ffca4d80000 - 0x00007ffca4d91000 	C:\Program Files\Android\Android Studio1\jre\bin\verify.dll
0x00007ffc9ac80000 - 0x00007ffc9ae74000 	C:\Windows\SYSTEM32\DBGHELP.DLL
0x00007ffc9ac50000 - 0x00007ffc9ac7a000 	C:\Windows\SYSTEM32\dbgcore.DLL
0x00007ffc9c840000 - 0x00007ffc9c869000 	C:\Program Files\Android\Android Studio1\jre\bin\java.dll
0x00007ffca5350000 - 0x00007ffca535b000 	C:\Program Files\Android\Android Studio1\jre\bin\jimage.dll
0x00007ffc9c780000 - 0x00007ffc9c798000 	C:\Program Files\Android\Android Studio1\jre\bin\zip.dll
0x00007ffcae630000 - 0x00007ffcaed18000 	C:\Windows\System32\SHELL32.dll
0x00007ffcafad0000 - 0x00007ffcafb77000 	C:\Windows\System32\shcore.dll
0x00007ffcad540000 - 0x00007ffcadcbb000 	C:\Windows\System32\windows.storage.dll
0x00007ffcad130000 - 0x00007ffcad153000 	C:\Windows\System32\profapi.dll
0x00007ffcad0c0000 - 0x00007ffcad10a000 	C:\Windows\System32\powrprof.dll
0x00007ffcad090000 - 0x00007ffcad0a0000 	C:\Windows\System32\UMPDC.dll
0x00007ffcaf130000 - 0x00007ffcaf182000 	C:\Windows\System32\shlwapi.dll
0x00007ffcae1a0000 - 0x00007ffcae1b7000 	C:\Windows\System32\cryptsp.dll
0x00007ffc9be30000 - 0x00007ffc9be4a000 	C:\Program Files\Android\Android Studio1\jre\bin\net.dll
0x00007ffca09d0000 - 0x00007ffca0ac0000 	C:\Windows\SYSTEM32\WINHTTP.dll
0x00007ffcac870000 - 0x00007ffcac8d7000 	C:\Windows\system32\mswsock.dll
0x00007ffc9b650000 - 0x00007ffc9b664000 	C:\Program Files\Android\Android Studio1\jre\bin\nio.dll
0x00007ffc9c750000 - 0x00007ffc9c777000 	C:\Users\admin\.gradle\native\e1d6ef7f7dcc3fd88c89a11ec53ec762bb8ba0a96d01ffa2cd45eb1d1d8dd5c5\windows-amd64\native-platform.dll
0x00007ffc92c90000 - 0x00007ffc92dd4000 	C:\Users\admin\.gradle\native\5664cfc778a61ccfe75a443a1ab52a65af34e5dc3c78e0209fed803814484fcb\windows-amd64\native-platform-file-events.dll
0x00007ffca4e40000 - 0x00007ffca4e4a000 	C:\Program Files\Android\Android Studio1\jre\bin\management.dll
0x00007ffca4d70000 - 0x00007ffca4d7d000 	C:\Program Files\Android\Android Studio1\jre\bin\management_ext.dll
0x00007ffcac3f0000 - 0x00007ffcac423000 	C:\Windows\system32\rsaenh.dll
0x00007ffcad1b0000 - 0x00007ffcad1d6000 	C:\Windows\System32\bcrypt.dll
0x00007ffcacf70000 - 0x00007ffcacf95000 	C:\Windows\SYSTEM32\USERENV.dll
0x00007ffcaca40000 - 0x00007ffcaca4c000 	C:\Windows\SYSTEM32\CRYPTBASE.dll
0x00007ffcac580000 - 0x00007ffcac5ba000 	C:\Windows\SYSTEM32\IPHLPAPI.DLL
0x00007ffcae430000 - 0x00007ffcae438000 	C:\Windows\System32\NSI.dll
0x00007ffc9fff0000 - 0x00007ffca0006000 	C:\Windows\SYSTEM32\dhcpcsvc6.DLL
0x00007ffca0710000 - 0x00007ffca072c000 	C:\Windows\SYSTEM32\dhcpcsvc.DLL
0x00007ffcac5c0000 - 0x00007ffcac68b000 	C:\Windows\SYSTEM32\DNSAPI.dll

dbghelp: loaded successfully - version: 4.0.5 - missing functions: none
symbol engine: initialized successfully - sym options: 0x614 - pdb path: .;C:\Program Files\Android\Android Studio1\jre\bin;C:\Windows\SYSTEM32;C:\Windows\WinSxS\amd64_microsoft.windows.common-controls_6595b64144ccf1df_6.0.18362.1316_none_9e7a364fe461dbd7;C:\Program Files\Android\Android Studio1\jre\bin\server;C:\Users\admin\.gradle\native\e1d6ef7f7dcc3fd88c89a11ec53ec762bb8ba0a96d01ffa2cd45eb1d1d8dd5c5\windows-amd64;C:\Users\admin\.gradle\native\5664cfc778a61ccfe75a443a1ab52a65af34e5dc3c78e0209fed803814484fcb\windows-amd64

VM Arguments:
jvm_args: --add-opens=java.base/java.util=ALL-UNNAMED --add-opens=java.base/java.lang=ALL-UNNAMED --add-opens=java.base/java.lang.invoke=ALL-UNNAMED --add-opens=java.base/java.util=ALL-UNNAMED --add-opens=java.prefs/java.util.prefs=ALL-UNNAMED --add-opens=java.prefs/java.util.prefs=ALL-UNNAMED --add-opens=java.base/java.nio.charset=ALL-UNNAMED --add-opens=java.base/java.net=ALL-UNNAMED --add-opens=java.base/java.util.concurrent.atomic=ALL-UNNAMED -Xmx2048m -Dfile.encoding=UTF-8 -Duser.country=KR -Duser.language=ko -Duser.variant 
java_command: org.gradle.launcher.daemon.bootstrap.GradleDaemon 7.3.3
java_class_path (initial): C:\Users\admin\.gradle\wrapper\dists\gradle-7.3.3-bin\6a41zxkdtcxs8rphpq6y0069z\gradle-7.3.3\lib\gradle-launcher-7.3.3.jar
Launcher Type: SUN_STANDARD

[Global flags]
     intx CICompilerCount                          = 3                                         {product} {ergonomic}
     uint ConcGCThreads                            = 1                                         {product} {ergonomic}
     uint G1ConcRefinementThreads                  = 4                                         {product} {ergonomic}
   size_t G1HeapRegionSize                         = 1048576                                   {product} {ergonomic}
    uintx GCDrainStackTargetSize                   = 64                                        {product} {ergonomic}
   size_t InitialHeapSize                          = 201326592                                 {product} {ergonomic}
   size_t MarkStackSize                            = 4194304                                   {product} {ergonomic}
   size_t MaxHeapSize                              = 2147483648                                {product} {command line}
   size_t MaxNewSize                               = 1287651328                                {product} {ergonomic}
   size_t MinHeapDeltaBytes                        = 1048576                                   {product} {ergonomic}
    uintx NonNMethodCodeHeapSize                   = 5830732                                {pd product} {ergonomic}
    uintx NonProfiledCodeHeapSize                  = 122913754                              {pd product} {ergonomic}
    uintx ProfiledCodeHeapSize                     = 122913754                              {pd product} {ergonomic}
    uintx ReservedCodeCacheSize                    = 251658240                              {pd product} {ergonomic}
     bool SegmentedCodeCache                       = true                                      {product} {ergonomic}
     bool UseCompressedClassPointers               = true                                 {lp64_product} {ergonomic}
     bool UseCompressedOops                        = true                                 {lp64_product} {ergonomic}
     bool UseG1GC                                  = true                                      {product} {ergonomic}
     bool UseLargePagesIndividualAllocation        = false                                  {pd product} {ergonomic}

Logging:
Log output configuration:
 #0: stdout all=warning uptime,level,tags
 #1: stderr all=off uptime,level,tags

Environment Variables:
JAVA_HOME=C:\Program Files\Java\jdk-15.0.2
PATH=C:\app\admin\product\21c\dbhomeXE\bin;C:\Program Files\Common Files\Oracle\Java\javapath;C:\Program Files\AdoptOpenJDK\jdk-8.0.282.8-hotspot\bin;C:\Windows\system32;C:\Windows;C:\Windows\System32\Wbem;C:\Windows\System32\WindowsPowerShell\v1.0\;C:\Windows\System32\OpenSSH\;C:\Program Files\dotnet\;C:\Program Files\Microsoft SQL Server\130\Tools\Binn\;C:\Program Files\MySQL\MySQL Server 8.0\bin;C:\Program Files\Git LFS;C:\Program Files\Git\cmd;C:\Users\admin\AppData\Local\Microsoft\WindowsApps;C:\Program Files\Java\jdk-14.0.2\bin;C:\Users\admin\AppData\Local\Programs\Microsoft VS Code\bin;C:\Program Files\Bandizip\
USERNAME=admin
OS=Windows_NT
PROCESSOR_IDENTIFIER=Intel64 Family 6 Model 78 Stepping 3, GenuineIntel



---------------  S Y S T E M  ---------------

OS: Windows 10 , 64 bit Build 18362 (10.0.18362.1316)
OS uptime: 7 days 19:49 hours

CPU:total 4 (initial active 4) (2 cores per cpu, 2 threads per core) family 6 model 78 stepping 3 microcode 0xd6, cmov, cx8, fxsr, mmx, sse, sse2, sse3, ssse3, sse4.1, sse4.2, popcnt, avx, avx2, aes, clmul, erms, rtm, 3dnowpref, lzcnt, ht, tsc, tscinvbit, bmi1, bmi2, adx, fma

Memory: 4k page, system-wide physical 12161M (2305M free)
TotalPageFile size 13553M (AvailPageFile size 4M)
current process WorkingSet (physical memory assigned to process): 470M, peak: 478M
current process commit charge ("private bytes"): 501M, peak: 509M

vm_info: OpenJDK 64-Bit Server VM (11.0.12+7-b1504.28-7817840) for windows-amd64 JRE (11.0.12+7-b1504.28-7817840), built on Oct 13 2021 22:12:33 by "builder" with MS VC++ 14.0 (VS2015)

END.
